1634245709594	geckodriver	INFO	Listening on 127.0.0.1:65449
1634245712639	mozrunner::runner	INFO	Running command: "C:\\Program Files\\Mozilla Firefox\\firefox.exe" "--marionette" "--headless" "-no-remote" "-profile" "C:\\Users\\6376~1.()\\AppData\\Local\\Temp\\rust_mozprofileOF2OEW"
*** You are running in headless mode.
1634245717161	Marionette	INFO	Marionette enabled
[GFX1-]: RenderCompositorSWGL failed mapping default framebuffer, no dt
console.warn: SearchSettings: "get: No settings file exists, new profile?" (new NotFoundError("Could not open the file at C:\\Users\\\u041A.\u0411\u043E\u044F\u0440 (\u0412\u0442\u043E\u0440\u043E\u0439)\\AppData\\Local\\Temp\\rust_mozprofileOF2OEW\\search.json.mozlz4", (void 0)))
1634245723915	Marionette	INFO	Listening on port 65457
1634245726140	RemoteAgent	WARN	TLS certificate errors will be ignored for this session
JavaScript warning: https://www.googletagmanager.com/gtm.js?id=GTM-N4LDSTX, line 286: unreachable code after return statement
JavaScript warning: https://www.googletagmanager.com/gtm.js?id=GTM-N4LDSTX, line 286: unreachable code after return statement
JavaScript warning: https://www.googletagmanager.com/gtm.js?id=GTM-N4LDSTX, line 286: unreachable code after return statement
JavaScript warning: https://www.googletagmanager.com/gtm.js?id=GTM-N4LDSTX, line 286: unreachable code after return statement
JavaScript warning: https://www.googletagmanager.com/gtm.js?id=GTM-N4LDSTX, line 286: unreachable code after return statement
JavaScript warning: https://www.googletagmanager.com/gtm.js?id=GTM-N4LDSTX, line 286: unreachable code after return statement
JavaScript warning: https://www.googletagmanager.com/gtm.js?id=GTM-N4LDSTX, line 286: unreachable code after return statement
JavaScript warning: https://www.googletagmanager.com/gtm.js?id=GTM-N4LDSTX, line 286: unreachable code after return statement
JavaScript warning: https://www.googletagmanager.com/gtm.js?id=GTM-N4LDSTX, line 286: unreachable code after return statement
JavaScript warning: https://www.googletagmanager.com/gtm.js?id=GTM-N4LDSTX, line 286: unreachable code after return statement
JavaScript warning: https://www.googletagmanager.com/gtm.js?id=GTM-N4LDSTX, line 286: unreachable code after return statement
JavaScript warning: https://www.googletagmanager.com/gtm.js?id=GTM-N4LDSTX, line 286: unreachable code after return statement
JavaScript warning: https://www.googletagmanager.com/gtm.js?id=GTM-N4LDSTX, line 286: unreachable code after return statement
JavaScript warning: https://www.googletagmanager.com/gtm.js?id=GTM-N4LDSTX, line 286: unreachable code after return statement
JavaScript warning: https://www.googletagmanager.com/gtm.js?id=GTM-N4LDSTX, line 286: unreachable code after return statement
JavaScript warning: https://www.googletagmanager.com/gtm.js?id=GTM-N4LDSTX, line 286: unreachable code after return statement
JavaScript warning: https://www.googletagmanager.com/gtm.js?id=GTM-N4LDSTX, line 286: unreachable code after return statement
JavaScript warning: https://www.googletagmanager.com/gtm.js?id=GTM-N4LDSTX, line 286: unreachable code after return statement
JavaScript warning: https://www.googletagmanager.com/gtm.js?id=GTM-N4LDSTX, line 286: unreachable code after return statement
JavaScript warning: https://www.googletagmanager.com/gtm.js?id=GTM-N4LDSTX, line 286: unreachable code after return statement
JavaScript warning: https://www.googletagmanager.com/gtm.js?id=GTM-N4LDSTX, line 286: unreachable code after return statement
JavaScript warning: https://www.googletagmanager.com/gtm.js?id=GTM-N4LDSTX, line 286: unreachable code after return statement
JavaScript warning: https://www.googletagmanager.com/gtm.js?id=GTM-N4LDSTX, line 286: unreachable code after return statement
JavaScript warning: https://www.googletagmanager.com/gtm.js?id=GTM-N4LDSTX, line 286: unreachable code after return statement
JavaScript warning: https://www.googletagmanager.com/gtm.js?id=GTM-N4LDSTX, line 286: unreachable code after return statement
JavaScript warning: https://www.googletagmanager.com/gtm.js?id=GTM-N4LDSTX, line 286: unreachable code after return statement
1634245823522	Marionette	INFO	Stopped listening on port 65457
JavaScript error: resource:///modules/Interactions.jsm, line 201: NS_ERROR_FAILURE: Component returned failure code: 0x80004005 (NS_ERROR_FAILURE) [nsIUserIdleService.removeIdleObserver]
[Parent 9748, IPC I/O Parent] WARNING: file /builds/worker/checkouts/gecko/ipc/chromium/src/base/process_util_win.cc:167

###!!! [Parent][RunMessage] Error: Channel closing: too late to send/recv, messages will be lost

1634837765506	geckodriver	INFO	Listening on 127.0.0.1:57577
1634837768557	mozrunner::runner	INFO	Running command: "C:\\Program Files\\Mozilla Firefox\\firefox.exe" "--marionette" "--headless" "-no-remote" "-profile" "C:\\Users\\6376~1.()\\AppData\\Local\\Temp\\rust_mozprofileTfScEY"
*** You are running in headless mode.
1634837775489	Marionette	INFO	Marionette enabled
[GFX1-]: RenderCompositorSWGL failed mapping default framebuffer, no dt
console.warn: SearchSettings: "get: No settings file exists, new profile?" (new NotFoundError("Could not open the file at C:\\Users\\\u041A.\u0411\u043E\u044F\u0440 (\u0412\u0442\u043E\u0440\u043E\u0439)\\AppData\\Local\\Temp\\rust_mozprofileTfScEY\\search.json.mozlz4", (void 0)))
1634837791353	Marionette	INFO	Listening on port 61001
1634837791748	RemoteAgent	WARN	TLS certificate errors will be ignored for this session
JavaScript warning: https://www.googletagmanager.com/gtm.js?id=GTM-N4LDSTX, line 293: unreachable code after return statement
JavaScript warning: https://www.googletagmanager.com/gtm.js?id=GTM-N4LDSTX, line 293: unreachable code after return statement
[Child 7648, MediaDecoderStateMachine #1] WARNING: 2ae795bd9e0 Could not set cubeb stream name.: file /builds/worker/checkouts/gecko/dom/media/AudioStream.cpp:367
[Child 7648, MediaDecoderStateMachine #1] WARNING: 2ae74150e40 Could not set cubeb stream name.: file /builds/worker/checkouts/gecko/dom/media/AudioStream.cpp:367
[Child 7648, MediaDecoderStateMachine #1] WARNING: 2ae74150e40 Could not set cubeb stream name.: file /builds/worker/checkouts/gecko/dom/media/AudioStream.cpp:367
[Child 7648, MediaDecoderStateMachine #1] WARNING: 2ae74150e40 Could not set cubeb stream name.: file /builds/worker/checkouts/gecko/dom/media/AudioStream.cpp:367
[Child 7648, MediaDecoderStateMachine #1] WARNING: 2ae74150900 Could not set cubeb stream name.: file /builds/worker/checkouts/gecko/dom/media/AudioStream.cpp:367
[Child 7648, MediaDecoderStateMachine #1] WARNING: 2ae74150900 Could not set cubeb stream name.: file /builds/worker/checkouts/gecko/dom/media/AudioStream.cpp:367
[Child 7648, MediaDecoderStateMachine #1] WARNING: 2ae74150900 Could not set cubeb stream name.: file /builds/worker/checkouts/gecko/dom/media/AudioStream.cpp:367
[Child 7648, MediaDecoderStateMachine #1] WARNING: 2ae74150900 Could not set cubeb stream name.: file /builds/worker/checkouts/gecko/dom/media/AudioStream.cpp:367
[Child 7648, MediaDecoderStateMachine #1] WARNING: 2ae74150900 Could not set cubeb stream name.: file /builds/worker/checkouts/gecko/dom/media/AudioStream.cpp:367
[Child 7648, MediaDecoderStateMachine #1] WARNING: 2ae74150900 Could not set cubeb stream name.: file /builds/worker/checkouts/gecko/dom/media/AudioStream.cpp:367
[Child 7648, MediaDecoderStateMachine #1] WARNING: 2ae75b37ac0 Could not set cubeb stream name.: file /builds/worker/checkouts/gecko/dom/media/AudioStream.cpp:367
[Child 7648, MediaDecoderStateMachine #1] WARNING: 2ae75b37ac0 Could not set cubeb stream name.: file /builds/worker/checkouts/gecko/dom/media/AudioStream.cpp:367
[Child 7648, MediaDecoderStateMachine #1] WARNING: 2ae75b37580 Could not set cubeb stream name.: file /builds/worker/checkouts/gecko/dom/media/AudioStream.cpp:367
[Child 7648, MediaDecoderStateMachine #1] WARNING: 2ae75b37580 Could not set cubeb stream name.: file /builds/worker/checkouts/gecko/dom/media/AudioStream.cpp:367
[Child 7648, MediaDecoderStateMachine #1] WARNING: 2ae75b373c0 Could not set cubeb stream name.: file /builds/worker/checkouts/gecko/dom/media/AudioStream.cpp:367
[Child 7648, MediaDecoderStateMachine #1] WARNING: 2ae74150e40 Could not set cubeb stream name.: file /builds/worker/checkouts/gecko/dom/media/AudioStream.cpp:367
[Child 7648, MediaDecoderStateMachine #1] WARNING: 2ae74150e40 Could not set cubeb stream name.: file /builds/worker/checkouts/gecko/dom/media/AudioStream.cpp:367
[Child 7648, MediaDecoderStateMachine #1] WARNING: 2ae74150e40 Could not set cubeb stream name.: file /builds/worker/checkouts/gecko/dom/media/AudioStream.cpp:367
[Child 7648, MediaDecoderStateMachine #1] WARNING: 2ae74150e40 Could not set cubeb stream name.: file /builds/worker/checkouts/gecko/dom/media/AudioStream.cpp:367
[Child 7648, MediaDecoderStateMachine #1] WARNING: 2ae74150e40 Could not set cubeb stream name.: file /builds/worker/checkouts/gecko/dom/media/AudioStream.cpp:367
1634837930209	geckodriver	INFO	Listening on 127.0.0.1:59670
1634837933269	mozrunner::runner	INFO	Running command: "C:\\Program Files\\Mozilla Firefox\\firefox.exe" "--marionette" "--headless" "-no-remote" "-profile" "C:\\Users\\6376~1.()\\AppData\\Local\\Temp\\rust_mozprofileJrAwkm"
*** You are running in headless mode.
1634837934957	Marionette	INFO	Marionette enabled
[GFX1-]: RenderCompositorSWGL failed mapping default framebuffer, no dt
console.warn: SearchSettings: "get: No settings file exists, new profile?" (new NotFoundError("Could not open the file at C:\\Users\\\u041A.\u0411\u043E\u044F\u0440 (\u0412\u0442\u043E\u0440\u043E\u0439)\\AppData\\Local\\Temp\\rust_mozprofileJrAwkm\\search.json.mozlz4", (void 0)))
1634837937840	Marionette	INFO	Listening on port 51859
1634837938166	RemoteAgent	WARN	TLS certificate errors will be ignored for this session
JavaScript warning: https://www.googletagmanager.com/gtm.js?id=GTM-N4LDSTX, line 293: unreachable code after return statement
JavaScript warning: https://www.googletagmanager.com/gtm.js?id=GTM-N4LDSTX, line 293: unreachable code after return statement
[Child 13916, MediaDecoderStateMachine #1] WARNING: 1a157ccd3c0 Could not set cubeb stream name.: file /builds/worker/checkouts/gecko/dom/media/AudioStream.cpp:367
JavaScript warning: https://www.googletagmanager.com/gtm.js?id=GTM-N4LDSTX, line 293: unreachable code after return statement
JavaScript warning: https://www.googletagmanager.com/gtm.js?id=GTM-N4LDSTX, line 293: unreachable code after return statement
JavaScript warning: https://www.googletagmanager.com/gtm.js?id=GTM-N4LDSTX, line 293: unreachable code after return statement
JavaScript warning: https://www.googletagmanager.com/gtm.js?id=GTM-N4LDSTX, line 293: unreachable code after return statement
JavaScript warning: https://www.googletagmanager.com/gtm.js?id=GTM-N4LDSTX, line 293: unreachable code after return statement
JavaScript warning: https://www.googletagmanager.com/gtm.js?id=GTM-N4LDSTX, line 293: unreachable code after return statement
JavaScript warning: https://www.googletagmanager.com/gtm.js?id=GTM-N4LDSTX, line 293: unreachable code after return statement
JavaScript warning: https://www.googletagmanager.com/gtm.js?id=GTM-N4LDSTX, line 293: unreachable code after return statement
JavaScript warning: https://www.googletagmanager.com/gtm.js?id=GTM-N4LDSTX, line 293: unreachable code after return statement
JavaScript warning: https://www.googletagmanager.com/gtm.js?id=GTM-N4LDSTX, line 293: unreachable code after return statement
JavaScript warning: https://www.googletagmanager.com/gtm.js?id=GTM-N4LDSTX, line 293: unreachable code after return statement
JavaScript warning: https://www.googletagmanager.com/gtm.js?id=GTM-N4LDSTX, line 293: unreachable code after return statement
JavaScript warning: https://www.googletagmanager.com/gtm.js?id=GTM-N4LDSTX, line 293: unreachable code after return statement
JavaScript warning: https://www.googletagmanager.com/gtm.js?id=GTM-N4LDSTX, line 293: unreachable code after return statement
JavaScript warning: https://www.googletagmanager.com/gtm.js?id=GTM-N4LDSTX, line 293: unreachable code after return statement
JavaScript warning: https://www.googletagmanager.com/gtm.js?id=GTM-N4LDSTX, line 293: unreachable code after return statement
JavaScript warning: https://www.googletagmanager.com/gtm.js?id=GTM-N4LDSTX, line 293: unreachable code after return statement
JavaScript warning: https://www.googletagmanager.com/gtm.js?id=GTM-N4LDSTX, line 293: unreachable code after return statement
JavaScript warning: https://www.googletagmanager.com/gtm.js?id=GTM-N4LDSTX, line 293: unreachable code after return statement
JavaScript warning: https://www.googletagmanager.com/gtm.js?id=GTM-N4LDSTX, line 293: unreachable code after return statement
JavaScript warning: https://www.googletagmanager.com/gtm.js?id=GTM-N4LDSTX, line 293: unreachable code after return statement
JavaScript warning: https://www.googletagmanager.com/gtm.js?id=GTM-N4LDSTX, line 293: unreachable code after return statement
JavaScript warning: https://www.googletagmanager.com/gtm.js?id=GTM-N4LDSTX, line 293: unreachable code after return statement
JavaScript warning: https://www.googletagmanager.com/gtm.js?id=GTM-N4LDSTX, line 293: unreachable code after return statement
1634838011645	Marionette	INFO	Stopped listening on port 51859
JavaScript error: resource:///modules/Interactions.jsm, line 201: NS_ERROR_FAILURE: Component returned failure code: 0x80004005 (NS_ERROR_FAILURE) [nsIUserIdleService.removeIdleObserver]

###!!! [Parent][RunMessage] Error: Channel closing: too late to send/recv, messages will be lost

1634885502904	geckodriver	INFO	Listening on 127.0.0.1:56887
1634885505851	mozrunner::runner	INFO	Running command: "C:\\Program Files\\Mozilla Firefox\\firefox.exe" "--marionette" "--headless" "-no-remote" "-profile" "C:\\Users\\6376~1.()\\AppData\\Local\\Temp\\rust_mozprofileWzyQim"
*** You are running in headless mode.
1634885507923	Marionette	INFO	Marionette enabled
[GFX1-]: RenderCompositorSWGL failed mapping default framebuffer, no dt
console.warn: SearchSettings: "get: No settings file exists, new profile?" (new NotFoundError("Could not open the file at C:\\Users\\\u041A.\u0411\u043E\u044F\u0440 (\u0412\u0442\u043E\u0440\u043E\u0439)\\AppData\\Local\\Temp\\rust_mozprofileWzyQim\\search.json.mozlz4", (void 0)))
1634885514623	Marionette	INFO	Listening on port 56895
1634885515115	RemoteAgent	WARN	TLS certificate errors will be ignored for this session
JavaScript warning: https://www.googletagmanager.com/gtm.js?id=GTM-N4LDSTX, line 293: unreachable code after return statement
JavaScript warning: https://www.googletagmanager.com/gtm.js?id=GTM-N4LDSTX, line 293: unreachable code after return statement
JavaScript warning: https://www.googletagmanager.com/gtm.js?id=GTM-N4LDSTX, line 293: unreachable code after return statement
JavaScript warning: https://www.googletagmanager.com/gtm.js?id=GTM-N4LDSTX, line 293: unreachable code after return statement
JavaScript error: https://storage.googleapis.com/workbox-cdn/releases/5.0.0/workbox-core.prod.js, line 1: Error: The open request was blocked and timed out
JavaScript warning: https://www.googletagmanager.com/gtm.js?id=GTM-N4LDSTX, line 293: unreachable code after return statement
JavaScript warning: https://www.googletagmanager.com/gtm.js?id=GTM-N4LDSTX, line 293: unreachable code after return statement
JavaScript warning: https://www.googletagmanager.com/gtm.js?id=GTM-N4LDSTX, line 293: unreachable code after return statement
JavaScript warning: https://www.googletagmanager.com/gtm.js?id=GTM-N4LDSTX, line 293: unreachable code after return statement
JavaScript warning: https://www.googletagmanager.com/gtm.js?id=GTM-N4LDSTX, line 293: unreachable code after return statement
JavaScript warning: https://www.googletagmanager.com/gtm.js?id=GTM-N4LDSTX, line 293: unreachable code after return statement
JavaScript warning: https://www.googletagmanager.com/gtm.js?id=GTM-N4LDSTX, line 293: unreachable code after return statement
JavaScript warning: https://www.googletagmanager.com/gtm.js?id=GTM-N4LDSTX, line 293: unreachable code after return statement
JavaScript warning: https://www.googletagmanager.com/gtm.js?id=GTM-N4LDSTX, line 293: unreachable code after return statement
JavaScript warning: https://www.googletagmanager.com/gtm.js?id=GTM-N4LDSTX, line 293: unreachable code after return statement
JavaScript warning: https://www.googletagmanager.com/gtm.js?id=GTM-N4LDSTX, line 293: unreachable code after return statement
JavaScript warning: https://www.googletagmanager.com/gtm.js?id=GTM-N4LDSTX, line 293: unreachable code after return statement
JavaScript warning: https://www.googletagmanager.com/gtm.js?id=GTM-N4LDSTX, line 293: unreachable code after return statement
JavaScript warning: https://www.googletagmanager.com/gtm.js?id=GTM-N4LDSTX, line 293: unreachable code after return statement
JavaScript warning: https://www.googletagmanager.com/gtm.js?id=GTM-N4LDSTX, line 293: unreachable code after return statement
JavaScript warning: https://www.googletagmanager.com/gtm.js?id=GTM-N4LDSTX, line 293: unreachable code after return statement
JavaScript warning: https://www.googletagmanager.com/gtm.js?id=GTM-N4LDSTX, line 293: unreachable code after return statement
JavaScript warning: https://www.googletagmanager.com/gtm.js?id=GTM-N4LDSTX, line 293: unreachable code after return statement
JavaScript warning: https://www.googletagmanager.com/gtm.js?id=GTM-N4LDSTX, line 293: unreachable code after return statement
JavaScript warning: https://www.googletagmanager.com/gtm.js?id=GTM-N4LDSTX, line 293: unreachable code after return statement
JavaScript warning: https://www.googletagmanager.com/gtm.js?id=GTM-N4LDSTX, line 293: unreachable code after return statement
JavaScript warning: https://www.googletagmanager.com/gtm.js?id=GTM-N4LDSTX, line 293: unreachable code after return statement
1634885624748	Marionette	INFO	Stopped listening on port 56895
JavaScript error: resource:///modules/Interactions.jsm, line 201: NS_ERROR_FAILURE: Component returned failure code: 0x80004005 (NS_ERROR_FAILURE) [nsIUserIdleService.removeIdleObserver]
[Parent 18456, IPC I/O Parent] WARNING: file /builds/worker/checkouts/gecko/ipc/chromium/src/base/process_util_win.cc:167
[Parent 18456, IPC I/O Parent] WARNING: file /builds/worker/checkouts/gecko/ipc/chromium/src/base/process_util_win.cc:167

###!!! [Parent][RunMessage] Error: Channel closing: too late to send/recv, messages will be lost

1634975163851	geckodriver	INFO	Listening on 127.0.0.1:51118
1634975166772	mozrunner::runner	INFO	Running command: "C:\\Program Files\\Mozilla Firefox\\firefox.exe" "--marionette" "--headless" "-no-remote" "-profile" "C:\\Users\\6376~1.()\\AppData\\Local\\Temp\\rust_mozprofile7NI8qU"
*** You are running in headless mode.
1634975169806	Marionette	INFO	Marionette enabled
[GFX1-]: RenderCompositorSWGL failed mapping default framebuffer, no dt
console.warn: SearchSettings: "get: No settings file exists, new profile?" (new NotFoundError("Could not open the file at C:\\Users\\\u041A.\u0411\u043E\u044F\u0440 (\u0412\u0442\u043E\u0440\u043E\u0439)\\AppData\\Local\\Temp\\rust_mozprofile7NI8qU\\search.json.mozlz4", (void 0)))
1634975175506	Marionette	INFO	Listening on port 51126
1634975175964	RemoteAgent	WARN	TLS certificate errors will be ignored for this session
JavaScript warning: https://www.googletagmanager.com/gtm.js?id=GTM-N4LDSTX, line 293: unreachable code after return statement
JavaScript warning: https://www.googletagmanager.com/gtm.js?id=GTM-N4LDSTX, line 293: unreachable code after return statement
JavaScript warning: https://www.googletagmanager.com/gtm.js?id=GTM-N4LDSTX, line 293: unreachable code after return statement
JavaScript warning: https://www.googletagmanager.com/gtm.js?id=GTM-N4LDSTX, line 293: unreachable code after return statement
JavaScript warning: https://www.googletagmanager.com/gtm.js?id=GTM-N4LDSTX, line 293: unreachable code after return statement
JavaScript warning: https://www.googletagmanager.com/gtm.js?id=GTM-N4LDSTX, line 293: unreachable code after return statement
JavaScript warning: https://www.googletagmanager.com/gtm.js?id=GTM-N4LDSTX, line 293: unreachable code after return statement
JavaScript warning: https://www.googletagmanager.com/gtm.js?id=GTM-N4LDSTX, line 293: unreachable code after return statement
JavaScript warning: https://www.googletagmanager.com/gtm.js?id=GTM-N4LDSTX, line 293: unreachable code after return statement
JavaScript warning: https://www.googletagmanager.com/gtm.js?id=GTM-N4LDSTX, line 293: unreachable code after return statement
JavaScript warning: https://www.googletagmanager.com/gtm.js?id=GTM-N4LDSTX, line 293: unreachable code after return statement
JavaScript warning: https://www.googletagmanager.com/gtm.js?id=GTM-N4LDSTX, line 293: unreachable code after return statement
JavaScript warning: https://www.googletagmanager.com/gtm.js?id=GTM-N4LDSTX, line 293: unreachable code after return statement
JavaScript warning: https://www.googletagmanager.com/gtm.js?id=GTM-N4LDSTX, line 293: unreachable code after return statement
JavaScript warning: https://www.googletagmanager.com/gtm.js?id=GTM-N4LDSTX, line 293: unreachable code after return statement
JavaScript warning: https://www.googletagmanager.com/gtm.js?id=GTM-N4LDSTX, line 293: unreachable code after return statement
JavaScript warning: https://www.googletagmanager.com/gtm.js?id=GTM-N4LDSTX, line 293: unreachable code after return statement
JavaScript warning: https://www.googletagmanager.com/gtm.js?id=GTM-N4LDSTX, line 293: unreachable code after return statement
JavaScript warning: https://www.googletagmanager.com/gtm.js?id=GTM-N4LDSTX, line 293: unreachable code after return statement
JavaScript warning: https://www.googletagmanager.com/gtm.js?id=GTM-N4LDSTX, line 293: unreachable code after return statement
JavaScript warning: https://www.googletagmanager.com/gtm.js?id=GTM-N4LDSTX, line 293: unreachable code after return statement
JavaScript warning: https://www.googletagmanager.com/gtm.js?id=GTM-N4LDSTX, line 293: unreachable code after return statement
JavaScript warning: https://www.googletagmanager.com/gtm.js?id=GTM-N4LDSTX, line 293: unreachable code after return statement
JavaScript warning: https://www.googletagmanager.com/gtm.js?id=GTM-N4LDSTX, line 293: unreachable code after return statement
JavaScript warning: https://www.googletagmanager.com/gtm.js?id=GTM-N4LDSTX, line 293: unreachable code after return statement
JavaScript warning: https://www.googletagmanager.com/gtm.js?id=GTM-N4LDSTX, line 293: unreachable code after return statement
1634975262445	Marionette	INFO	Stopped listening on port 51126
JavaScript error: resource:///modules/Interactions.jsm, line 201: NS_ERROR_FAILURE: Component returned failure code: 0x80004005 (NS_ERROR_FAILURE) [nsIUserIdleService.removeIdleObserver]

###!!! [Parent][RunMessage] Error: Channel closing: too late to send/recv, messages will be lost

1635137897459	geckodriver	INFO	Listening on 127.0.0.1:58691
1635137900523	mozrunner::runner	INFO	Running command: "C:\\Program Files\\Mozilla Firefox\\firefox.exe" "--marionette" "--headless" "-no-remote" "-profile" "C:\\Users\\6376~1.()\\AppData\\Local\\Temp\\rust_mozprofileLXCb5P"
*** You are running in headless mode.
1635137930225	Marionette	INFO	Marionette enabled
[GFX1-]: RenderCompositorSWGL failed mapping default framebuffer, no dt
console.warn: SearchSettings: "get: No settings file exists, new profile?" (new NotFoundError("Could not open the file at C:\\Users\\\u041A.\u0411\u043E\u044F\u0440 (\u0412\u0442\u043E\u0440\u043E\u0439)\\AppData\\Local\\Temp\\rust_mozprofileLXCb5P\\search.json.mozlz4", (void 0)))
console.error: Region.jsm: "Error fetching region" (new Error("TIMEOUT", "resource://gre/modules/Region.jsm", 772))
console.error: Region.jsm: "Failed to fetch region" (new Error("TIMEOUT", "resource://gre/modules/Region.jsm", 419))
1635137984769	geckodriver	INFO	Listening on 127.0.0.1:58757
1635137987811	mozrunner::runner	INFO	Running command: "C:\\Program Files\\Mozilla Firefox\\firefox.exe" "--marionette" "--headless" "-no-remote" "-profile" "C:\\Users\\6376~1.()\\AppData\\Local\\Temp\\rust_mozprofileMQP2Mw"
*** You are running in headless mode.
1635137989314	Marionette	INFO	Marionette enabled
[GFX1-]: RenderCompositorSWGL failed mapping default framebuffer, no dt
console.warn: SearchSettings: "get: No settings file exists, new profile?" (new NotFoundError("Could not open the file at C:\\Users\\\u041A.\u0411\u043E\u044F\u0440 (\u0412\u0442\u043E\u0440\u043E\u0439)\\AppData\\Local\\Temp\\rust_mozprofileMQP2Mw\\search.json.mozlz4", (void 0)))
1635137997275	Marionette	INFO	Listening on port 58765
1635137998554	RemoteAgent	WARN	TLS certificate errors will be ignored for this session
JavaScript warning: https://www.googletagmanager.com/gtm.js?id=GTM-N4LDSTX, line 293: unreachable code after return statement
JavaScript warning: https://www.googletagmanager.com/gtm.js?id=GTM-N4LDSTX, line 293: unreachable code after return statement
JavaScript warning: https://www.googletagmanager.com/gtm.js?id=GTM-N4LDSTX, line 293: unreachable code after return statement
JavaScript warning: https://www.googletagmanager.com/gtm.js?id=GTM-N4LDSTX, line 293: unreachable code after return statement
JavaScript warning: https://www.googletagmanager.com/gtm.js?id=GTM-N4LDSTX, line 293: unreachable code after return statement
JavaScript warning: https://www.googletagmanager.com/gtm.js?id=GTM-N4LDSTX, line 293: unreachable code after return statement
JavaScript warning: https://www.googletagmanager.com/gtm.js?id=GTM-N4LDSTX, line 293: unreachable code after return statement
JavaScript warning: https://www.googletagmanager.com/gtm.js?id=GTM-N4LDSTX, line 293: unreachable code after return statement
JavaScript warning: https://www.googletagmanager.com/gtm.js?id=GTM-N4LDSTX, line 293: unreachable code after return statement
JavaScript warning: https://www.googletagmanager.com/gtm.js?id=GTM-N4LDSTX, line 293: unreachable code after return statement
JavaScript warning: https://www.googletagmanager.com/gtm.js?id=GTM-N4LDSTX, line 293: unreachable code after return statement
JavaScript warning: https://www.googletagmanager.com/gtm.js?id=GTM-N4LDSTX, line 293: unreachable code after return statement
JavaScript warning: https://www.googletagmanager.com/gtm.js?id=GTM-N4LDSTX, line 293: unreachable code after return statement
JavaScript warning: https://www.googletagmanager.com/gtm.js?id=GTM-N4LDSTX, line 293: unreachable code after return statement
JavaScript warning: https://www.googletagmanager.com/gtm.js?id=GTM-N4LDSTX, line 293: unreachable code after return statement
JavaScript warning: https://www.googletagmanager.com/gtm.js?id=GTM-N4LDSTX, line 293: unreachable code after return statement
JavaScript warning: https://www.googletagmanager.com/gtm.js?id=GTM-N4LDSTX, line 293: unreachable code after return statement
JavaScript warning: https://www.googletagmanager.com/gtm.js?id=GTM-N4LDSTX, line 293: unreachable code after return statement
JavaScript warning: https://www.googletagmanager.com/gtm.js?id=GTM-N4LDSTX, line 293: unreachable code after return statement
JavaScript warning: https://www.googletagmanager.com/gtm.js?id=GTM-N4LDSTX, line 293: unreachable code after return statement
1635138287474	geckodriver	INFO	Listening on 127.0.0.1:57567
1635138290531	mozrunner::runner	INFO	Running command: "C:\\Program Files\\Mozilla Firefox\\firefox.exe" "--marionette" "--headless" "-no-remote" "-profile" "C:\\Users\\6376~1.()\\AppData\\Local\\Temp\\rust_mozprofileXqwM8q"
*** You are running in headless mode.
1635138292949	Marionette	INFO	Marionette enabled
[GFX1-]: RenderCompositorSWGL failed mapping default framebuffer, no dt
console.warn: SearchSettings: "get: No settings file exists, new profile?" (new NotFoundError("Could not open the file at C:\\Users\\\u041A.\u0411\u043E\u044F\u0440 (\u0412\u0442\u043E\u0440\u043E\u0439)\\AppData\\Local\\Temp\\rust_mozprofileXqwM8q\\search.json.mozlz4", (void 0)))
1635138296557	Marionette	INFO	Listening on port 57575
1635138297067	RemoteAgent	WARN	TLS certificate errors will be ignored for this session
JavaScript warning: https://www.googletagmanager.com/gtm.js?id=GTM-N4LDSTX, line 293: unreachable code after return statement
JavaScript warning: https://www.googletagmanager.com/gtm.js?id=GTM-N4LDSTX, line 293: unreachable code after return statement
JavaScript warning: https://www.googletagmanager.com/gtm.js?id=GTM-N4LDSTX, line 293: unreachable code after return statement
JavaScript warning: https://www.googletagmanager.com/gtm.js?id=GTM-N4LDSTX, line 293: unreachable code after return statement
JavaScript warning: https://www.googletagmanager.com/gtm.js?id=GTM-N4LDSTX, line 293: unreachable code after return statement
JavaScript warning: https://www.googletagmanager.com/gtm.js?id=GTM-N4LDSTX, line 293: unreachable code after return statement
JavaScript warning: https://www.googletagmanager.com/gtm.js?id=GTM-N4LDSTX, line 293: unreachable code after return statement
JavaScript warning: https://www.googletagmanager.com/gtm.js?id=GTM-N4LDSTX, line 293: unreachable code after return statement
JavaScript warning: https://www.googletagmanager.com/gtm.js?id=GTM-N4LDSTX, line 293: unreachable code after return statement
JavaScript warning: https://www.googletagmanager.com/gtm.js?id=GTM-N4LDSTX, line 293: unreachable code after return statement
JavaScript warning: https://www.googletagmanager.com/gtm.js?id=GTM-N4LDSTX, line 293: unreachable code after return statement
JavaScript warning: https://www.googletagmanager.com/gtm.js?id=GTM-N4LDSTX, line 293: unreachable code after return statement
JavaScript warning: https://www.googletagmanager.com/gtm.js?id=GTM-N4LDSTX, line 293: unreachable code after return statement
JavaScript warning: https://www.googletagmanager.com/gtm.js?id=GTM-N4LDSTX, line 293: unreachable code after return statement
JavaScript warning: https://www.googletagmanager.com/gtm.js?id=GTM-N4LDSTX, line 293: unreachable code after return statement
JavaScript warning: https://www.googletagmanager.com/gtm.js?id=GTM-N4LDSTX, line 293: unreachable code after return statement
JavaScript warning: https://www.googletagmanager.com/gtm.js?id=GTM-N4LDSTX, line 293: unreachable code after return statement
JavaScript warning: https://www.googletagmanager.com/gtm.js?id=GTM-N4LDSTX, line 293: unreachable code after return statement
1635138474615	geckodriver	INFO	Listening on 127.0.0.1:57741
1635138477668	mozrunner::runner	INFO	Running command: "C:\\Program Files\\Mozilla Firefox\\firefox.exe" "--marionette" "--headless" "-no-remote" "-profile" "C:\\Users\\6376~1.()\\AppData\\Local\\Temp\\rust_mozprofile8XPIDF"
*** You are running in headless mode.
1635138478494	Marionette	INFO	Marionette enabled
[GFX1-]: RenderCompositorSWGL failed mapping default framebuffer, no dt
console.warn: SearchSettings: "get: No settings file exists, new profile?" (new NotFoundError("Could not open the file at C:\\Users\\\u041A.\u0411\u043E\u044F\u0440 (\u0412\u0442\u043E\u0440\u043E\u0439)\\AppData\\Local\\Temp\\rust_mozprofile8XPIDF\\search.json.mozlz4", (void 0)))
1635138482012	Marionette	INFO	Listening on port 57749
1635138482507	RemoteAgent	WARN	TLS certificate errors will be ignored for this session
console.error: Region.jsm: "Error fetching region" (new Error("TIMEOUT", "resource://gre/modules/Region.jsm", 772))
console.error: Region.jsm: "Failed to fetch region" (new Error("TIMEOUT", "resource://gre/modules/Region.jsm", 419))
1635159596527	geckodriver	INFO	Listening on 127.0.0.1:59566
1635159599450	mozrunner::runner	INFO	Running command: "C:\\Program Files\\Mozilla Firefox\\firefox.exe" "--marionette" "--headless" "-no-remote" "-profile" "C:\\Users\\6376~1.()\\AppData\\Local\\Temp\\rust_mozprofileQ7wuCD"
*** You are running in headless mode.
1635159609756	Marionette	INFO	Marionette enabled
[GFX1-]: RenderCompositorSWGL failed mapping default framebuffer, no dt
console.warn: SearchSettings: "get: No settings file exists, new profile?" (new NotFoundError("Could not open the file at C:\\Users\\\u041A.\u0411\u043E\u044F\u0440 (\u0412\u0442\u043E\u0440\u043E\u0439)\\AppData\\Local\\Temp\\rust_mozprofileQ7wuCD\\search.json.mozlz4", (void 0)))
console.error: Region.jsm: "Error fetching region" (new Error("TIMEOUT", "resource://gre/modules/Region.jsm", 772))
console.error: Region.jsm: "Failed to fetch region" (new Error("TIMEOUT", "resource://gre/modules/Region.jsm", 419))
1635159631612	Marionette	INFO	Listening on port 59574
1635159631952	RemoteAgent	WARN	TLS certificate errors will be ignored for this session
JavaScript warning: https://www.googletagmanager.com/gtm.js?id=GTM-N4LDSTX, line 293: unreachable code after return statement
JavaScript warning: https://www.googletagmanager.com/gtm.js?id=GTM-N4LDSTX, line 293: unreachable code after return statement
JavaScript warning: https://www.googletagmanager.com/gtm.js?id=GTM-N4LDSTX, line 293: unreachable code after return statement
JavaScript warning: https://www.googletagmanager.com/gtm.js?id=GTM-N4LDSTX, line 293: unreachable code after return statement
JavaScript warning: https://www.googletagmanager.com/gtm.js?id=GTM-N4LDSTX, line 293: unreachable code after return statement
JavaScript warning: https://www.googletagmanager.com/gtm.js?id=GTM-N4LDSTX, line 293: unreachable code after return statement
JavaScript warning: https://www.googletagmanager.com/gtm.js?id=GTM-N4LDSTX, line 293: unreachable code after return statement
JavaScript warning: https://www.googletagmanager.com/gtm.js?id=GTM-N4LDSTX, line 293: unreachable code after return statement
JavaScript warning: https://www.googletagmanager.com/gtm.js?id=GTM-N4LDSTX, line 293: unreachable code after return statement
JavaScript warning: https://www.googletagmanager.com/gtm.js?id=GTM-N4LDSTX, line 293: unreachable code after return statement
JavaScript warning: https://www.googletagmanager.com/gtm.js?id=GTM-N4LDSTX, line 293: unreachable code after return statement
JavaScript warning: https://www.googletagmanager.com/gtm.js?id=GTM-N4LDSTX, line 293: unreachable code after return statement
JavaScript warning: https://www.googletagmanager.com/gtm.js?id=GTM-N4LDSTX, line 293: unreachable code after return statement
JavaScript warning: https://www.googletagmanager.com/gtm.js?id=GTM-N4LDSTX, line 293: unreachable code after return statement
JavaScript warning: https://www.googletagmanager.com/gtm.js?id=GTM-N4LDSTX, line 293: unreachable code after return statement
JavaScript warning: https://www.googletagmanager.com/gtm.js?id=GTM-N4LDSTX, line 293: unreachable code after return statement
JavaScript warning: https://www.googletagmanager.com/gtm.js?id=GTM-N4LDSTX, line 293: unreachable code after return statement
JavaScript warning: https://www.googletagmanager.com/gtm.js?id=GTM-N4LDSTX, line 293: unreachable code after return statement
JavaScript warning: https://www.googletagmanager.com/gtm.js?id=GTM-N4LDSTX, line 293: unreachable code after return statement
JavaScript warning: https://www.googletagmanager.com/gtm.js?id=GTM-N4LDSTX, line 293: unreachable code after return statement
Marionette threw an error: NotFoundError: WindowGlobalParent.getActor: No such JSWindowActor 'MarionetteCommands'
getMarionetteCommandsActorProxy/get/<@chrome://remote/content/marionette/actors/MarionetteCommandsParent.jsm:326:65
unregisterCommandsActor@chrome://remote/content/marionette/actors/MarionetteCommandsParent.jsm:390:15
GeckoDriver.prototype.deleteSession@chrome://remote/content/marionette/driver.js:2141:3
onClosed@chrome://remote/content/marionette/server.js:209:17
close@chrome://remote/content/marionette/transport.js:221:18
onInputStreamReady@chrome://remote/content/marionette/transport.js:375:14

1635159712914	geckodriver	INFO	Listening on 127.0.0.1:53719
1635159715995	mozrunner::runner	INFO	Running command: "C:\\Program Files\\Mozilla Firefox\\firefox.exe" "--marionette" "--headless" "-no-remote" "-profile" "C:\\Users\\6376~1.()\\AppData\\Local\\Temp\\rust_mozprofileB07t4u"
*** You are running in headless mode.
1635159720419	Marionette	INFO	Marionette enabled
[GFX1-]: RenderCompositorSWGL failed mapping default framebuffer, no dt
console.warn: SearchSettings: "get: No settings file exists, new profile?" (new NotFoundError("Could not open the file at C:\\Users\\\u041A.\u0411\u043E\u044F\u0440 (\u0412\u0442\u043E\u0440\u043E\u0439)\\AppData\\Local\\Temp\\rust_mozprofileB07t4u\\search.json.mozlz4", (void 0)))
console.error: Region.jsm: "Error fetching region" (new Error("TIMEOUT", "resource://gre/modules/Region.jsm", 772))
console.error: Region.jsm: "Failed to fetch region" (new Error("TIMEOUT", "resource://gre/modules/Region.jsm", 419))
1635159730379	Marionette	INFO	Listening on port 53727
1635159730969	RemoteAgent	WARN	TLS certificate errors will be ignored for this session
JavaScript warning: https://www.googletagmanager.com/gtm.js?id=GTM-N4LDSTX, line 293: unreachable code after return statement
JavaScript warning: https://www.googletagmanager.com/gtm.js?id=GTM-N4LDSTX, line 293: unreachable code after return statement
JavaScript warning: https://www.googletagmanager.com/gtm.js?id=GTM-N4LDSTX, line 293: unreachable code after return statement
JavaScript warning: https://www.googletagmanager.com/gtm.js?id=GTM-N4LDSTX, line 293: unreachable code after return statement
JavaScript warning: https://www.googletagmanager.com/gtm.js?id=GTM-N4LDSTX, line 293: unreachable code after return statement
JavaScript warning: https://www.googletagmanager.com/gtm.js?id=GTM-N4LDSTX, line 293: unreachable code after return statement
JavaScript warning: https://www.googletagmanager.com/gtm.js?id=GTM-N4LDSTX, line 293: unreachable code after return statement
JavaScript warning: https://www.googletagmanager.com/gtm.js?id=GTM-N4LDSTX, line 293: unreachable code after return statement
JavaScript warning: https://www.googletagmanager.com/gtm.js?id=GTM-N4LDSTX, line 293: unreachable code after return statement
JavaScript warning: https://www.googletagmanager.com/gtm.js?id=GTM-N4LDSTX, line 293: unreachable code after return statement
JavaScript warning: https://www.googletagmanager.com/gtm.js?id=GTM-N4LDSTX, line 293: unreachable code after return statement
JavaScript warning: https://www.googletagmanager.com/gtm.js?id=GTM-N4LDSTX, line 293: unreachable code after return statement
JavaScript warning: https://www.googletagmanager.com/gtm.js?id=GTM-N4LDSTX, line 293: unreachable code after return statement
JavaScript warning: https://www.googletagmanager.com/gtm.js?id=GTM-N4LDSTX, line 293: unreachable code after return statement
JavaScript warning: https://www.googletagmanager.com/gtm.js?id=GTM-N4LDSTX, line 293: unreachable code after return statement
JavaScript warning: https://www.googletagmanager.com/gtm.js?id=GTM-N4LDSTX, line 293: unreachable code after return statement
JavaScript warning: https://www.googletagmanager.com/gtm.js?id=GTM-N4LDSTX, line 293: unreachable code after return statement
JavaScript warning: https://www.googletagmanager.com/gtm.js?id=GTM-N4LDSTX, line 293: unreachable code after return statement
JavaScript warning: https://www.googletagmanager.com/gtm.js?id=GTM-N4LDSTX, line 293: unreachable code after return statement
JavaScript warning: https://www.googletagmanager.com/gtm.js?id=GTM-N4LDSTX, line 293: unreachable code after return statement
JavaScript warning: https://www.googletagmanager.com/gtm.js?id=GTM-N4LDSTX, line 293: unreachable code after return statement
JavaScript warning: https://www.googletagmanager.com/gtm.js?id=GTM-N4LDSTX, line 293: unreachable code after return statement
JavaScript warning: https://www.googletagmanager.com/gtm.js?id=GTM-N4LDSTX, line 293: unreachable code after return statement
JavaScript warning: https://www.googletagmanager.com/gtm.js?id=GTM-N4LDSTX, line 293: unreachable code after return statement
JavaScript warning: https://www.googletagmanager.com/gtm.js?id=GTM-N4LDSTX, line 293: unreachable code after return statement
JavaScript warning: https://www.googletagmanager.com/gtm.js?id=GTM-N4LDSTX, line 293: unreachable code after return statement
1635159807918	Marionette	INFO	Stopped listening on port 53727
JavaScript error: resource:///modules/Interactions.jsm, line 201: NS_ERROR_FAILURE: Component returned failure code: 0x80004005 (NS_ERROR_FAILURE) [nsIUserIdleService.removeIdleObserver]

###!!! [Parent][RunMessage] Error: Channel closing: too late to send/recv, messages will be lost

1635495064113	geckodriver	INFO	Listening on 127.0.0.1:51938
1635495067266	mozrunner::runner	INFO	Running command: "C:\\Program Files\\Mozilla Firefox\\firefox.exe" "--marionette" "--headless" "-no-remote" "-profile" "C:\\Users\\6376~1.()\\AppData\\Local\\Temp\\rust_mozprofilehd9Jp3"
*** You are running in headless mode.
1635495069905	Marionette	INFO	Marionette enabled
[GFX1-]: RenderCompositorSWGL failed mapping default framebuffer, no dt
console.warn: SearchSettings: "get: No settings file exists, new profile?" (new NotFoundError("Could not open the file at C:\\Users\\\u041A.\u0411\u043E\u044F\u0440 (\u0412\u0442\u043E\u0440\u043E\u0439)\\AppData\\Local\\Temp\\rust_mozprofilehd9Jp3\\search.json.mozlz4", (void 0)))
JavaScript error: , line 0: DataCloneError
JavaScript error: , line 0: DataCloneError
JavaScript error: , line 0: DataCloneError
JavaScript error: , line 0: DataCloneError
JavaScript error: , line 0: DataCloneError
JavaScript error: , line 0: DataCloneError
JavaScript error: , line 0: DataCloneError
JavaScript error: , line 0: DataCloneError
JavaScript error: , line 0: DataCloneError
JavaScript error: , line 0: DataCloneError
JavaScript error: , line 0: DataCloneError
JavaScript error: , line 0: uncaught exception: out of memory
JavaScript error: , line 0: uncaught exception: out of memory
JavaScript error: , line 0: DataCloneError
JavaScript error: , line 0: DataCloneError
JavaScript error: , line 0: DataCloneError
JavaScript error: , line 0: DataCloneError
JavaScript error: , line 0: DataCloneError
JavaScript error: , line 0: DataCloneError
JavaScript error: , line 0: DataCloneError
JavaScript error: , line 0: DataCloneError
JavaScript error: , line 0: DataCloneError
JavaScript error: , line 0: DataCloneError
JavaScript error: resource:///modules/BrowserGlue.jsm, line 2288: uncaught exception: out of memory
JavaScript error: resource:///modules/BrowserGlue.jsm, line 2295: uncaught exception: out of memory
JavaScript error: resource:///modules/BrowserGlue.jsm, line 2295: NS_ERROR_FILE_NOT_FOUND
JavaScript error: resource://gre/modules/XPCOMUtils.jsm, line 161: uncaught exception: out of memory
JavaScript error: resource:///modules/BrowserGlue.jsm, line 2355: uncaught exception: out of memory
JavaScript error: resource:///modules/BrowserGlue.jsm, line 2421: uncaught exception: out of memory
JavaScript error: resource:///modules/BrowserGlue.jsm, line 3974: uncaught exception: out of memory
JavaScript error: resource:///modules/BrowserGlue.jsm, line 3974: NS_ERROR_FILE_NOT_FOUND
JavaScript error: resource:///modules/BrowserGlue.jsm, line 2465: uncaught exception: out of memory
JavaScript error: resource:///modules/BrowserGlue.jsm, line 2486: uncaught exception: out of memory
JavaScript error: resource:///modules/BrowserGlue.jsm, line 2500: uncaught exception: out of memory
JavaScript error: resource:///modules/BrowserGlue.jsm, line 2506: uncaught exception: out of memory
JavaScript error: resource:///modules/BrowserGlue.jsm, line 2512: uncaught exception: out of memory
JavaScript error: resource:///modules/BrowserGlue.jsm, line 2521: uncaught exception: out of memory
out of memory: 0x00000000000000A4 bytes requested
1635495104195	geckodriver	INFO	Listening on 127.0.0.1:51969
1635495107237	mozrunner::runner	INFO	Running command: "C:\\Program Files\\Mozilla Firefox\\firefox.exe" "--marionette" "--headless" "-no-remote" "-profile" "C:\\Users\\6376~1.()\\AppData\\Local\\Temp\\rust_mozprofileNHu3C8"
*** You are running in headless mode.
1635495107863	Marionette	INFO	Marionette enabled
[GFX1-]: RenderCompositorSWGL failed mapping default framebuffer, no dt
console.warn: SearchSettings: "get: No settings file exists, new profile?" (new NotFoundError("Could not open the file at C:\\Users\\\u041A.\u0411\u043E\u044F\u0440 (\u0412\u0442\u043E\u0440\u043E\u0439)\\AppData\\Local\\Temp\\rust_mozprofileNHu3C8\\search.json.mozlz4", (void 0)))
1635495112852	Marionette	INFO	Listening on port 51978
1635495113745	RemoteAgent	WARN	TLS certificate errors will be ignored for this session
JavaScript error: , line 0: uncaught exception: out of memory
out of memory: 0x00000000000169BD bytes requested
1635495140810	geckodriver	INFO	Listening on 127.0.0.1:52036
1635495143840	mozrunner::runner	INFO	Running command: "C:\\Program Files\\Mozilla Firefox\\firefox.exe" "--marionette" "--headless" "-no-remote" "-profile" "C:\\Users\\6376~1.()\\AppData\\Local\\Temp\\rust_mozprofile2HXMPn"
*** You are running in headless mode.
1635495146226	Marionette	INFO	Marionette enabled
[GFX1-]: RenderCompositorSWGL failed mapping default framebuffer, no dt
out of memory: 0x0000000000000080 bytes requested
JavaScript error: , line 0: uncaught exception: out of memory
1636974907618	geckodriver	INFO	Listening on 127.0.0.1:60617
1636974910846	mozrunner::runner	INFO	Running command: "C:\\Program Files\\Mozilla Firefox\\firefox.exe" "--marionette" "--headless" "-no-remote" "-profile" "C:\\Users\\TEMP~1.DES\\AppData\\Local\\Temp\\rust_mozprofileLFrRCq"
*** You are running in headless mode.
1636974922941	Marionette	INFO	Marionette enabled
[GFX1-]: RenderCompositorSWGL failed mapping default framebuffer, no dt
console.warn: SearchSettings: "get: No settings file exists, new profile?" (new NotFoundError("Could not open the file at C:\\Users\\TEMP.DESKTOP-QHK6G7M\\AppData\\Local\\Temp\\rust_mozprofileLFrRCq\\search.json.mozlz4", (void 0)))
1636974946458	Marionette	INFO	Listening on port 60630
1636974946862	RemoteAgent	WARN	TLS certificate errors will be ignored for this session
JavaScript error: https://zhuk.ua/catalog/search/filter, line 108: SyntaxError: expected expression, got '<'
JavaScript error: https://zhuk.ua/catalog/search/filter, line 108: SyntaxError: expected expression, got '<'
JavaScript error: https://zhuk.ua/catalog/search/filter, line 118: SyntaxError: expected expression, got '<'
JavaScript warning: https://cdn.jsdelivr.net/npm/yandex-metrica-watch/tag.js, line 10: WEBGL_debug_renderer_info is deprecated in Firefox and will be removed. Please use RENDERER.
1636974987486	Marionette	INFO	Stopped listening on port 60630
JavaScript error: resource:///modules/Interactions.jsm, line 201: NS_ERROR_FAILURE: Component returned failure code: 0x80004005 (NS_ERROR_FAILURE) [nsIUserIdleService.removeIdleObserver]
[Parent 3940, IPC I/O Parent] WARNING: file /builds/worker/checkouts/gecko/ipc/chromium/src/base/process_util_win.cc:167
[Parent 3940, IPC I/O Parent] WARNING: file /builds/worker/checkouts/gecko/ipc/chromium/src/base/process_util_win.cc:167

###!!! [Parent][RunMessage] Error: Channel closing: too late to send/recv, messages will be lost

1636975120707	geckodriver	INFO	Listening on 127.0.0.1:60998
1636975123739	mozrunner::runner	INFO	Running command: "C:\\Program Files\\Mozilla Firefox\\firefox.exe" "--marionette" "--headless" "-no-remote" "-profile" "C:\\Users\\TEMP~1.DES\\AppData\\Local\\Temp\\rust_mozprofileyUK1XT"
*** You are running in headless mode.
1636975125710	Marionette	INFO	Marionette enabled
[GFX1-]: RenderCompositorSWGL failed mapping default framebuffer, no dt
console.warn: SearchSettings: "get: No settings file exists, new profile?" (new NotFoundError("Could not open the file at C:\\Users\\TEMP.DESKTOP-QHK6G7M\\AppData\\Local\\Temp\\rust_mozprofileyUK1XT\\search.json.mozlz4", (void 0)))
1636975128908	Marionette	INFO	Listening on port 61008
1636975129563	RemoteAgent	WARN	TLS certificate errors will be ignored for this session
JavaScript error: https://zhuk.ua/catalog/search/filter/page=1/?q=Gazer, line 109: SyntaxError: expected expression, got '<'
JavaScript error: https://zhuk.ua/catalog/search/filter/page=1/?q=Gazer, line 109: SyntaxError: expected expression, got '<'
JavaScript error: https://zhuk.ua/catalog/search/filter/page=1/?q=Gazer, line 119: SyntaxError: expected expression, got '<'
JavaScript warning: https://cdn.jsdelivr.net/npm/yandex-metrica-watch/tag.js, line 10: WEBGL_debug_renderer_info is deprecated in Firefox and will be removed. Please use RENDERER.
1636975160204	Marionette	INFO	Stopped listening on port 61008
JavaScript error: resource:///modules/Interactions.jsm, line 201: NS_ERROR_FAILURE: Component returned failure code: 0x80004005 (NS_ERROR_FAILURE) [nsIUserIdleService.removeIdleObserver]

###!!! [Parent][RunMessage] Error: Channel closing: too late to send/recv, messages will be lost

1636975209124	geckodriver	INFO	Listening on 127.0.0.1:61183
1636975212338	mozrunner::runner	INFO	Running command: "C:\\Program Files\\Mozilla Firefox\\firefox.exe" "--marionette" "--headless" "-no-remote" "-profile" "C:\\Users\\TEMP~1.DES\\AppData\\Local\\Temp\\rust_mozprofilephLHOv"
*** You are running in headless mode.
1636975213282	Marionette	INFO	Marionette enabled
[GFX1-]: RenderCompositorSWGL failed mapping default framebuffer, no dt
console.warn: SearchSettings: "get: No settings file exists, new profile?" (new NotFoundError("Could not open the file at C:\\Users\\TEMP.DESKTOP-QHK6G7M\\AppData\\Local\\Temp\\rust_mozprofilephLHOv\\search.json.mozlz4", (void 0)))
1636975216379	Marionette	INFO	Listening on port 61193
1636975216681	RemoteAgent	WARN	TLS certificate errors will be ignored for this session
JavaScript error: https://zhuk.ua/catalog/search/filter/page=1/?q=Gazer, line 109: SyntaxError: expected expression, got '<'
JavaScript error: https://zhuk.ua/catalog/search/filter/page=1/?q=Gazer, line 109: SyntaxError: expected expression, got '<'
JavaScript error: https://zhuk.ua/catalog/search/filter/page=1/?q=Gazer, line 119: SyntaxError: expected expression, got '<'
JavaScript warning: https://cdn.jsdelivr.net/npm/yandex-metrica-watch/tag.js, line 10: WEBGL_debug_renderer_info is deprecated in Firefox and will be removed. Please use RENDERER.
JavaScript error: https://zhuk.ua/catalog/search/filter/page=2/?q=Gazer, line 110: SyntaxError: expected expression, got '<'
JavaScript error: https://zhuk.ua/catalog/search/filter/page=2/?q=Gazer, line 110: SyntaxError: expected expression, got '<'
JavaScript error: https://zhuk.ua/catalog/search/filter/page=2/?q=Gazer, line 120: SyntaxError: expected expression, got '<'
JavaScript error: https://zhuk.ua/catalog/search/filter/page=3/?q=Gazer, line 110: SyntaxError: expected expression, got '<'
JavaScript error: https://zhuk.ua/catalog/search/filter/page=3/?q=Gazer, line 110: SyntaxError: expected expression, got '<'
JavaScript error: https://zhuk.ua/catalog/search/filter/page=3/?q=Gazer, line 120: SyntaxError: expected expression, got '<'
JavaScript error: https://zhuk.ua/catalog/search/filter/page=4/?q=Gazer, line 110: SyntaxError: expected expression, got '<'
JavaScript error: https://zhuk.ua/catalog/search/filter/page=4/?q=Gazer, line 110: SyntaxError: expected expression, got '<'
JavaScript error: https://zhuk.ua/catalog/search/filter/page=4/?q=Gazer, line 120: SyntaxError: expected expression, got '<'
JavaScript error: https://zhuk.ua/catalog/search/filter/page=5/?q=Gazer, line 110: SyntaxError: expected expression, got '<'
JavaScript error: https://zhuk.ua/catalog/search/filter/page=5/?q=Gazer, line 110: SyntaxError: expected expression, got '<'
JavaScript error: https://zhuk.ua/catalog/search/filter/page=5/?q=Gazer, line 120: SyntaxError: expected expression, got '<'
JavaScript error: https://zhuk.ua/catalog/search/filter/page=6/?q=Gazer, line 110: SyntaxError: expected expression, got '<'
JavaScript error: https://zhuk.ua/catalog/search/filter/page=6/?q=Gazer, line 110: SyntaxError: expected expression, got '<'
JavaScript error: https://zhuk.ua/catalog/search/filter/page=6/?q=Gazer, line 120: SyntaxError: expected expression, got '<'
JavaScript error: https://zhuk.ua/catalog/search/filter/page=7/?q=Gazer, line 110: SyntaxError: expected expression, got '<'
JavaScript error: https://zhuk.ua/catalog/search/filter/page=7/?q=Gazer, line 110: SyntaxError: expected expression, got '<'
JavaScript error: https://zhuk.ua/catalog/search/filter/page=7/?q=Gazer, line 120: SyntaxError: expected expression, got '<'
JavaScript error: https://zhuk.ua/catalog/search/filter/page=8/?q=Gazer, line 110: SyntaxError: expected expression, got '<'
JavaScript error: https://zhuk.ua/catalog/search/filter/page=8/?q=Gazer, line 110: SyntaxError: expected expression, got '<'
JavaScript error: https://zhuk.ua/catalog/search/filter/page=8/?q=Gazer, line 120: SyntaxError: expected expression, got '<'
JavaScript error: https://zhuk.ua/catalog/search/filter/page=9/?q=Gazer, line 110: SyntaxError: expected expression, got '<'
JavaScript error: https://zhuk.ua/catalog/search/filter/page=9/?q=Gazer, line 110: SyntaxError: expected expression, got '<'
JavaScript error: https://zhuk.ua/catalog/search/filter/page=9/?q=Gazer, line 120: SyntaxError: expected expression, got '<'
JavaScript error: https://zhuk.ua/catalog/search/filter/page=10/?q=Gazer, line 110: SyntaxError: expected expression, got '<'
JavaScript error: https://zhuk.ua/catalog/search/filter/page=10/?q=Gazer, line 110: SyntaxError: expected expression, got '<'
JavaScript error: https://zhuk.ua/catalog/search/filter/page=10/?q=Gazer, line 120: SyntaxError: expected expression, got '<'
JavaScript error: https://zhuk.ua/catalog/search/filter/page=11/?q=Gazer, line 110: SyntaxError: expected expression, got '<'
JavaScript error: https://zhuk.ua/catalog/search/filter/page=11/?q=Gazer, line 110: SyntaxError: expected expression, got '<'
JavaScript error: https://zhuk.ua/catalog/search/filter/page=11/?q=Gazer, line 120: SyntaxError: expected expression, got '<'
JavaScript error: https://zhuk.ua/catalog/search/filter/page=12/?q=Gazer, line 110: SyntaxError: expected expression, got '<'
JavaScript error: https://zhuk.ua/catalog/search/filter/page=12/?q=Gazer, line 110: SyntaxError: expected expression, got '<'
JavaScript error: https://zhuk.ua/catalog/search/filter/page=12/?q=Gazer, line 120: SyntaxError: expected expression, got '<'
JavaScript error: https://zhuk.ua/catalog/search/filter/page=13/?q=Gazer, line 110: SyntaxError: expected expression, got '<'
JavaScript error: https://zhuk.ua/catalog/search/filter/page=13/?q=Gazer, line 110: SyntaxError: expected expression, got '<'
JavaScript error: https://zhuk.ua/catalog/search/filter/page=13/?q=Gazer, line 120: SyntaxError: expected expression, got '<'
JavaScript error: https://zhuk.ua/catalog/search/filter/page=14/?q=Gazer, line 110: SyntaxError: expected expression, got '<'
JavaScript error: https://zhuk.ua/catalog/search/filter/page=14/?q=Gazer, line 110: SyntaxError: expected expression, got '<'
JavaScript error: https://zhuk.ua/catalog/search/filter/page=14/?q=Gazer, line 120: SyntaxError: expected expression, got '<'
JavaScript error: https://zhuk.ua/catalog/search/filter/page=15/?q=Gazer, line 110: SyntaxError: expected expression, got '<'
JavaScript error: https://zhuk.ua/catalog/search/filter/page=15/?q=Gazer, line 110: SyntaxError: expected expression, got '<'
JavaScript error: https://zhuk.ua/catalog/search/filter/page=15/?q=Gazer, line 120: SyntaxError: expected expression, got '<'
JavaScript error: https://zhuk.ua/catalog/search/filter/page=16/?q=Gazer, line 110: SyntaxError: expected expression, got '<'
JavaScript error: https://zhuk.ua/catalog/search/filter/page=16/?q=Gazer, line 110: SyntaxError: expected expression, got '<'
JavaScript error: https://zhuk.ua/catalog/search/filter/page=16/?q=Gazer, line 120: SyntaxError: expected expression, got '<'
JavaScript error: https://zhuk.ua/catalog/search/filter/page=17/?q=Gazer, line 110: SyntaxError: expected expression, got '<'
JavaScript error: https://zhuk.ua/catalog/search/filter/page=17/?q=Gazer, line 110: SyntaxError: expected expression, got '<'
JavaScript error: https://zhuk.ua/catalog/search/filter/page=17/?q=Gazer, line 120: SyntaxError: expected expression, got '<'
JavaScript error: https://zhuk.ua/catalog/search/filter/page=18/?q=Gazer, line 110: SyntaxError: expected expression, got '<'
JavaScript error: https://zhuk.ua/catalog/search/filter/page=18/?q=Gazer, line 110: SyntaxError: expected expression, got '<'
JavaScript error: https://zhuk.ua/catalog/search/filter/page=18/?q=Gazer, line 120: SyntaxError: expected expression, got '<'
JavaScript error: https://zhuk.ua/catalog/search/filter/page=19/?q=Gazer, line 110: SyntaxError: expected expression, got '<'
JavaScript error: https://zhuk.ua/catalog/search/filter/page=19/?q=Gazer, line 110: SyntaxError: expected expression, got '<'
JavaScript error: https://zhuk.ua/catalog/search/filter/page=19/?q=Gazer, line 120: SyntaxError: expected expression, got '<'
JavaScript error: https://zhuk.ua/catalog/search/filter/page=20/?q=Gazer, line 110: SyntaxError: expected expression, got '<'
JavaScript error: https://zhuk.ua/catalog/search/filter/page=20/?q=Gazer, line 110: SyntaxError: expected expression, got '<'
JavaScript error: https://zhuk.ua/catalog/search/filter/page=20/?q=Gazer, line 120: SyntaxError: expected expression, got '<'
JavaScript error: https://zhuk.ua/catalog/search/filter/page=21/?q=Gazer, line 110: SyntaxError: expected expression, got '<'
JavaScript error: https://zhuk.ua/catalog/search/filter/page=21/?q=Gazer, line 110: SyntaxError: expected expression, got '<'
JavaScript error: https://zhuk.ua/catalog/search/filter/page=21/?q=Gazer, line 120: SyntaxError: expected expression, got '<'
JavaScript error: https://zhuk.ua/catalog/search/filter/page=22/?q=Gazer, line 110: SyntaxError: expected expression, got '<'
JavaScript error: https://zhuk.ua/catalog/search/filter/page=22/?q=Gazer, line 110: SyntaxError: expected expression, got '<'
JavaScript error: https://zhuk.ua/catalog/search/filter/page=22/?q=Gazer, line 120: SyntaxError: expected expression, got '<'
JavaScript error: https://zhuk.ua/catalog/search/filter/page=23/?q=Gazer, line 110: SyntaxError: expected expression, got '<'
JavaScript error: https://zhuk.ua/catalog/search/filter/page=23/?q=Gazer, line 110: SyntaxError: expected expression, got '<'
JavaScript error: https://zhuk.ua/catalog/search/filter/page=23/?q=Gazer, line 120: SyntaxError: expected expression, got '<'
JavaScript error: https://zhuk.ua/catalog/search/filter/page=24/?q=Gazer, line 109: SyntaxError: expected expression, got '<'
JavaScript error: https://zhuk.ua/catalog/search/filter/page=24/?q=Gazer, line 109: SyntaxError: expected expression, got '<'
JavaScript error: https://zhuk.ua/catalog/search/filter/page=24/?q=Gazer, line 119: SyntaxError: expected expression, got '<'
1636975601545	Marionette	INFO	Stopped listening on port 61193
JavaScript error: resource:///modules/Interactions.jsm, line 201: NS_ERROR_FAILURE: Component returned failure code: 0x80004005 (NS_ERROR_FAILURE) [nsIUserIdleService.removeIdleObserver]
[Parent 14720, IPC I/O Parent] WARNING: file /builds/worker/checkouts/gecko/ipc/chromium/src/base/process_util_win.cc:167

###!!! [Parent][RunMessage] Error: Channel closing: too late to send/recv, messages will be lost

1639734130126	geckodriver	INFO	Listening on 127.0.0.1:57214
1639734133178	mozrunner::runner	INFO	Running command: "C:\\Program Files\\Mozilla Firefox\\firefox.exe" "--marionette" "--headless" "--remote-debugging-port" "57215" "-no-remote" "-profile" "C:\\Users\\TEMPDE~1.001\\AppData\\Local\\Temp\\rust_mozprofile7miYGu"
*** You are running in headless mode.
1639734133541	Marionette	INFO	Marionette enabled
[GFX1-]: RenderCompositorSWGL failed mapping default framebuffer, no dt
console.warn: SearchSettings: "get: No settings file exists, new profile?" (new NotFoundError("Could not open the file at C:\\Users\\TEMP.DESKTOP-QHK6G7M.001\\AppData\\Local\\Temp\\rust_mozprofile7miYGu\\search.json.mozlz4", (void 0)))
DevTools listening on ws://localhost:57215/devtools/browser/593888e9-13ec-448d-913a-caf4b56a5602
1639734134906	Marionette	INFO	Listening on port 57220
1639734135250	RemoteAgent	WARN	TLS certificate errors will be ignored for this session
JavaScript error: https://zhuk.ua/catalog/search/filter/brand=542;page=1/?q=Gazer, line 109: SyntaxError: expected expression, got '<'
JavaScript error: https://zhuk.ua/catalog/search/filter/brand=542;page=1/?q=Gazer, line 109: SyntaxError: expected expression, got '<'
JavaScript error: https://zhuk.ua/catalog/search/filter/brand=542;page=1/?q=Gazer, line 119: SyntaxError: expected expression, got '<'
JavaScript warning: https://cdn.jsdelivr.net/npm/yandex-metrica-watch/tag.js, line 10: WEBGL_debug_renderer_info is deprecated in Firefox and will be removed. Please use RENDERER.
JavaScript error: https://zhuk.ua/catalog/search/filter/brand=542;page=2/?q=Gazer, line 110: SyntaxError: expected expression, got '<'
JavaScript error: https://zhuk.ua/catalog/search/filter/brand=542;page=2/?q=Gazer, line 110: SyntaxError: expected expression, got '<'
JavaScript error: https://zhuk.ua/catalog/search/filter/brand=542;page=2/?q=Gazer, line 120: SyntaxError: expected expression, got '<'
JavaScript error: https://zhuk.ua/catalog/search/filter/brand=542;page=3/?q=Gazer, line 110: SyntaxError: expected expression, got '<'
JavaScript error: https://zhuk.ua/catalog/search/filter/brand=542;page=3/?q=Gazer, line 110: SyntaxError: expected expression, got '<'
JavaScript error: https://zhuk.ua/catalog/search/filter/brand=542;page=3/?q=Gazer, line 120: SyntaxError: expected expression, got '<'
JavaScript error: https://zhuk.ua/catalog/search/filter/brand=542;page=4/?q=Gazer, line 110: SyntaxError: expected expression, got '<'
JavaScript error: https://zhuk.ua/catalog/search/filter/brand=542;page=4/?q=Gazer, line 110: SyntaxError: expected expression, got '<'
JavaScript error: https://zhuk.ua/catalog/search/filter/brand=542;page=4/?q=Gazer, line 120: SyntaxError: expected expression, got '<'
JavaScript error: https://zhuk.ua/catalog/search/filter/brand=542;page=5/?q=Gazer, line 110: SyntaxError: expected expression, got '<'
JavaScript error: https://zhuk.ua/catalog/search/filter/brand=542;page=5/?q=Gazer, line 110: SyntaxError: expected expression, got '<'
JavaScript error: https://zhuk.ua/catalog/search/filter/brand=542;page=5/?q=Gazer, line 120: SyntaxError: expected expression, got '<'
JavaScript error: https://zhuk.ua/catalog/search/filter/brand=542;page=6/?q=Gazer, line 110: SyntaxError: expected expression, got '<'
JavaScript error: https://zhuk.ua/catalog/search/filter/brand=542;page=6/?q=Gazer, line 110: SyntaxError: expected expression, got '<'
JavaScript error: https://zhuk.ua/catalog/search/filter/brand=542;page=6/?q=Gazer, line 120: SyntaxError: expected expression, got '<'
JavaScript error: https://zhuk.ua/catalog/search/filter/brand=542;page=7/?q=Gazer, line 110: SyntaxError: expected expression, got '<'
JavaScript error: https://zhuk.ua/catalog/search/filter/brand=542;page=7/?q=Gazer, line 110: SyntaxError: expected expression, got '<'
JavaScript error: https://zhuk.ua/catalog/search/filter/brand=542;page=7/?q=Gazer, line 120: SyntaxError: expected expression, got '<'
JavaScript error: https://zhuk.ua/catalog/search/filter/brand=542;page=8/?q=Gazer, line 110: SyntaxError: expected expression, got '<'
JavaScript error: https://zhuk.ua/catalog/search/filter/brand=542;page=8/?q=Gazer, line 110: SyntaxError: expected expression, got '<'
JavaScript error: https://zhuk.ua/catalog/search/filter/brand=542;page=8/?q=Gazer, line 120: SyntaxError: expected expression, got '<'
JavaScript error: https://zhuk.ua/catalog/search/filter/brand=542;page=9/?q=Gazer, line 110: SyntaxError: expected expression, got '<'
JavaScript error: https://zhuk.ua/catalog/search/filter/brand=542;page=9/?q=Gazer, line 110: SyntaxError: expected expression, got '<'
JavaScript error: https://zhuk.ua/catalog/search/filter/brand=542;page=9/?q=Gazer, line 120: SyntaxError: expected expression, got '<'
JavaScript error: https://zhuk.ua/catalog/search/filter/brand=542;page=10/?q=Gazer, line 110: SyntaxError: expected expression, got '<'
JavaScript error: https://zhuk.ua/catalog/search/filter/brand=542;page=10/?q=Gazer, line 110: SyntaxError: expected expression, got '<'
JavaScript error: https://zhuk.ua/catalog/search/filter/brand=542;page=10/?q=Gazer, line 120: SyntaxError: expected expression, got '<'
JavaScript error: https://zhuk.ua/catalog/search/filter/brand=542;page=11/?q=Gazer, line 110: SyntaxError: expected expression, got '<'
JavaScript error: https://zhuk.ua/catalog/search/filter/brand=542;page=11/?q=Gazer, line 110: SyntaxError: expected expression, got '<'
JavaScript error: https://zhuk.ua/catalog/search/filter/brand=542;page=11/?q=Gazer, line 120: SyntaxError: expected expression, got '<'
JavaScript error: https://zhuk.ua/catalog/search/filter/brand=542;page=12/?q=Gazer, line 110: SyntaxError: expected expression, got '<'
JavaScript error: https://zhuk.ua/catalog/search/filter/brand=542;page=12/?q=Gazer, line 110: SyntaxError: expected expression, got '<'
JavaScript error: https://zhuk.ua/catalog/search/filter/brand=542;page=12/?q=Gazer, line 120: SyntaxError: expected expression, got '<'
JavaScript error: https://zhuk.ua/catalog/search/filter/brand=542;page=13/?q=Gazer, line 110: SyntaxError: expected expression, got '<'
JavaScript error: https://zhuk.ua/catalog/search/filter/brand=542;page=13/?q=Gazer, line 110: SyntaxError: expected expression, got '<'
JavaScript error: https://zhuk.ua/catalog/search/filter/brand=542;page=13/?q=Gazer, line 120: SyntaxError: expected expression, got '<'
JavaScript error: https://zhuk.ua/catalog/search/filter/brand=542;page=14/?q=Gazer, line 110: SyntaxError: expected expression, got '<'
JavaScript error: https://zhuk.ua/catalog/search/filter/brand=542;page=14/?q=Gazer, line 110: SyntaxError: expected expression, got '<'
JavaScript error: https://zhuk.ua/catalog/search/filter/brand=542;page=14/?q=Gazer, line 120: SyntaxError: expected expression, got '<'
JavaScript error: https://zhuk.ua/catalog/search/filter/brand=542;page=15/?q=Gazer, line 110: SyntaxError: expected expression, got '<'
JavaScript error: https://zhuk.ua/catalog/search/filter/brand=542;page=15/?q=Gazer, line 110: SyntaxError: expected expression, got '<'
JavaScript error: https://zhuk.ua/catalog/search/filter/brand=542;page=15/?q=Gazer, line 120: SyntaxError: expected expression, got '<'
JavaScript error: https://zhuk.ua/catalog/search/filter/brand=542;page=16/?q=Gazer, line 110: SyntaxError: expected expression, got '<'
JavaScript error: https://zhuk.ua/catalog/search/filter/brand=542;page=16/?q=Gazer, line 110: SyntaxError: expected expression, got '<'
JavaScript error: https://zhuk.ua/catalog/search/filter/brand=542;page=16/?q=Gazer, line 120: SyntaxError: expected expression, got '<'
JavaScript error: https://zhuk.ua/catalog/search/filter/brand=542;page=17/?q=Gazer, line 110: SyntaxError: expected expression, got '<'
JavaScript error: https://zhuk.ua/catalog/search/filter/brand=542;page=17/?q=Gazer, line 110: SyntaxError: expected expression, got '<'
JavaScript error: https://zhuk.ua/catalog/search/filter/brand=542;page=17/?q=Gazer, line 120: SyntaxError: expected expression, got '<'
JavaScript error: https://zhuk.ua/catalog/search/filter/brand=542;page=18/?q=Gazer, line 110: SyntaxError: expected expression, got '<'
JavaScript error: https://zhuk.ua/catalog/search/filter/brand=542;page=18/?q=Gazer, line 110: SyntaxError: expected expression, got '<'
JavaScript error: https://zhuk.ua/catalog/search/filter/brand=542;page=18/?q=Gazer, line 120: SyntaxError: expected expression, got '<'
JavaScript error: https://zhuk.ua/catalog/search/filter/brand=542;page=19/?q=Gazer, line 110: SyntaxError: expected expression, got '<'
JavaScript error: https://zhuk.ua/catalog/search/filter/brand=542;page=19/?q=Gazer, line 110: SyntaxError: expected expression, got '<'
JavaScript error: https://zhuk.ua/catalog/search/filter/brand=542;page=19/?q=Gazer, line 120: SyntaxError: expected expression, got '<'
JavaScript error: https://zhuk.ua/catalog/search/filter/brand=542;page=20/?q=Gazer, line 110: SyntaxError: expected expression, got '<'
JavaScript error: https://zhuk.ua/catalog/search/filter/brand=542;page=20/?q=Gazer, line 110: SyntaxError: expected expression, got '<'
JavaScript error: https://zhuk.ua/catalog/search/filter/brand=542;page=20/?q=Gazer, line 120: SyntaxError: expected expression, got '<'
JavaScript error: https://zhuk.ua/catalog/search/filter/brand=542;page=21/?q=Gazer, line 110: SyntaxError: expected expression, got '<'
JavaScript error: https://zhuk.ua/catalog/search/filter/brand=542;page=21/?q=Gazer, line 110: SyntaxError: expected expression, got '<'
JavaScript error: https://zhuk.ua/catalog/search/filter/brand=542;page=21/?q=Gazer, line 120: SyntaxError: expected expression, got '<'
JavaScript error: https://zhuk.ua/catalog/search/filter/brand=542;page=22/?q=Gazer, line 110: SyntaxError: expected expression, got '<'
JavaScript error: https://zhuk.ua/catalog/search/filter/brand=542;page=22/?q=Gazer, line 110: SyntaxError: expected expression, got '<'
JavaScript error: https://zhuk.ua/catalog/search/filter/brand=542;page=22/?q=Gazer, line 120: SyntaxError: expected expression, got '<'
JavaScript error: https://zhuk.ua/catalog/search/filter/brand=542;page=23/?q=Gazer, line 110: SyntaxError: expected expression, got '<'
JavaScript error: https://zhuk.ua/catalog/search/filter/brand=542;page=23/?q=Gazer, line 110: SyntaxError: expected expression, got '<'
JavaScript error: https://zhuk.ua/catalog/search/filter/brand=542;page=23/?q=Gazer, line 120: SyntaxError: expected expression, got '<'
JavaScript error: https://zhuk.ua/catalog/search/filter/brand=542;page=24/?q=Gazer, line 109: SyntaxError: expected expression, got '<'
JavaScript error: https://zhuk.ua/catalog/search/filter/brand=542;page=24/?q=Gazer, line 109: SyntaxError: expected expression, got '<'
JavaScript error: https://zhuk.ua/catalog/search/filter/brand=542;page=24/?q=Gazer, line 119: SyntaxError: expected expression, got '<'
1639734544842	Marionette	INFO	Stopped listening on port 57220

###!!! [Parent][RunMessage] Error: Channel closing: too late to send/recv, messages will be lost

1639734569422	geckodriver	INFO	Listening on 127.0.0.1:57687
1639734572210	mozrunner::runner	INFO	Running command: "C:\\Program Files\\Mozilla Firefox\\firefox.exe" "--marionette" "--headless" "--remote-debugging-port" "57688" "-no-remote" "-profile" "C:\\Users\\TEMPDE~1.001\\AppData\\Local\\Temp\\rust_mozprofile5bdKfh"
*** You are running in headless mode.
1639734572891	Marionette	INFO	Marionette enabled
[GFX1-]: RenderCompositorSWGL failed mapping default framebuffer, no dt
console.warn: SearchSettings: "get: No settings file exists, new profile?" (new NotFoundError("Could not open the file at C:\\Users\\TEMP.DESKTOP-QHK6G7M.001\\AppData\\Local\\Temp\\rust_mozprofile5bdKfh\\search.json.mozlz4", (void 0)))
DevTools listening on ws://localhost:57688/devtools/browser/1a0f79de-afe4-47ea-b383-f94577b1d079
1639734574647	Marionette	INFO	Listening on port 57693
1639734574905	RemoteAgent	WARN	TLS certificate errors will be ignored for this session
JavaScript error: https://zhuk.ua/catalog/search/filter/brand=542;page=1/?q=Gazer, line 109: SyntaxError: expected expression, got '<'
JavaScript error: https://zhuk.ua/catalog/search/filter/brand=542;page=1/?q=Gazer, line 109: SyntaxError: expected expression, got '<'
JavaScript error: https://zhuk.ua/catalog/search/filter/brand=542;page=1/?q=Gazer, line 119: SyntaxError: expected expression, got '<'
JavaScript warning: https://cdn.jsdelivr.net/npm/yandex-metrica-watch/tag.js, line 10: WEBGL_debug_renderer_info is deprecated in Firefox and will be removed. Please use RENDERER.
JavaScript error: https://zhuk.ua/catalog/search/filter/brand=542;page=2/?q=Gazer, line 110: SyntaxError: expected expression, got '<'
JavaScript error: https://zhuk.ua/catalog/search/filter/brand=542;page=2/?q=Gazer, line 110: SyntaxError: expected expression, got '<'
JavaScript error: https://zhuk.ua/catalog/search/filter/brand=542;page=2/?q=Gazer, line 120: SyntaxError: expected expression, got '<'
JavaScript error: https://zhuk.ua/catalog/search/filter/brand=542;page=3/?q=Gazer, line 110: SyntaxError: expected expression, got '<'
JavaScript error: https://zhuk.ua/catalog/search/filter/brand=542;page=3/?q=Gazer, line 110: SyntaxError: expected expression, got '<'
JavaScript error: https://zhuk.ua/catalog/search/filter/brand=542;page=3/?q=Gazer, line 120: SyntaxError: expected expression, got '<'
JavaScript error: https://zhuk.ua/catalog/search/filter/brand=542;page=4/?q=Gazer, line 110: SyntaxError: expected expression, got '<'
JavaScript error: https://zhuk.ua/catalog/search/filter/brand=542;page=4/?q=Gazer, line 110: SyntaxError: expected expression, got '<'
JavaScript error: https://zhuk.ua/catalog/search/filter/brand=542;page=4/?q=Gazer, line 120: SyntaxError: expected expression, got '<'
JavaScript error: https://zhuk.ua/catalog/search/filter/brand=542;page=5/?q=Gazer, line 110: SyntaxError: expected expression, got '<'
JavaScript error: https://zhuk.ua/catalog/search/filter/brand=542;page=5/?q=Gazer, line 110: SyntaxError: expected expression, got '<'
JavaScript error: https://zhuk.ua/catalog/search/filter/brand=542;page=5/?q=Gazer, line 120: SyntaxError: expected expression, got '<'
JavaScript error: https://zhuk.ua/catalog/search/filter/brand=542;page=6/?q=Gazer, line 110: SyntaxError: expected expression, got '<'
JavaScript error: https://zhuk.ua/catalog/search/filter/brand=542;page=6/?q=Gazer, line 110: SyntaxError: expected expression, got '<'
JavaScript error: https://zhuk.ua/catalog/search/filter/brand=542;page=6/?q=Gazer, line 120: SyntaxError: expected expression, got '<'
JavaScript error: https://zhuk.ua/catalog/search/filter/brand=542;page=7/?q=Gazer, line 110: SyntaxError: expected expression, got '<'
JavaScript error: https://zhuk.ua/catalog/search/filter/brand=542;page=7/?q=Gazer, line 110: SyntaxError: expected expression, got '<'
JavaScript error: https://zhuk.ua/catalog/search/filter/brand=542;page=7/?q=Gazer, line 120: SyntaxError: expected expression, got '<'
JavaScript error: https://zhuk.ua/catalog/search/filter/brand=542;page=8/?q=Gazer, line 110: SyntaxError: expected expression, got '<'
JavaScript error: https://zhuk.ua/catalog/search/filter/brand=542;page=8/?q=Gazer, line 110: SyntaxError: expected expression, got '<'
JavaScript error: https://zhuk.ua/catalog/search/filter/brand=542;page=8/?q=Gazer, line 120: SyntaxError: expected expression, got '<'
JavaScript error: https://zhuk.ua/catalog/search/filter/brand=542;page=9/?q=Gazer, line 110: SyntaxError: expected expression, got '<'
JavaScript error: https://zhuk.ua/catalog/search/filter/brand=542;page=9/?q=Gazer, line 110: SyntaxError: expected expression, got '<'
JavaScript error: https://zhuk.ua/catalog/search/filter/brand=542;page=9/?q=Gazer, line 120: SyntaxError: expected expression, got '<'
JavaScript error: https://zhuk.ua/catalog/search/filter/brand=542;page=10/?q=Gazer, line 110: SyntaxError: expected expression, got '<'
JavaScript error: https://zhuk.ua/catalog/search/filter/brand=542;page=10/?q=Gazer, line 110: SyntaxError: expected expression, got '<'
JavaScript error: https://zhuk.ua/catalog/search/filter/brand=542;page=10/?q=Gazer, line 120: SyntaxError: expected expression, got '<'
JavaScript error: https://zhuk.ua/catalog/search/filter/brand=542;page=11/?q=Gazer, line 110: SyntaxError: expected expression, got '<'
JavaScript error: https://zhuk.ua/catalog/search/filter/brand=542;page=11/?q=Gazer, line 110: SyntaxError: expected expression, got '<'
JavaScript error: https://zhuk.ua/catalog/search/filter/brand=542;page=11/?q=Gazer, line 120: SyntaxError: expected expression, got '<'
JavaScript error: https://zhuk.ua/catalog/search/filter/brand=542;page=12/?q=Gazer, line 110: SyntaxError: expected expression, got '<'
JavaScript error: https://zhuk.ua/catalog/search/filter/brand=542;page=12/?q=Gazer, line 110: SyntaxError: expected expression, got '<'
JavaScript error: https://zhuk.ua/catalog/search/filter/brand=542;page=12/?q=Gazer, line 120: SyntaxError: expected expression, got '<'
JavaScript error: https://zhuk.ua/catalog/search/filter/brand=542;page=13/?q=Gazer, line 110: SyntaxError: expected expression, got '<'
JavaScript error: https://zhuk.ua/catalog/search/filter/brand=542;page=13/?q=Gazer, line 110: SyntaxError: expected expression, got '<'
JavaScript error: https://zhuk.ua/catalog/search/filter/brand=542;page=13/?q=Gazer, line 120: SyntaxError: expected expression, got '<'
JavaScript error: https://zhuk.ua/catalog/search/filter/brand=542;page=14/?q=Gazer, line 110: SyntaxError: expected expression, got '<'
JavaScript error: https://zhuk.ua/catalog/search/filter/brand=542;page=14/?q=Gazer, line 110: SyntaxError: expected expression, got '<'
JavaScript error: https://zhuk.ua/catalog/search/filter/brand=542;page=14/?q=Gazer, line 120: SyntaxError: expected expression, got '<'
JavaScript error: https://zhuk.ua/catalog/search/filter/brand=542;page=15/?q=Gazer, line 110: SyntaxError: expected expression, got '<'
JavaScript error: https://zhuk.ua/catalog/search/filter/brand=542;page=15/?q=Gazer, line 110: SyntaxError: expected expression, got '<'
JavaScript error: https://zhuk.ua/catalog/search/filter/brand=542;page=15/?q=Gazer, line 120: SyntaxError: expected expression, got '<'
JavaScript error: https://zhuk.ua/catalog/search/filter/brand=542;page=16/?q=Gazer, line 110: SyntaxError: expected expression, got '<'
JavaScript error: https://zhuk.ua/catalog/search/filter/brand=542;page=16/?q=Gazer, line 110: SyntaxError: expected expression, got '<'
JavaScript error: https://zhuk.ua/catalog/search/filter/brand=542;page=16/?q=Gazer, line 120: SyntaxError: expected expression, got '<'
JavaScript error: https://zhuk.ua/catalog/search/filter/brand=542;page=17/?q=Gazer, line 110: SyntaxError: expected expression, got '<'
JavaScript error: https://zhuk.ua/catalog/search/filter/brand=542;page=17/?q=Gazer, line 110: SyntaxError: expected expression, got '<'
JavaScript error: https://zhuk.ua/catalog/search/filter/brand=542;page=17/?q=Gazer, line 120: SyntaxError: expected expression, got '<'
JavaScript error: https://zhuk.ua/catalog/search/filter/brand=542;page=18/?q=Gazer, line 110: SyntaxError: expected expression, got '<'
JavaScript error: https://zhuk.ua/catalog/search/filter/brand=542;page=18/?q=Gazer, line 110: SyntaxError: expected expression, got '<'
JavaScript error: https://zhuk.ua/catalog/search/filter/brand=542;page=18/?q=Gazer, line 120: SyntaxError: expected expression, got '<'
JavaScript error: https://zhuk.ua/catalog/search/filter/brand=542;page=19/?q=Gazer, line 110: SyntaxError: expected expression, got '<'
JavaScript error: https://zhuk.ua/catalog/search/filter/brand=542;page=19/?q=Gazer, line 110: SyntaxError: expected expression, got '<'
JavaScript error: https://zhuk.ua/catalog/search/filter/brand=542;page=19/?q=Gazer, line 120: SyntaxError: expected expression, got '<'
JavaScript error: https://zhuk.ua/catalog/search/filter/brand=542;page=20/?q=Gazer, line 110: SyntaxError: expected expression, got '<'
JavaScript error: https://zhuk.ua/catalog/search/filter/brand=542;page=20/?q=Gazer, line 110: SyntaxError: expected expression, got '<'
JavaScript error: https://zhuk.ua/catalog/search/filter/brand=542;page=20/?q=Gazer, line 120: SyntaxError: expected expression, got '<'
JavaScript error: https://zhuk.ua/catalog/search/filter/brand=542;page=21/?q=Gazer, line 110: SyntaxError: expected expression, got '<'
JavaScript error: https://zhuk.ua/catalog/search/filter/brand=542;page=21/?q=Gazer, line 110: SyntaxError: expected expression, got '<'
JavaScript error: https://zhuk.ua/catalog/search/filter/brand=542;page=21/?q=Gazer, line 120: SyntaxError: expected expression, got '<'
JavaScript error: https://zhuk.ua/catalog/search/filter/brand=542;page=22/?q=Gazer, line 110: SyntaxError: expected expression, got '<'
JavaScript error: https://zhuk.ua/catalog/search/filter/brand=542;page=22/?q=Gazer, line 110: SyntaxError: expected expression, got '<'
JavaScript error: https://zhuk.ua/catalog/search/filter/brand=542;page=22/?q=Gazer, line 120: SyntaxError: expected expression, got '<'
JavaScript error: https://zhuk.ua/catalog/search/filter/brand=542;page=23/?q=Gazer, line 110: SyntaxError: expected expression, got '<'
JavaScript error: https://zhuk.ua/catalog/search/filter/brand=542;page=23/?q=Gazer, line 110: SyntaxError: expected expression, got '<'
JavaScript error: https://zhuk.ua/catalog/search/filter/brand=542;page=23/?q=Gazer, line 120: SyntaxError: expected expression, got '<'
JavaScript error: https://zhuk.ua/catalog/search/filter/brand=542;page=24/?q=Gazer, line 109: SyntaxError: expected expression, got '<'
JavaScript error: https://zhuk.ua/catalog/search/filter/brand=542;page=24/?q=Gazer, line 109: SyntaxError: expected expression, got '<'
JavaScript error: https://zhuk.ua/catalog/search/filter/brand=542;page=24/?q=Gazer, line 119: SyntaxError: expected expression, got '<'
1639734978017	Marionette	INFO	Stopped listening on port 57693
[Parent 14656, IPC I/O Parent] WARNING: file /builds/worker/checkouts/gecko/ipc/chromium/src/base/process_util_win.cc:167
1639735139133	geckodriver	INFO	Listening on 127.0.0.1:63623
1639735142189	mozrunner::runner	INFO	Running command: "C:\\Program Files\\Mozilla Firefox\\firefox.exe" "--marionette" "--headless" "--remote-debugging-port" "63624" "-no-remote" "-profile" "C:\\Users\\TEMPDE~1.001\\AppData\\Local\\Temp\\rust_mozprofileDqsEu8"
*** You are running in headless mode.
1639735142541	Marionette	INFO	Marionette enabled
[GFX1-]: RenderCompositorSWGL failed mapping default framebuffer, no dt
console.warn: SearchSettings: "get: No settings file exists, new profile?" (new NotFoundError("Could not open the file at C:\\Users\\TEMP.DESKTOP-QHK6G7M.001\\AppData\\Local\\Temp\\rust_mozprofileDqsEu8\\search.json.mozlz4", (void 0)))
DevTools listening on ws://localhost:63624/devtools/browser/92881195-2924-400d-88fa-2a1190cb5451
1639735144115	Marionette	INFO	Listening on port 63629
1639735144258	RemoteAgent	WARN	TLS certificate errors will be ignored for this session
JavaScript error: https://zhuk.ua/catalog/search/filter/brand=542;page=1/?q=Gazer, line 109: SyntaxError: expected expression, got '<'
JavaScript error: https://zhuk.ua/catalog/search/filter/brand=542;page=1/?q=Gazer, line 109: SyntaxError: expected expression, got '<'
JavaScript error: https://zhuk.ua/catalog/search/filter/brand=542;page=1/?q=Gazer, line 119: SyntaxError: expected expression, got '<'
JavaScript warning: https://cdn.jsdelivr.net/npm/yandex-metrica-watch/tag.js, line 10: WEBGL_debug_renderer_info is deprecated in Firefox and will be removed. Please use RENDERER.
JavaScript error: https://zhuk.ua/catalog/search/filter/brand=542;page=2/?q=Gazer, line 110: SyntaxError: expected expression, got '<'
JavaScript error: https://zhuk.ua/catalog/search/filter/brand=542;page=2/?q=Gazer, line 110: SyntaxError: expected expression, got '<'
JavaScript error: https://zhuk.ua/catalog/search/filter/brand=542;page=2/?q=Gazer, line 120: SyntaxError: expected expression, got '<'
JavaScript error: https://zhuk.ua/catalog/search/filter/brand=542;page=3/?q=Gazer, line 110: SyntaxError: expected expression, got '<'
JavaScript error: https://zhuk.ua/catalog/search/filter/brand=542;page=3/?q=Gazer, line 110: SyntaxError: expected expression, got '<'
JavaScript error: https://zhuk.ua/catalog/search/filter/brand=542;page=3/?q=Gazer, line 120: SyntaxError: expected expression, got '<'
JavaScript error: https://zhuk.ua/catalog/search/filter/brand=542;page=4/?q=Gazer, line 110: SyntaxError: expected expression, got '<'
JavaScript error: https://zhuk.ua/catalog/search/filter/brand=542;page=4/?q=Gazer, line 110: SyntaxError: expected expression, got '<'
JavaScript error: https://zhuk.ua/catalog/search/filter/brand=542;page=4/?q=Gazer, line 120: SyntaxError: expected expression, got '<'
JavaScript error: https://zhuk.ua/catalog/search/filter/brand=542;page=5/?q=Gazer, line 110: SyntaxError: expected expression, got '<'
JavaScript error: https://zhuk.ua/catalog/search/filter/brand=542;page=5/?q=Gazer, line 110: SyntaxError: expected expression, got '<'
JavaScript error: https://zhuk.ua/catalog/search/filter/brand=542;page=5/?q=Gazer, line 120: SyntaxError: expected expression, got '<'
JavaScript error: https://zhuk.ua/catalog/search/filter/brand=542;page=6/?q=Gazer, line 110: SyntaxError: expected expression, got '<'
JavaScript error: https://zhuk.ua/catalog/search/filter/brand=542;page=6/?q=Gazer, line 110: SyntaxError: expected expression, got '<'
JavaScript error: https://zhuk.ua/catalog/search/filter/brand=542;page=6/?q=Gazer, line 120: SyntaxError: expected expression, got '<'
JavaScript error: https://zhuk.ua/catalog/search/filter/brand=542;page=7/?q=Gazer, line 110: SyntaxError: expected expression, got '<'
JavaScript error: https://zhuk.ua/catalog/search/filter/brand=542;page=7/?q=Gazer, line 110: SyntaxError: expected expression, got '<'
JavaScript error: https://zhuk.ua/catalog/search/filter/brand=542;page=7/?q=Gazer, line 120: SyntaxError: expected expression, got '<'
JavaScript error: https://zhuk.ua/catalog/search/filter/brand=542;page=8/?q=Gazer, line 110: SyntaxError: expected expression, got '<'
JavaScript error: https://zhuk.ua/catalog/search/filter/brand=542;page=8/?q=Gazer, line 110: SyntaxError: expected expression, got '<'
JavaScript error: https://zhuk.ua/catalog/search/filter/brand=542;page=8/?q=Gazer, line 120: SyntaxError: expected expression, got '<'
JavaScript error: https://zhuk.ua/catalog/search/filter/brand=542;page=9/?q=Gazer, line 110: SyntaxError: expected expression, got '<'
JavaScript error: https://zhuk.ua/catalog/search/filter/brand=542;page=9/?q=Gazer, line 110: SyntaxError: expected expression, got '<'
JavaScript error: https://zhuk.ua/catalog/search/filter/brand=542;page=9/?q=Gazer, line 120: SyntaxError: expected expression, got '<'
JavaScript error: https://zhuk.ua/catalog/search/filter/brand=542;page=10/?q=Gazer, line 110: SyntaxError: expected expression, got '<'
JavaScript error: https://zhuk.ua/catalog/search/filter/brand=542;page=10/?q=Gazer, line 110: SyntaxError: expected expression, got '<'
JavaScript error: https://zhuk.ua/catalog/search/filter/brand=542;page=10/?q=Gazer, line 120: SyntaxError: expected expression, got '<'
JavaScript error: https://zhuk.ua/catalog/search/filter/brand=542;page=11/?q=Gazer, line 110: SyntaxError: expected expression, got '<'
JavaScript error: https://zhuk.ua/catalog/search/filter/brand=542;page=11/?q=Gazer, line 110: SyntaxError: expected expression, got '<'
JavaScript error: https://zhuk.ua/catalog/search/filter/brand=542;page=11/?q=Gazer, line 120: SyntaxError: expected expression, got '<'
JavaScript error: https://zhuk.ua/catalog/search/filter/brand=542;page=12/?q=Gazer, line 110: SyntaxError: expected expression, got '<'
JavaScript error: https://zhuk.ua/catalog/search/filter/brand=542;page=12/?q=Gazer, line 110: SyntaxError: expected expression, got '<'
JavaScript error: https://zhuk.ua/catalog/search/filter/brand=542;page=12/?q=Gazer, line 120: SyntaxError: expected expression, got '<'
JavaScript error: https://zhuk.ua/catalog/search/filter/brand=542;page=13/?q=Gazer, line 110: SyntaxError: expected expression, got '<'
JavaScript error: https://zhuk.ua/catalog/search/filter/brand=542;page=13/?q=Gazer, line 110: SyntaxError: expected expression, got '<'
JavaScript error: https://zhuk.ua/catalog/search/filter/brand=542;page=13/?q=Gazer, line 120: SyntaxError: expected expression, got '<'
JavaScript error: https://zhuk.ua/catalog/search/filter/brand=542;page=14/?q=Gazer, line 110: SyntaxError: expected expression, got '<'
JavaScript error: https://zhuk.ua/catalog/search/filter/brand=542;page=14/?q=Gazer, line 110: SyntaxError: expected expression, got '<'
JavaScript error: https://zhuk.ua/catalog/search/filter/brand=542;page=14/?q=Gazer, line 120: SyntaxError: expected expression, got '<'
JavaScript error: https://zhuk.ua/catalog/search/filter/brand=542;page=15/?q=Gazer, line 110: SyntaxError: expected expression, got '<'
JavaScript error: https://zhuk.ua/catalog/search/filter/brand=542;page=15/?q=Gazer, line 110: SyntaxError: expected expression, got '<'
JavaScript error: https://zhuk.ua/catalog/search/filter/brand=542;page=15/?q=Gazer, line 120: SyntaxError: expected expression, got '<'
JavaScript error: https://zhuk.ua/catalog/search/filter/brand=542;page=16/?q=Gazer, line 110: SyntaxError: expected expression, got '<'
JavaScript error: https://zhuk.ua/catalog/search/filter/brand=542;page=16/?q=Gazer, line 110: SyntaxError: expected expression, got '<'
JavaScript error: https://zhuk.ua/catalog/search/filter/brand=542;page=16/?q=Gazer, line 120: SyntaxError: expected expression, got '<'
JavaScript error: https://zhuk.ua/catalog/search/filter/brand=542;page=17/?q=Gazer, line 110: SyntaxError: expected expression, got '<'
JavaScript error: https://zhuk.ua/catalog/search/filter/brand=542;page=17/?q=Gazer, line 110: SyntaxError: expected expression, got '<'
JavaScript error: https://zhuk.ua/catalog/search/filter/brand=542;page=17/?q=Gazer, line 120: SyntaxError: expected expression, got '<'
JavaScript error: https://zhuk.ua/catalog/search/filter/brand=542;page=18/?q=Gazer, line 110: SyntaxError: expected expression, got '<'
JavaScript error: https://zhuk.ua/catalog/search/filter/brand=542;page=18/?q=Gazer, line 110: SyntaxError: expected expression, got '<'
JavaScript error: https://zhuk.ua/catalog/search/filter/brand=542;page=18/?q=Gazer, line 120: SyntaxError: expected expression, got '<'
JavaScript error: https://zhuk.ua/catalog/search/filter/brand=542;page=19/?q=Gazer, line 110: SyntaxError: expected expression, got '<'
JavaScript error: https://zhuk.ua/catalog/search/filter/brand=542;page=19/?q=Gazer, line 110: SyntaxError: expected expression, got '<'
JavaScript error: https://zhuk.ua/catalog/search/filter/brand=542;page=19/?q=Gazer, line 120: SyntaxError: expected expression, got '<'
JavaScript error: https://zhuk.ua/catalog/search/filter/brand=542;page=20/?q=Gazer, line 110: SyntaxError: expected expression, got '<'
JavaScript error: https://zhuk.ua/catalog/search/filter/brand=542;page=20/?q=Gazer, line 110: SyntaxError: expected expression, got '<'
JavaScript error: https://zhuk.ua/catalog/search/filter/brand=542;page=20/?q=Gazer, line 120: SyntaxError: expected expression, got '<'
JavaScript error: https://zhuk.ua/catalog/search/filter/brand=542;page=21/?q=Gazer, line 110: SyntaxError: expected expression, got '<'
JavaScript error: https://zhuk.ua/catalog/search/filter/brand=542;page=21/?q=Gazer, line 110: SyntaxError: expected expression, got '<'
JavaScript error: https://zhuk.ua/catalog/search/filter/brand=542;page=21/?q=Gazer, line 120: SyntaxError: expected expression, got '<'
JavaScript error: https://zhuk.ua/catalog/search/filter/brand=542;page=22/?q=Gazer, line 110: SyntaxError: expected expression, got '<'
JavaScript error: https://zhuk.ua/catalog/search/filter/brand=542;page=22/?q=Gazer, line 110: SyntaxError: expected expression, got '<'
JavaScript error: https://zhuk.ua/catalog/search/filter/brand=542;page=22/?q=Gazer, line 120: SyntaxError: expected expression, got '<'
JavaScript error: https://zhuk.ua/catalog/search/filter/brand=542;page=23/?q=Gazer, line 110: SyntaxError: expected expression, got '<'
JavaScript error: https://zhuk.ua/catalog/search/filter/brand=542;page=23/?q=Gazer, line 110: SyntaxError: expected expression, got '<'
JavaScript error: https://zhuk.ua/catalog/search/filter/brand=542;page=23/?q=Gazer, line 120: SyntaxError: expected expression, got '<'
JavaScript error: https://zhuk.ua/catalog/search/filter/brand=542;page=24/?q=Gazer, line 109: SyntaxError: expected expression, got '<'
JavaScript error: https://zhuk.ua/catalog/search/filter/brand=542;page=24/?q=Gazer, line 109: SyntaxError: expected expression, got '<'
JavaScript error: https://zhuk.ua/catalog/search/filter/brand=542;page=24/?q=Gazer, line 119: SyntaxError: expected expression, got '<'
1639735573201	Marionette	INFO	Stopped listening on port 63629

###!!! [Parent][RunMessage] Error: Channel closing: too late to send/recv, messages will be lost

