1634245709594	geckodriver	INFO	Listening on 127.0.0.1:65449
1634245712639	mozrunner::runner	INFO	Running command: "C:\\Program Files\\Mozilla Firefox\\firefox.exe" "--marionette" "--headless" "-no-remote" "-profile" "C:\\Users\\6376~1.()\\AppData\\Local\\Temp\\rust_mozprofileOF2OEW"
*** You are running in headless mode.
1634245717161	Marionette	INFO	Marionette enabled
[GFX1-]: RenderCompositorSWGL failed mapping default framebuffer, no dt
console.warn: SearchSettings: "get: No settings file exists, new profile?" (new NotFoundError("Could not open the file at C:\\Users\\\u041A.\u0411\u043E\u044F\u0440 (\u0412\u0442\u043E\u0440\u043E\u0439)\\AppData\\Local\\Temp\\rust_mozprofileOF2OEW\\search.json.mozlz4", (void 0)))
1634245723915	Marionette	INFO	Listening on port 65457
1634245726140	RemoteAgent	WARN	TLS certificate errors will be ignored for this session
JavaScript warning: https://www.googletagmanager.com/gtm.js?id=GTM-N4LDSTX, line 286: unreachable code after return statement
JavaScript warning: https://www.googletagmanager.com/gtm.js?id=GTM-N4LDSTX, line 286: unreachable code after return statement
JavaScript warning: https://www.googletagmanager.com/gtm.js?id=GTM-N4LDSTX, line 286: unreachable code after return statement
JavaScript warning: https://www.googletagmanager.com/gtm.js?id=GTM-N4LDSTX, line 286: unreachable code after return statement
JavaScript warning: https://www.googletagmanager.com/gtm.js?id=GTM-N4LDSTX, line 286: unreachable code after return statement
JavaScript warning: https://www.googletagmanager.com/gtm.js?id=GTM-N4LDSTX, line 286: unreachable code after return statement
JavaScript warning: https://www.googletagmanager.com/gtm.js?id=GTM-N4LDSTX, line 286: unreachable code after return statement
JavaScript warning: https://www.googletagmanager.com/gtm.js?id=GTM-N4LDSTX, line 286: unreachable code after return statement
JavaScript warning: https://www.googletagmanager.com/gtm.js?id=GTM-N4LDSTX, line 286: unreachable code after return statement
JavaScript warning: https://www.googletagmanager.com/gtm.js?id=GTM-N4LDSTX, line 286: unreachable code after return statement
JavaScript warning: https://www.googletagmanager.com/gtm.js?id=GTM-N4LDSTX, line 286: unreachable code after return statement
JavaScript warning: https://www.googletagmanager.com/gtm.js?id=GTM-N4LDSTX, line 286: unreachable code after return statement
JavaScript warning: https://www.googletagmanager.com/gtm.js?id=GTM-N4LDSTX, line 286: unreachable code after return statement
JavaScript warning: https://www.googletagmanager.com/gtm.js?id=GTM-N4LDSTX, line 286: unreachable code after return statement
JavaScript warning: https://www.googletagmanager.com/gtm.js?id=GTM-N4LDSTX, line 286: unreachable code after return statement
JavaScript warning: https://www.googletagmanager.com/gtm.js?id=GTM-N4LDSTX, line 286: unreachable code after return statement
JavaScript warning: https://www.googletagmanager.com/gtm.js?id=GTM-N4LDSTX, line 286: unreachable code after return statement
JavaScript warning: https://www.googletagmanager.com/gtm.js?id=GTM-N4LDSTX, line 286: unreachable code after return statement
JavaScript warning: https://www.googletagmanager.com/gtm.js?id=GTM-N4LDSTX, line 286: unreachable code after return statement
JavaScript warning: https://www.googletagmanager.com/gtm.js?id=GTM-N4LDSTX, line 286: unreachable code after return statement
JavaScript warning: https://www.googletagmanager.com/gtm.js?id=GTM-N4LDSTX, line 286: unreachable code after return statement
JavaScript warning: https://www.googletagmanager.com/gtm.js?id=GTM-N4LDSTX, line 286: unreachable code after return statement
JavaScript warning: https://www.googletagmanager.com/gtm.js?id=GTM-N4LDSTX, line 286: unreachable code after return statement
JavaScript warning: https://www.googletagmanager.com/gtm.js?id=GTM-N4LDSTX, line 286: unreachable code after return statement
JavaScript warning: https://www.googletagmanager.com/gtm.js?id=GTM-N4LDSTX, line 286: unreachable code after return statement
JavaScript warning: https://www.googletagmanager.com/gtm.js?id=GTM-N4LDSTX, line 286: unreachable code after return statement
1634245823522	Marionette	INFO	Stopped listening on port 65457
JavaScript error: resource:///modules/Interactions.jsm, line 201: NS_ERROR_FAILURE: Component returned failure code: 0x80004005 (NS_ERROR_FAILURE) [nsIUserIdleService.removeIdleObserver]
[Parent 9748, IPC I/O Parent] WARNING: file /builds/worker/checkouts/gecko/ipc/chromium/src/base/process_util_win.cc:167

###!!! [Parent][RunMessage] Error: Channel closing: too late to send/recv, messages will be lost

1634544126486	geckodriver	INFO	Listening on 127.0.0.1:63039
1634544129575	mozrunner::runner	INFO	Running command: "C:\\Program Files\\Mozilla Firefox\\firefox.exe" "--marionette" "--headless" "-no-remote" "-profile" "C:\\Users\\6376~1.()\\AppData\\Local\\Temp\\rust_mozprofile5sHPBt"
*** You are running in headless mode.
1634544137844	Marionette	INFO	Marionette enabled
[GFX1-]: RenderCompositorSWGL failed mapping default framebuffer, no dt
console.warn: SearchSettings: "get: No settings file exists, new profile?" (new NotFoundError("Could not open the file at C:\\Users\\\u041A.\u0411\u043E\u044F\u0440 (\u0412\u0442\u043E\u0440\u043E\u0439)\\AppData\\Local\\Temp\\rust_mozprofile5sHPBt\\search.json.mozlz4", (void 0)))
1634544158220	Marionette	INFO	Listening on port 58241
1634544158655	RemoteAgent	WARN	TLS certificate errors will be ignored for this session
JavaScript warning: https://www.googletagmanager.com/gtm.js?id=GTM-M9XRG9, line 356: unreachable code after return statement
JavaScript warning: https://www.googletagmanager.com/gtm.js?id=GTM-M9XRG9, line 356: unreachable code after return statement
1634544453258	Marionette	INFO	Stopped listening on port 58241
JavaScript error: resource:///modules/Interactions.jsm, line 201: NS_ERROR_FAILURE: Component returned failure code: 0x80004005 (NS_ERROR_FAILURE) [nsIUserIdleService.removeIdleObserver]
[Parent 10480, IPC I/O Parent] WARNING: file /builds/worker/checkouts/gecko/ipc/chromium/src/base/process_util_win.cc:167
[Parent 10480, IPC I/O Parent] WARNING: file /builds/worker/checkouts/gecko/ipc/chromium/src/base/process_util_win.cc:167
[Parent 10480, IPC I/O Parent] WARNING: file /builds/worker/checkouts/gecko/ipc/chromium/src/base/process_util_win.cc:167
1634545491231	geckodriver	INFO	Listening on 127.0.0.1:64174
1634545494298	mozrunner::runner	INFO	Running command: "C:\\Program Files\\Mozilla Firefox\\firefox.exe" "--marionette" "--headless" "-no-remote" "-profile" "C:\\Users\\6376~1.()\\AppData\\Local\\Temp\\rust_mozprofileMfmtlO"
*** You are running in headless mode.
1634545496664	Marionette	INFO	Marionette enabled
[GFX1-]: RenderCompositorSWGL failed mapping default framebuffer, no dt
console.warn: SearchSettings: "get: No settings file exists, new profile?" (new NotFoundError("Could not open the file at C:\\Users\\\u041A.\u0411\u043E\u044F\u0440 (\u0412\u0442\u043E\u0440\u043E\u0439)\\AppData\\Local\\Temp\\rust_mozprofileMfmtlO\\search.json.mozlz4", (void 0)))
1634545501459	Marionette	INFO	Listening on port 50873
1634545501627	RemoteAgent	WARN	TLS certificate errors will be ignored for this session
JavaScript warning: https://www.googletagmanager.com/gtm.js?id=GTM-M9XRG9, line 356: unreachable code after return statement
JavaScript warning: https://www.googletagmanager.com/gtm.js?id=GTM-M9XRG9, line 356: unreachable code after return statement
JavaScript error: https://api.exponea.com/js/exponea.min.js line 23 > Function, line 15: TypeError: registration.active is null
Marionette threw an error: NotFoundError: WindowGlobalParent.getActor: No such JSWindowActor 'MarionetteCommands'
getMarionetteCommandsActorProxy/get/<@chrome://remote/content/marionette/actors/MarionetteCommandsParent.jsm:326:65
unregisterCommandsActor@chrome://remote/content/marionette/actors/MarionetteCommandsParent.jsm:390:15
GeckoDriver.prototype.deleteSession@chrome://remote/content/marionette/driver.js:2141:3
onClosed@chrome://remote/content/marionette/server.js:209:17
close@chrome://remote/content/marionette/transport.js:221:18
onInputStreamReady@chrome://remote/content/marionette/transport.js:375:14

1634545815914	geckodriver	INFO	Listening on 127.0.0.1:52275
1634545818903	mozrunner::runner	INFO	Running command: "C:\\Program Files\\Mozilla Firefox\\firefox.exe" "--marionette" "--headless" "-no-remote" "-profile" "C:\\Users\\6376~1.()\\AppData\\Local\\Temp\\rust_mozprofileMzlvGw"
*** You are running in headless mode.
1634545822144	Marionette	INFO	Marionette enabled
[GFX1-]: RenderCompositorSWGL failed mapping default framebuffer, no dt
console.warn: SearchSettings: "get: No settings file exists, new profile?" (new NotFoundError("Could not open the file at C:\\Users\\\u041A.\u0411\u043E\u044F\u0440 (\u0412\u0442\u043E\u0440\u043E\u0439)\\AppData\\Local\\Temp\\rust_mozprofileMzlvGw\\search.json.mozlz4", (void 0)))
1634545826594	Marionette	INFO	Listening on port 51376
1634545827103	RemoteAgent	WARN	TLS certificate errors will be ignored for this session
JavaScript warning: https://www.googletagmanager.com/gtm.js?id=GTM-M9XRG9, line 356: unreachable code after return statement
JavaScript warning: https://www.googletagmanager.com/gtm.js?id=GTM-M9XRG9, line 356: unreachable code after return statement
JavaScript error: https://api.exponea.com/js/exponea.min.js line 23 > Function, line 15: TypeError: registration.active is null
1634545856418	Marionette	INFO	Stopped listening on port 51376
JavaScript error: resource:///modules/Interactions.jsm, line 201: NS_ERROR_FAILURE: Component returned failure code: 0x80004005 (NS_ERROR_FAILURE) [nsIUserIdleService.removeIdleObserver]

###!!! [Parent][RunMessage] Error: Channel closing: too late to send/recv, messages will be lost

1634547214219	geckodriver	INFO	Listening on 127.0.0.1:53271
1634547217264	mozrunner::runner	INFO	Running command: "C:\\Program Files\\Mozilla Firefox\\firefox.exe" "--marionette" "--headless" "-no-remote" "-profile" "C:\\Users\\6376~1.()\\AppData\\Local\\Temp\\rust_mozprofileZohDUG"
*** You are running in headless mode.
1634547218683	Marionette	INFO	Marionette enabled
[GFX1-]: RenderCompositorSWGL failed mapping default framebuffer, no dt
console.warn: SearchSettings: "get: No settings file exists, new profile?" (new NotFoundError("Could not open the file at C:\\Users\\\u041A.\u0411\u043E\u044F\u0440 (\u0412\u0442\u043E\u0440\u043E\u0439)\\AppData\\Local\\Temp\\rust_mozprofileZohDUG\\search.json.mozlz4", (void 0)))
1634547223127	Marionette	INFO	Listening on port 64118
1634547223793	RemoteAgent	WARN	TLS certificate errors will be ignored for this session
JavaScript warning: https://www.googletagmanager.com/gtm.js?id=GTM-M9XRG9, line 356: unreachable code after return statement
JavaScript error: https://api.exponea.com/js/exponea.min.js line 23 > Function, line 15: TypeError: registration.active is null
JavaScript warning: https://www.googletagmanager.com/gtm.js?id=GTM-M9XRG9, line 356: unreachable code after return statement
JavaScript warning: https://www.googletagmanager.com/gtm.js?id=GTM-M9XRG9, line 356: unreachable code after return statement
JavaScript warning: https://www.googletagmanager.com/gtm.js?id=GTM-M9XRG9, line 356: unreachable code after return statement
JavaScript warning: https://www.googletagmanager.com/gtm.js?id=GTM-M9XRG9, line 356: unreachable code after return statement
JavaScript warning: https://www.googletagmanager.com/gtm.js?id=GTM-M9XRG9, line 356: unreachable code after return statement
JavaScript warning: https://www.googletagmanager.com/gtm.js?id=GTM-M9XRG9, line 356: unreachable code after return statement
JavaScript warning: https://www.googletagmanager.com/gtm.js?id=GTM-M9XRG9, line 356: unreachable code after return statement
JavaScript warning: https://www.googletagmanager.com/gtm.js?id=GTM-M9XRG9, line 356: unreachable code after return statement
JavaScript warning: https://www.googletagmanager.com/gtm.js?id=GTM-M9XRG9, line 356: unreachable code after return statement
JavaScript warning: https://www.googletagmanager.com/gtm.js?id=GTM-M9XRG9, line 356: unreachable code after return statement
JavaScript warning: https://www.googletagmanager.com/gtm.js?id=GTM-M9XRG9, line 356: unreachable code after return statement
JavaScript warning: https://www.googletagmanager.com/gtm.js?id=GTM-M9XRG9, line 356: unreachable code after return statement
JavaScript warning: https://www.googletagmanager.com/gtm.js?id=GTM-M9XRG9, line 356: unreachable code after return statement
JavaScript warning: https://www.googletagmanager.com/gtm.js?id=GTM-M9XRG9, line 356: unreachable code after return statement
JavaScript warning: https://www.googletagmanager.com/gtm.js?id=GTM-M9XRG9, line 356: unreachable code after return statement
JavaScript warning: https://www.googletagmanager.com/gtm.js?id=GTM-M9XRG9, line 356: unreachable code after return statement
JavaScript warning: https://www.googletagmanager.com/gtm.js?id=GTM-M9XRG9, line 356: unreachable code after return statement
JavaScript warning: https://www.googletagmanager.com/gtm.js?id=GTM-M9XRG9, line 356: unreachable code after return statement
JavaScript warning: https://www.googletagmanager.com/gtm.js?id=GTM-M9XRG9, line 356: unreachable code after return statement
JavaScript warning: https://www.googletagmanager.com/gtm.js?id=GTM-M9XRG9, line 356: unreachable code after return statement
JavaScript warning: https://www.googletagmanager.com/gtm.js?id=GTM-M9XRG9, line 356: unreachable code after return statement
JavaScript warning: https://www.googletagmanager.com/gtm.js?id=GTM-M9XRG9, line 356: unreachable code after return statement
JavaScript warning: https://www.googletagmanager.com/gtm.js?id=GTM-M9XRG9, line 356: unreachable code after return statement
JavaScript warning: https://www.googletagmanager.com/gtm.js?id=GTM-M9XRG9, line 356: unreachable code after return statement
JavaScript warning: https://www.googletagmanager.com/gtm.js?id=GTM-M9XRG9, line 356: unreachable code after return statement
JavaScript warning: https://www.googletagmanager.com/gtm.js?id=GTM-M9XRG9, line 356: unreachable code after return statement
JavaScript warning: https://www.googletagmanager.com/gtm.js?id=GTM-M9XRG9, line 356: unreachable code after return statement
JavaScript warning: https://www.googletagmanager.com/gtm.js?id=GTM-M9XRG9, line 356: unreachable code after return statement
JavaScript warning: https://www.googletagmanager.com/gtm.js?id=GTM-M9XRG9, line 356: unreachable code after return statement
JavaScript warning: https://www.googletagmanager.com/gtm.js?id=GTM-M9XRG9, line 356: unreachable code after return statement
JavaScript warning: https://www.googletagmanager.com/gtm.js?id=GTM-M9XRG9, line 356: unreachable code after return statement
JavaScript warning: https://www.googletagmanager.com/gtm.js?id=GTM-M9XRG9, line 356: unreachable code after return statement
JavaScript warning: https://www.googletagmanager.com/gtm.js?id=GTM-M9XRG9, line 356: unreachable code after return statement
JavaScript warning: https://www.googletagmanager.com/gtm.js?id=GTM-M9XRG9, line 356: unreachable code after return statement
JavaScript warning: https://www.googletagmanager.com/gtm.js?id=GTM-M9XRG9, line 356: unreachable code after return statement
JavaScript warning: https://www.googletagmanager.com/gtm.js?id=GTM-M9XRG9, line 356: unreachable code after return statement
JavaScript warning: https://www.googletagmanager.com/gtm.js?id=GTM-M9XRG9, line 356: unreachable code after return statement
JavaScript warning: https://www.googletagmanager.com/gtm.js?id=GTM-M9XRG9, line 356: unreachable code after return statement
JavaScript warning: https://www.googletagmanager.com/gtm.js?id=GTM-M9XRG9, line 356: unreachable code after return statement
JavaScript warning: https://www.googletagmanager.com/gtm.js?id=GTM-M9XRG9, line 356: unreachable code after return statement
JavaScript warning: https://www.googletagmanager.com/gtm.js?id=GTM-M9XRG9, line 356: unreachable code after return statement
JavaScript warning: https://www.googletagmanager.com/gtm.js?id=GTM-M9XRG9, line 356: unreachable code after return statement
JavaScript warning: https://www.googletagmanager.com/gtm.js?id=GTM-M9XRG9, line 356: unreachable code after return statement
JavaScript warning: https://www.googletagmanager.com/gtm.js?id=GTM-M9XRG9, line 356: unreachable code after return statement
JavaScript warning: https://www.googletagmanager.com/gtm.js?id=GTM-M9XRG9, line 356: unreachable code after return statement
JavaScript warning: https://www.googletagmanager.com/gtm.js?id=GTM-M9XRG9, line 357: unreachable code after return statement
JavaScript warning: https://www.googletagmanager.com/gtm.js?id=GTM-M9XRG9, line 357: unreachable code after return statement
JavaScript warning: https://www.googletagmanager.com/gtm.js?id=GTM-M9XRG9, line 356: unreachable code after return statement
JavaScript warning: https://www.googletagmanager.com/gtm.js?id=GTM-M9XRG9, line 356: unreachable code after return statement
1634547722098	Marionette	INFO	Stopped listening on port 64118
JavaScript error: resource:///modules/Interactions.jsm, line 201: NS_ERROR_FAILURE: Component returned failure code: 0x80004005 (NS_ERROR_FAILURE) [nsIUserIdleService.removeIdleObserver]
[Parent 12088, IPC I/O Parent] WARNING: file /builds/worker/checkouts/gecko/ipc/chromium/src/base/process_util_win.cc:167
