1634245709594	geckodriver	INFO	Listening on 127.0.0.1:65449
1634245712639	mozrunner::runner	INFO	Running command: "C:\\Program Files\\Mozilla Firefox\\firefox.exe" "--marionette" "--headless" "-no-remote" "-profile" "C:\\Users\\6376~1.()\\AppData\\Local\\Temp\\rust_mozprofileOF2OEW"
*** You are running in headless mode.
1634245717161	Marionette	INFO	Marionette enabled
[GFX1-]: RenderCompositorSWGL failed mapping default framebuffer, no dt
console.warn: SearchSettings: "get: No settings file exists, new profile?" (new NotFoundError("Could not open the file at C:\\Users\\\u041A.\u0411\u043E\u044F\u0440 (\u0412\u0442\u043E\u0440\u043E\u0439)\\AppData\\Local\\Temp\\rust_mozprofileOF2OEW\\search.json.mozlz4", (void 0)))
1634245723915	Marionette	INFO	Listening on port 65457
1634245726140	RemoteAgent	WARN	TLS certificate errors will be ignored for this session
JavaScript warning: https://www.googletagmanager.com/gtm.js?id=GTM-N4LDSTX, line 286: unreachable code after return statement
JavaScript warning: https://www.googletagmanager.com/gtm.js?id=GTM-N4LDSTX, line 286: unreachable code after return statement
JavaScript warning: https://www.googletagmanager.com/gtm.js?id=GTM-N4LDSTX, line 286: unreachable code after return statement
JavaScript warning: https://www.googletagmanager.com/gtm.js?id=GTM-N4LDSTX, line 286: unreachable code after return statement
JavaScript warning: https://www.googletagmanager.com/gtm.js?id=GTM-N4LDSTX, line 286: unreachable code after return statement
JavaScript warning: https://www.googletagmanager.com/gtm.js?id=GTM-N4LDSTX, line 286: unreachable code after return statement
JavaScript warning: https://www.googletagmanager.com/gtm.js?id=GTM-N4LDSTX, line 286: unreachable code after return statement
JavaScript warning: https://www.googletagmanager.com/gtm.js?id=GTM-N4LDSTX, line 286: unreachable code after return statement
JavaScript warning: https://www.googletagmanager.com/gtm.js?id=GTM-N4LDSTX, line 286: unreachable code after return statement
JavaScript warning: https://www.googletagmanager.com/gtm.js?id=GTM-N4LDSTX, line 286: unreachable code after return statement
JavaScript warning: https://www.googletagmanager.com/gtm.js?id=GTM-N4LDSTX, line 286: unreachable code after return statement
JavaScript warning: https://www.googletagmanager.com/gtm.js?id=GTM-N4LDSTX, line 286: unreachable code after return statement
JavaScript warning: https://www.googletagmanager.com/gtm.js?id=GTM-N4LDSTX, line 286: unreachable code after return statement
JavaScript warning: https://www.googletagmanager.com/gtm.js?id=GTM-N4LDSTX, line 286: unreachable code after return statement
JavaScript warning: https://www.googletagmanager.com/gtm.js?id=GTM-N4LDSTX, line 286: unreachable code after return statement
JavaScript warning: https://www.googletagmanager.com/gtm.js?id=GTM-N4LDSTX, line 286: unreachable code after return statement
JavaScript warning: https://www.googletagmanager.com/gtm.js?id=GTM-N4LDSTX, line 286: unreachable code after return statement
JavaScript warning: https://www.googletagmanager.com/gtm.js?id=GTM-N4LDSTX, line 286: unreachable code after return statement
JavaScript warning: https://www.googletagmanager.com/gtm.js?id=GTM-N4LDSTX, line 286: unreachable code after return statement
JavaScript warning: https://www.googletagmanager.com/gtm.js?id=GTM-N4LDSTX, line 286: unreachable code after return statement
JavaScript warning: https://www.googletagmanager.com/gtm.js?id=GTM-N4LDSTX, line 286: unreachable code after return statement
JavaScript warning: https://www.googletagmanager.com/gtm.js?id=GTM-N4LDSTX, line 286: unreachable code after return statement
JavaScript warning: https://www.googletagmanager.com/gtm.js?id=GTM-N4LDSTX, line 286: unreachable code after return statement
JavaScript warning: https://www.googletagmanager.com/gtm.js?id=GTM-N4LDSTX, line 286: unreachable code after return statement
JavaScript warning: https://www.googletagmanager.com/gtm.js?id=GTM-N4LDSTX, line 286: unreachable code after return statement
JavaScript warning: https://www.googletagmanager.com/gtm.js?id=GTM-N4LDSTX, line 286: unreachable code after return statement
1634245823522	Marionette	INFO	Stopped listening on port 65457
JavaScript error: resource:///modules/Interactions.jsm, line 201: NS_ERROR_FAILURE: Component returned failure code: 0x80004005 (NS_ERROR_FAILURE) [nsIUserIdleService.removeIdleObserver]
[Parent 9748, IPC I/O Parent] WARNING: file /builds/worker/checkouts/gecko/ipc/chromium/src/base/process_util_win.cc:167

###!!! [Parent][RunMessage] Error: Channel closing: too late to send/recv, messages will be lost

1634544126486	geckodriver	INFO	Listening on 127.0.0.1:63039
1634544129575	mozrunner::runner	INFO	Running command: "C:\\Program Files\\Mozilla Firefox\\firefox.exe" "--marionette" "--headless" "-no-remote" "-profile" "C:\\Users\\6376~1.()\\AppData\\Local\\Temp\\rust_mozprofile5sHPBt"
*** You are running in headless mode.
1634544137844	Marionette	INFO	Marionette enabled
[GFX1-]: RenderCompositorSWGL failed mapping default framebuffer, no dt
console.warn: SearchSettings: "get: No settings file exists, new profile?" (new NotFoundError("Could not open the file at C:\\Users\\\u041A.\u0411\u043E\u044F\u0440 (\u0412\u0442\u043E\u0440\u043E\u0439)\\AppData\\Local\\Temp\\rust_mozprofile5sHPBt\\search.json.mozlz4", (void 0)))
1634544158220	Marionette	INFO	Listening on port 58241
1634544158655	RemoteAgent	WARN	TLS certificate errors will be ignored for this session
JavaScript warning: https://www.googletagmanager.com/gtm.js?id=GTM-M9XRG9, line 356: unreachable code after return statement
JavaScript warning: https://www.googletagmanager.com/gtm.js?id=GTM-M9XRG9, line 356: unreachable code after return statement
1634544453258	Marionette	INFO	Stopped listening on port 58241
JavaScript error: resource:///modules/Interactions.jsm, line 201: NS_ERROR_FAILURE: Component returned failure code: 0x80004005 (NS_ERROR_FAILURE) [nsIUserIdleService.removeIdleObserver]
[Parent 10480, IPC I/O Parent] WARNING: file /builds/worker/checkouts/gecko/ipc/chromium/src/base/process_util_win.cc:167
[Parent 10480, IPC I/O Parent] WARNING: file /builds/worker/checkouts/gecko/ipc/chromium/src/base/process_util_win.cc:167
[Parent 10480, IPC I/O Parent] WARNING: file /builds/worker/checkouts/gecko/ipc/chromium/src/base/process_util_win.cc:167
1634545491231	geckodriver	INFO	Listening on 127.0.0.1:64174
1634545494298	mozrunner::runner	INFO	Running command: "C:\\Program Files\\Mozilla Firefox\\firefox.exe" "--marionette" "--headless" "-no-remote" "-profile" "C:\\Users\\6376~1.()\\AppData\\Local\\Temp\\rust_mozprofileMfmtlO"
*** You are running in headless mode.
1634545496664	Marionette	INFO	Marionette enabled
[GFX1-]: RenderCompositorSWGL failed mapping default framebuffer, no dt
console.warn: SearchSettings: "get: No settings file exists, new profile?" (new NotFoundError("Could not open the file at C:\\Users\\\u041A.\u0411\u043E\u044F\u0440 (\u0412\u0442\u043E\u0440\u043E\u0439)\\AppData\\Local\\Temp\\rust_mozprofileMfmtlO\\search.json.mozlz4", (void 0)))
1634545501459	Marionette	INFO	Listening on port 50873
1634545501627	RemoteAgent	WARN	TLS certificate errors will be ignored for this session
JavaScript warning: https://www.googletagmanager.com/gtm.js?id=GTM-M9XRG9, line 356: unreachable code after return statement
JavaScript warning: https://www.googletagmanager.com/gtm.js?id=GTM-M9XRG9, line 356: unreachable code after return statement
JavaScript error: https://api.exponea.com/js/exponea.min.js line 23 > Function, line 15: TypeError: registration.active is null
Marionette threw an error: NotFoundError: WindowGlobalParent.getActor: No such JSWindowActor 'MarionetteCommands'
getMarionetteCommandsActorProxy/get/<@chrome://remote/content/marionette/actors/MarionetteCommandsParent.jsm:326:65
unregisterCommandsActor@chrome://remote/content/marionette/actors/MarionetteCommandsParent.jsm:390:15
GeckoDriver.prototype.deleteSession@chrome://remote/content/marionette/driver.js:2141:3
onClosed@chrome://remote/content/marionette/server.js:209:17
close@chrome://remote/content/marionette/transport.js:221:18
onInputStreamReady@chrome://remote/content/marionette/transport.js:375:14

1634545815914	geckodriver	INFO	Listening on 127.0.0.1:52275
1634545818903	mozrunner::runner	INFO	Running command: "C:\\Program Files\\Mozilla Firefox\\firefox.exe" "--marionette" "--headless" "-no-remote" "-profile" "C:\\Users\\6376~1.()\\AppData\\Local\\Temp\\rust_mozprofileMzlvGw"
*** You are running in headless mode.
1634545822144	Marionette	INFO	Marionette enabled
[GFX1-]: RenderCompositorSWGL failed mapping default framebuffer, no dt
console.warn: SearchSettings: "get: No settings file exists, new profile?" (new NotFoundError("Could not open the file at C:\\Users\\\u041A.\u0411\u043E\u044F\u0440 (\u0412\u0442\u043E\u0440\u043E\u0439)\\AppData\\Local\\Temp\\rust_mozprofileMzlvGw\\search.json.mozlz4", (void 0)))
1634545826594	Marionette	INFO	Listening on port 51376
1634545827103	RemoteAgent	WARN	TLS certificate errors will be ignored for this session
JavaScript warning: https://www.googletagmanager.com/gtm.js?id=GTM-M9XRG9, line 356: unreachable code after return statement
JavaScript warning: https://www.googletagmanager.com/gtm.js?id=GTM-M9XRG9, line 356: unreachable code after return statement
JavaScript error: https://api.exponea.com/js/exponea.min.js line 23 > Function, line 15: TypeError: registration.active is null
1634545856418	Marionette	INFO	Stopped listening on port 51376
JavaScript error: resource:///modules/Interactions.jsm, line 201: NS_ERROR_FAILURE: Component returned failure code: 0x80004005 (NS_ERROR_FAILURE) [nsIUserIdleService.removeIdleObserver]

###!!! [Parent][RunMessage] Error: Channel closing: too late to send/recv, messages will be lost

1634547214219	geckodriver	INFO	Listening on 127.0.0.1:53271
1634547217264	mozrunner::runner	INFO	Running command: "C:\\Program Files\\Mozilla Firefox\\firefox.exe" "--marionette" "--headless" "-no-remote" "-profile" "C:\\Users\\6376~1.()\\AppData\\Local\\Temp\\rust_mozprofileZohDUG"
*** You are running in headless mode.
1634547218683	Marionette	INFO	Marionette enabled
[GFX1-]: RenderCompositorSWGL failed mapping default framebuffer, no dt
console.warn: SearchSettings: "get: No settings file exists, new profile?" (new NotFoundError("Could not open the file at C:\\Users\\\u041A.\u0411\u043E\u044F\u0440 (\u0412\u0442\u043E\u0440\u043E\u0439)\\AppData\\Local\\Temp\\rust_mozprofileZohDUG\\search.json.mozlz4", (void 0)))
1634547223127	Marionette	INFO	Listening on port 64118
1634547223793	RemoteAgent	WARN	TLS certificate errors will be ignored for this session
JavaScript warning: https://www.googletagmanager.com/gtm.js?id=GTM-M9XRG9, line 356: unreachable code after return statement
JavaScript error: https://api.exponea.com/js/exponea.min.js line 23 > Function, line 15: TypeError: registration.active is null
JavaScript warning: https://www.googletagmanager.com/gtm.js?id=GTM-M9XRG9, line 356: unreachable code after return statement
JavaScript warning: https://www.googletagmanager.com/gtm.js?id=GTM-M9XRG9, line 356: unreachable code after return statement
JavaScript warning: https://www.googletagmanager.com/gtm.js?id=GTM-M9XRG9, line 356: unreachable code after return statement
JavaScript warning: https://www.googletagmanager.com/gtm.js?id=GTM-M9XRG9, line 356: unreachable code after return statement
JavaScript warning: https://www.googletagmanager.com/gtm.js?id=GTM-M9XRG9, line 356: unreachable code after return statement
JavaScript warning: https://www.googletagmanager.com/gtm.js?id=GTM-M9XRG9, line 356: unreachable code after return statement
JavaScript warning: https://www.googletagmanager.com/gtm.js?id=GTM-M9XRG9, line 356: unreachable code after return statement
JavaScript warning: https://www.googletagmanager.com/gtm.js?id=GTM-M9XRG9, line 356: unreachable code after return statement
JavaScript warning: https://www.googletagmanager.com/gtm.js?id=GTM-M9XRG9, line 356: unreachable code after return statement
JavaScript warning: https://www.googletagmanager.com/gtm.js?id=GTM-M9XRG9, line 356: unreachable code after return statement
JavaScript warning: https://www.googletagmanager.com/gtm.js?id=GTM-M9XRG9, line 356: unreachable code after return statement
JavaScript warning: https://www.googletagmanager.com/gtm.js?id=GTM-M9XRG9, line 356: unreachable code after return statement
JavaScript warning: https://www.googletagmanager.com/gtm.js?id=GTM-M9XRG9, line 356: unreachable code after return statement
JavaScript warning: https://www.googletagmanager.com/gtm.js?id=GTM-M9XRG9, line 356: unreachable code after return statement
JavaScript warning: https://www.googletagmanager.com/gtm.js?id=GTM-M9XRG9, line 356: unreachable code after return statement
JavaScript warning: https://www.googletagmanager.com/gtm.js?id=GTM-M9XRG9, line 356: unreachable code after return statement
JavaScript warning: https://www.googletagmanager.com/gtm.js?id=GTM-M9XRG9, line 356: unreachable code after return statement
JavaScript warning: https://www.googletagmanager.com/gtm.js?id=GTM-M9XRG9, line 356: unreachable code after return statement
JavaScript warning: https://www.googletagmanager.com/gtm.js?id=GTM-M9XRG9, line 356: unreachable code after return statement
JavaScript warning: https://www.googletagmanager.com/gtm.js?id=GTM-M9XRG9, line 356: unreachable code after return statement
JavaScript warning: https://www.googletagmanager.com/gtm.js?id=GTM-M9XRG9, line 356: unreachable code after return statement
JavaScript warning: https://www.googletagmanager.com/gtm.js?id=GTM-M9XRG9, line 356: unreachable code after return statement
JavaScript warning: https://www.googletagmanager.com/gtm.js?id=GTM-M9XRG9, line 356: unreachable code after return statement
JavaScript warning: https://www.googletagmanager.com/gtm.js?id=GTM-M9XRG9, line 356: unreachable code after return statement
JavaScript warning: https://www.googletagmanager.com/gtm.js?id=GTM-M9XRG9, line 356: unreachable code after return statement
JavaScript warning: https://www.googletagmanager.com/gtm.js?id=GTM-M9XRG9, line 356: unreachable code after return statement
JavaScript warning: https://www.googletagmanager.com/gtm.js?id=GTM-M9XRG9, line 356: unreachable code after return statement
JavaScript warning: https://www.googletagmanager.com/gtm.js?id=GTM-M9XRG9, line 356: unreachable code after return statement
JavaScript warning: https://www.googletagmanager.com/gtm.js?id=GTM-M9XRG9, line 356: unreachable code after return statement
JavaScript warning: https://www.googletagmanager.com/gtm.js?id=GTM-M9XRG9, line 356: unreachable code after return statement
JavaScript warning: https://www.googletagmanager.com/gtm.js?id=GTM-M9XRG9, line 356: unreachable code after return statement
JavaScript warning: https://www.googletagmanager.com/gtm.js?id=GTM-M9XRG9, line 356: unreachable code after return statement
JavaScript warning: https://www.googletagmanager.com/gtm.js?id=GTM-M9XRG9, line 356: unreachable code after return statement
JavaScript warning: https://www.googletagmanager.com/gtm.js?id=GTM-M9XRG9, line 356: unreachable code after return statement
JavaScript warning: https://www.googletagmanager.com/gtm.js?id=GTM-M9XRG9, line 356: unreachable code after return statement
JavaScript warning: https://www.googletagmanager.com/gtm.js?id=GTM-M9XRG9, line 356: unreachable code after return statement
JavaScript warning: https://www.googletagmanager.com/gtm.js?id=GTM-M9XRG9, line 356: unreachable code after return statement
JavaScript warning: https://www.googletagmanager.com/gtm.js?id=GTM-M9XRG9, line 356: unreachable code after return statement
JavaScript warning: https://www.googletagmanager.com/gtm.js?id=GTM-M9XRG9, line 356: unreachable code after return statement
JavaScript warning: https://www.googletagmanager.com/gtm.js?id=GTM-M9XRG9, line 356: unreachable code after return statement
JavaScript warning: https://www.googletagmanager.com/gtm.js?id=GTM-M9XRG9, line 356: unreachable code after return statement
JavaScript warning: https://www.googletagmanager.com/gtm.js?id=GTM-M9XRG9, line 356: unreachable code after return statement
JavaScript warning: https://www.googletagmanager.com/gtm.js?id=GTM-M9XRG9, line 356: unreachable code after return statement
JavaScript warning: https://www.googletagmanager.com/gtm.js?id=GTM-M9XRG9, line 356: unreachable code after return statement
JavaScript warning: https://www.googletagmanager.com/gtm.js?id=GTM-M9XRG9, line 356: unreachable code after return statement
JavaScript warning: https://www.googletagmanager.com/gtm.js?id=GTM-M9XRG9, line 357: unreachable code after return statement
JavaScript warning: https://www.googletagmanager.com/gtm.js?id=GTM-M9XRG9, line 357: unreachable code after return statement
JavaScript warning: https://www.googletagmanager.com/gtm.js?id=GTM-M9XRG9, line 356: unreachable code after return statement
JavaScript warning: https://www.googletagmanager.com/gtm.js?id=GTM-M9XRG9, line 356: unreachable code after return statement
1634547722098	Marionette	INFO	Stopped listening on port 64118
JavaScript error: resource:///modules/Interactions.jsm, line 201: NS_ERROR_FAILURE: Component returned failure code: 0x80004005 (NS_ERROR_FAILURE) [nsIUserIdleService.removeIdleObserver]
[Parent 12088, IPC I/O Parent] WARNING: file /builds/worker/checkouts/gecko/ipc/chromium/src/base/process_util_win.cc:167
1634562336945	geckodriver	INFO	Listening on 127.0.0.1:64713
1634562339993	mozrunner::runner	INFO	Running command: "C:\\Program Files\\Mozilla Firefox\\firefox.exe" "--marionette" "--headless" "-no-remote" "-profile" "C:\\Users\\6376~1.()\\AppData\\Local\\Temp\\rust_mozprofilesUGDUu"
*** You are running in headless mode.
1634562348559	Marionette	INFO	Marionette enabled
[GFX1-]: RenderCompositorSWGL failed mapping default framebuffer, no dt
console.warn: SearchSettings: "get: No settings file exists, new profile?" (new NotFoundError("Could not open the file at C:\\Users\\\u041A.\u0411\u043E\u044F\u0440 (\u0412\u0442\u043E\u0440\u043E\u0439)\\AppData\\Local\\Temp\\rust_mozprofilesUGDUu\\search.json.mozlz4", (void 0)))
console.error: Region.jsm: "Error fetching region" (new Error("TIMEOUT", "resource://gre/modules/Region.jsm", 772))
console.error: Region.jsm: "Failed to fetch region" (new Error("TIMEOUT", "resource://gre/modules/Region.jsm", 419))
1634562376707	Marionette	INFO	Listening on port 51875
1634562377091	RemoteAgent	WARN	TLS certificate errors will be ignored for this session
JavaScript warning: https://www.googletagmanager.com/gtm.js?id=GTM-5ZCP3HP, line 235: unreachable code after return statement
JavaScript warning: https://www.googletagmanager.com/gtm.js?id=GTM-5ZCP3HP, line 235: unreachable code after return statement
1634562412892	Marionette	INFO	Stopped listening on port 51875
JavaScript error: resource:///modules/Interactions.jsm, line 201: NS_ERROR_FAILURE: Component returned failure code: 0x80004005 (NS_ERROR_FAILURE) [nsIUserIdleService.removeIdleObserver]
[Parent 15156, IPC I/O Parent] WARNING: file /builds/worker/checkouts/gecko/ipc/chromium/src/base/process_util_win.cc:167
[Parent 15156, IPC I/O Parent] WARNING: file /builds/worker/checkouts/gecko/ipc/chromium/src/base/process_util_win.cc:167
1634562485506	geckodriver	INFO	Listening on 127.0.0.1:53127
1634562488387	mozrunner::runner	INFO	Running command: "C:\\Program Files\\Mozilla Firefox\\firefox.exe" "--marionette" "--headless" "-no-remote" "-profile" "C:\\Users\\6376~1.()\\AppData\\Local\\Temp\\rust_mozprofile1zN9KF"
*** You are running in headless mode.
1634562492246	Marionette	INFO	Marionette enabled
[GFX1-]: RenderCompositorSWGL failed mapping default framebuffer, no dt
console.warn: SearchSettings: "get: No settings file exists, new profile?" (new NotFoundError("Could not open the file at C:\\Users\\\u041A.\u0411\u043E\u044F\u0440 (\u0412\u0442\u043E\u0440\u043E\u0439)\\AppData\\Local\\Temp\\rust_mozprofile1zN9KF\\search.json.mozlz4", (void 0)))
1634562498135	Marionette	INFO	Listening on port 58627
1634562499661	RemoteAgent	WARN	TLS certificate errors will be ignored for this session
JavaScript warning: https://www.googletagmanager.com/gtm.js?id=GTM-5ZCP3HP, line 235: unreachable code after return statement
JavaScript warning: https://www.googletagmanager.com/gtm.js?id=GTM-5ZCP3HP, line 235: unreachable code after return statement
1634562512175	Marionette	INFO	Stopped listening on port 58627
JavaScript error: resource:///modules/Interactions.jsm, line 201: NS_ERROR_FAILURE: Component returned failure code: 0x80004005 (NS_ERROR_FAILURE) [nsIUserIdleService.removeIdleObserver]

###!!! [Parent][RunMessage] Error: Channel closing: too late to send/recv, messages will be lost

1634562583760	geckodriver	INFO	Listening on 127.0.0.1:53059
1634562586792	mozrunner::runner	INFO	Running command: "C:\\Program Files\\Mozilla Firefox\\firefox.exe" "--marionette" "--headless" "-no-remote" "-profile" "C:\\Users\\6376~1.()\\AppData\\Local\\Temp\\rust_mozprofileyqeEjG"
*** You are running in headless mode.
1634562587524	Marionette	INFO	Marionette enabled
[GFX1-]: RenderCompositorSWGL failed mapping default framebuffer, no dt
console.warn: SearchSettings: "get: No settings file exists, new profile?" (new NotFoundError("Could not open the file at C:\\Users\\\u041A.\u0411\u043E\u044F\u0440 (\u0412\u0442\u043E\u0440\u043E\u0439)\\AppData\\Local\\Temp\\rust_mozprofileyqeEjG\\search.json.mozlz4", (void 0)))
1634562591662	Marionette	INFO	Listening on port 58647
1634562592032	RemoteAgent	WARN	TLS certificate errors will be ignored for this session
JavaScript warning: https://www.googletagmanager.com/gtm.js?id=GTM-5ZCP3HP, line 235: unreachable code after return statement
JavaScript warning: https://www.googletagmanager.com/gtm.js?id=GTM-5ZCP3HP, line 235: unreachable code after return statement
1634562600987	Marionette	INFO	Stopped listening on port 58647
JavaScript error: resource:///modules/Interactions.jsm, line 201: NS_ERROR_FAILURE: Component returned failure code: 0x80004005 (NS_ERROR_FAILURE) [nsIUserIdleService.removeIdleObserver]
[Parent 14488, IPC I/O Parent] WARNING: file /builds/worker/checkouts/gecko/ipc/chromium/src/base/process_util_win.cc:167

###!!! [Parent][RunMessage] Error: Channel closing: too late to send/recv, messages will be lost

1634562883235	geckodriver	INFO	Listening on 127.0.0.1:49845
1634562886201	mozrunner::runner	INFO	Running command: "C:\\Program Files\\Mozilla Firefox\\firefox.exe" "--marionette" "--headless" "-no-remote" "-profile" "C:\\Users\\6376~1.()\\AppData\\Local\\Temp\\rust_mozprofile8IvkO6"
*** You are running in headless mode.
1634562888877	Marionette	INFO	Marionette enabled
[GFX1-]: RenderCompositorSWGL failed mapping default framebuffer, no dt
console.warn: SearchSettings: "get: No settings file exists, new profile?" (new NotFoundError("Could not open the file at C:\\Users\\\u041A.\u0411\u043E\u044F\u0440 (\u0412\u0442\u043E\u0440\u043E\u0439)\\AppData\\Local\\Temp\\rust_mozprofile8IvkO6\\search.json.mozlz4", (void 0)))
1634562892185	Marionette	INFO	Listening on port 51283
1634562893222	RemoteAgent	WARN	TLS certificate errors will be ignored for this session
JavaScript error: https://products.mti.ua/search/index.php?VIEW=TABLE&SORT_TO=90&q=Gazer, line 47: ReferenceError: bxSession is not defined
JavaScript error: https://products.mti.ua/search/index.php?VIEW=TABLE&SORT_TO=90&q=Gazer, line 2247: ReferenceError: $ is not defined
JavaScript error: https://products.mti.ua/search/index.php?VIEW=TABLE&SORT_TO=90&q=Gazer, line 2295: ReferenceError: JCSmartFilter is not defined
JavaScript warning: https://www.googletagmanager.com/gtm.js?id=GTM-5ZCP3HP, line 235: unreachable code after return statement
JavaScript error: https://products.mti.ua/search/index.php?VIEW=TABLE&SORT_TO=90&q=Gazer, line 6451: ReferenceError: checkLazyItems is not defined
JavaScript error: https://products.mti.ua/search/index.php?VIEW=TABLE&SORT_TO=90&q=Gazer, line 208: ReferenceError: $ is not defined
JavaScript warning: https://www.googletagmanager.com/gtm.js?id=GTM-5ZCP3HP, line 235: unreachable code after return statement
1634562911346	Marionette	INFO	Stopped listening on port 51283
JavaScript error: resource:///modules/Interactions.jsm, line 201: NS_ERROR_FAILURE: Component returned failure code: 0x80004005 (NS_ERROR_FAILURE) [nsIUserIdleService.removeIdleObserver]

###!!! [Parent][RunMessage] Error: Channel closing: too late to send/recv, messages will be lost

1634563028823	geckodriver	INFO	Listening on 127.0.0.1:53688
1634563031775	mozrunner::runner	INFO	Running command: "C:\\Program Files\\Mozilla Firefox\\firefox.exe" "--marionette" "--headless" "-no-remote" "-profile" "C:\\Users\\6376~1.()\\AppData\\Local\\Temp\\rust_mozprofileQRKLmf"
*** You are running in headless mode.
1634563032735	Marionette	INFO	Marionette enabled
[GFX1-]: RenderCompositorSWGL failed mapping default framebuffer, no dt
console.warn: SearchSettings: "get: No settings file exists, new profile?" (new NotFoundError("Could not open the file at C:\\Users\\\u041A.\u0411\u043E\u044F\u0440 (\u0412\u0442\u043E\u0440\u043E\u0439)\\AppData\\Local\\Temp\\rust_mozprofileQRKLmf\\search.json.mozlz4", (void 0)))
1634563035653	Marionette	INFO	Listening on port 65131
1634563036144	RemoteAgent	WARN	TLS certificate errors will be ignored for this session
1634563036234	Marionette	INFO	Stopped listening on port 65131
JavaScript error: resource://activity-stream/lib/ActivityStreamPrefs.jsm, line 27: NS_ERROR_ILLEGAL_VALUE: Component returned failure code: 0x80070057 (NS_ERROR_ILLEGAL_VALUE) [nsIPrefBranch.removeObserver]
JavaScript error: resource:///modules/Interactions.jsm, line 201: NS_ERROR_FAILURE: Component returned failure code: 0x80004005 (NS_ERROR_FAILURE) [nsIUserIdleService.removeIdleObserver]
console.warn: TopSitesFeed: Failed to fetch data from Contile server: NetworkError when attempting to fetch resource.
JavaScript error: resource://activity-stream/lib/PlacesFeed.jsm, line 178: NS_ERROR_UNEXPECTED: Component returned failure code: 0x8000ffff (NS_ERROR_UNEXPECTED) [nsINavBookmarksService.addObserver]
JavaScript error: resource://gre/modules/ExtensionSettingsStore.jsm, line 122: Error: The ExtensionSettingsStore was accessed before the initialize promise resolved.
console.log: "RemoteSettingsWorker error: Error: Can't import when we've started shutting down."
JavaScript error: resource://gre/modules/JSONFile.jsm, line 186: Error: Data is not ready.
console.log: "RemoteSettingsWorker error: Error: Can't import when we've started shutting down."
console.log: "RemoteSettingsWorker error: Error: Can't import when we've started shutting down."
console.log: "RemoteSettingsWorker error: Error: Can't import when we've started shutting down."
console.log: "RemoteSettingsWorker error: Error: Can't import when we've started shutting down."
console.error: "Could not load engine google@search.mozilla.org: [Exception... \"AddonManager is not initialized\"  nsresult: \"0xc1f30001 (NS_ERROR_NOT_INITIALIZED)\"  location: \"JS frame :: resource://gre/modules/AddonManager.jsm :: installBuiltinAddon :: line 2526\"  data: no]"
console.error: "Could not load engine wikipedia@search.mozilla.org: [Exception... \"AddonManager is not initialized\"  nsresult: \"0xc1f30001 (NS_ERROR_NOT_INITIALIZED)\"  location: \"JS frame :: resource://gre/modules/AddonManager.jsm :: installBuiltinAddon :: line 2526\"  data: no]"
console.error: "Could not load engine yandex@search.mozilla.org: [Exception... \"AddonManager is not initialized\"  nsresult: \"0xc1f30001 (NS_ERROR_NOT_INITIALIZED)\"  location: \"JS frame :: resource://gre/modules/AddonManager.jsm :: installBuiltinAddon :: line 2526\"  data: no]"
console.error: "Could not load engine ddg@search.mozilla.org: [Exception... \"AddonManager is not initialized\"  nsresult: \"0xc1f30001 (NS_ERROR_NOT_INITIALIZED)\"  location: \"JS frame :: resource://gre/modules/AddonManager.jsm :: installBuiltinAddon :: line 2526\"  data: no]"
console.error: "Could not load engine priceru@search.mozilla.org: [Exception... \"AddonManager is not initialized\"  nsresult: \"0xc1f30001 (NS_ERROR_NOT_INITIALIZED)\"  location: \"JS frame :: resource://gre/modules/AddonManager.jsm :: installBuiltinAddon :: line 2526\"  data: no]"
console.error: "Could not load engine mailru@search.mozilla.org: [Exception... \"AddonManager is not initialized\"  nsresult: \"0xc1f30001 (NS_ERROR_NOT_INITIALIZED)\"  location: \"JS frame :: resource://gre/modules/AddonManager.jsm :: installBuiltinAddon :: line 2526\"  data: no]"
console.error: "Could not load engine ozonru@search.mozilla.org: [Exception... \"AddonManager is not initialized\"  nsresult: \"0xc1f30001 (NS_ERROR_NOT_INITIALIZED)\"  location: \"JS frame :: resource://gre/modules/AddonManager.jsm :: installBuiltinAddon :: line 2526\"  data: no]"
console.warn: SearchService: "_init: abandoning init due to shutting down"
JavaScript error: , line 0: uncaught exception: 2147500036
JavaScript error: , line 0: uncaught exception: 2147500036
JavaScript error: , line 0: uncaught exception: 2147500036
JavaScript error: , line 0: uncaught exception: 2147500036
JavaScript error: , line 0: uncaught exception: 2147500036
JavaScript error: resource://gre/modules/CrashManager.jsm, line 829: AbortError: IOUtils: Shutting down and refusing additional I/O tasks
1634565652197	geckodriver	INFO	Listening on 127.0.0.1:56155
1634565655145	mozrunner::runner	INFO	Running command: "C:\\Program Files\\Mozilla Firefox\\firefox.exe" "--marionette" "--headless" "-no-remote" "-profile" "C:\\Users\\6376~1.()\\AppData\\Local\\Temp\\rust_mozprofileuofLFk"
*** You are running in headless mode.
1634565663588	Marionette	INFO	Marionette enabled
[GFX1-]: RenderCompositorSWGL failed mapping default framebuffer, no dt
console.warn: SearchSettings: "get: No settings file exists, new profile?" (new NotFoundError("Could not open the file at C:\\Users\\\u041A.\u0411\u043E\u044F\u0440 (\u0412\u0442\u043E\u0440\u043E\u0439)\\AppData\\Local\\Temp\\rust_mozprofileuofLFk\\search.json.mozlz4", (void 0)))
console.error: Region.jsm: "Error fetching region" (new Error("TIMEOUT", "resource://gre/modules/Region.jsm", 772))
console.error: Region.jsm: "Failed to fetch region" (new Error("TIMEOUT", "resource://gre/modules/Region.jsm", 419))
1634565688604	Marionette	INFO	Listening on port 54228
1634565689300	RemoteAgent	WARN	TLS certificate errors will be ignored for this session
JavaScript warning: https://www.googletagmanager.com/gtm.js?id=GTM-5ZCP3HP, line 235: unreachable code after return statement
JavaScript warning: https://www.googletagmanager.com/gtm.js?id=GTM-5ZCP3HP, line 235: unreachable code after return statement
1634565713207	Marionette	INFO	Stopped listening on port 54228
JavaScript error: resource:///modules/Interactions.jsm, line 201: NS_ERROR_FAILURE: Component returned failure code: 0x80004005 (NS_ERROR_FAILURE) [nsIUserIdleService.removeIdleObserver]
[Parent 7032, IPC I/O Parent] WARNING: file /builds/worker/checkouts/gecko/ipc/chromium/src/base/process_util_win.cc:167

###!!! [Parent][RunMessage] Error: Channel closing: too late to send/recv, messages will be lost

1634565938040	geckodriver	INFO	Listening on 127.0.0.1:54617
1634565940994	mozrunner::runner	INFO	Running command: "C:\\Program Files\\Mozilla Firefox\\firefox.exe" "--marionette" "--headless" "-no-remote" "-profile" "C:\\Users\\6376~1.()\\AppData\\Local\\Temp\\rust_mozprofileaNtPhN"
*** You are running in headless mode.
1634565943769	Marionette	INFO	Marionette enabled
[GFX1-]: RenderCompositorSWGL failed mapping default framebuffer, no dt
console.warn: SearchSettings: "get: No settings file exists, new profile?" (new NotFoundError("Could not open the file at C:\\Users\\\u041A.\u0411\u043E\u044F\u0440 (\u0412\u0442\u043E\u0440\u043E\u0439)\\AppData\\Local\\Temp\\rust_mozprofileaNtPhN\\search.json.mozlz4", (void 0)))
1634565950310	Marionette	INFO	Listening on port 63526
console.error: Region.jsm: "Error fetching region" (new Error("TIMEOUT", "resource://gre/modules/Region.jsm", 772))
console.error: Region.jsm: "Failed to fetch region" (new Error("TIMEOUT", "resource://gre/modules/Region.jsm", 419))
1634565951639	RemoteAgent	WARN	TLS certificate errors will be ignored for this session
JavaScript warning: https://www.googletagmanager.com/gtm.js?id=GTM-5ZCP3HP, line 236: unreachable code after return statement
JavaScript warning: https://www.googletagmanager.com/gtm.js?id=GTM-5ZCP3HP, line 236: unreachable code after return statement
1634565971386	Marionette	INFO	Stopped listening on port 63526
JavaScript error: resource:///modules/Interactions.jsm, line 201: NS_ERROR_FAILURE: Component returned failure code: 0x80004005 (NS_ERROR_FAILURE) [nsIUserIdleService.removeIdleObserver]
[Parent 14752, IPC I/O Parent] WARNING: file /builds/worker/checkouts/gecko/ipc/chromium/src/base/process_util_win.cc:167
[Parent 14752, IPC I/O Parent] WARNING: file /builds/worker/checkouts/gecko/ipc/chromium/src/base/process_util_win.cc:167

###!!! [Parent][RunMessage] Error: Channel closing: too late to send/recv, messages will be lost

1634567128693	geckodriver	INFO	Listening on 127.0.0.1:49460
1634567131767	mozrunner::runner	INFO	Running command: "C:\\Program Files\\Mozilla Firefox\\firefox.exe" "--marionette" "--headless" "-no-remote" "-profile" "C:\\Users\\6376~1.()\\AppData\\Local\\Temp\\rust_mozprofileU9F5R7"
*** You are running in headless mode.
1634567141962	Marionette	INFO	Marionette enabled
[GFX1-]: RenderCompositorSWGL failed mapping default framebuffer, no dt
console.warn: SearchSettings: "get: No settings file exists, new profile?" (new NotFoundError("Could not open the file at C:\\Users\\\u041A.\u0411\u043E\u044F\u0440 (\u0412\u0442\u043E\u0440\u043E\u0439)\\AppData\\Local\\Temp\\rust_mozprofileU9F5R7\\search.json.mozlz4", (void 0)))
1634567162679	Marionette	INFO	Listening on port 53565
1634567162833	RemoteAgent	WARN	TLS certificate errors will be ignored for this session
JavaScript warning: https://www.googletagmanager.com/gtm.js?id=GTM-5ZCP3HP, line 235: unreachable code after return statement
JavaScript warning: https://www.googletagmanager.com/gtm.js?id=GTM-5ZCP3HP, line 235: unreachable code after return statement
1634567182153	Marionette	INFO	Stopped listening on port 53565
JavaScript error: resource:///modules/Interactions.jsm, line 201: NS_ERROR_FAILURE: Component returned failure code: 0x80004005 (NS_ERROR_FAILURE) [nsIUserIdleService.removeIdleObserver]
[Parent 6908, IPC I/O Parent] WARNING: file /builds/worker/checkouts/gecko/ipc/chromium/src/base/process_util_win.cc:167

###!!! [Child][MessageChannel] Error: (msgtype=0x590008,name=PHttpChannel::Msg_DeletingChannel) Channel closing: too late to send/recv, messages will be lost

[Parent 6908, IPC I/O Parent] WARNING: file /builds/worker/checkouts/gecko/ipc/chromium/src/base/process_util_win.cc:167

###!!! [Parent][RunMessage] Error: Channel closing: too late to send/recv, messages will be lost

1634567359191	geckodriver	INFO	Listening on 127.0.0.1:55963
1634567361960	mozrunner::runner	INFO	Running command: "C:\\Program Files\\Mozilla Firefox\\firefox.exe" "--marionette" "--headless" "-no-remote" "-profile" "C:\\Users\\6376~1.()\\AppData\\Local\\Temp\\rust_mozprofile0P3lVH"
*** You are running in headless mode.
1634567367839	Marionette	INFO	Marionette enabled
[GFX1-]: RenderCompositorSWGL failed mapping default framebuffer, no dt
console.warn: SearchSettings: "get: No settings file exists, new profile?" (new NotFoundError("Could not open the file at C:\\Users\\\u041A.\u0411\u043E\u044F\u0440 (\u0412\u0442\u043E\u0440\u043E\u0439)\\AppData\\Local\\Temp\\rust_mozprofile0P3lVH\\search.json.mozlz4", (void 0)))
console.error: Region.jsm: "Error fetching region" (new Error("TIMEOUT", "resource://gre/modules/Region.jsm", 772))
console.error: Region.jsm: "Failed to fetch region" (new Error("TIMEOUT", "resource://gre/modules/Region.jsm", 419))
1634567400230	Marionette	INFO	Listening on port 50097
1634567400855	RemoteAgent	WARN	TLS certificate errors will be ignored for this session
JavaScript warning: https://www.googletagmanager.com/gtm.js?id=GTM-5ZCP3HP, line 235: unreachable code after return statement
JavaScript warning: https://www.googletagmanager.com/gtm.js?id=GTM-5ZCP3HP, line 235: unreachable code after return statement
1634567433243	Marionette	INFO	Stopped listening on port 50097
JavaScript error: resource:///modules/Interactions.jsm, line 201: NS_ERROR_FAILURE: Component returned failure code: 0x80004005 (NS_ERROR_FAILURE) [nsIUserIdleService.removeIdleObserver]
[Parent 9608, IPC I/O Parent] WARNING: file /builds/worker/checkouts/gecko/ipc/chromium/src/base/process_util_win.cc:167
[Parent 9608, IPC I/O Parent] WARNING: file /builds/worker/checkouts/gecko/ipc/chromium/src/base/process_util_win.cc:167
1634567502477	geckodriver	INFO	Listening on 127.0.0.1:54353
1634567505402	mozrunner::runner	INFO	Running command: "C:\\Program Files\\Mozilla Firefox\\firefox.exe" "--marionette" "--headless" "-no-remote" "-profile" "C:\\Users\\6376~1.()\\AppData\\Local\\Temp\\rust_mozprofileXfTnm5"
*** You are running in headless mode.
1634567509275	Marionette	INFO	Marionette enabled
[GFX1-]: RenderCompositorSWGL failed mapping default framebuffer, no dt
console.warn: SearchSettings: "get: No settings file exists, new profile?" (new NotFoundError("Could not open the file at C:\\Users\\\u041A.\u0411\u043E\u044F\u0440 (\u0412\u0442\u043E\u0440\u043E\u0439)\\AppData\\Local\\Temp\\rust_mozprofileXfTnm5\\search.json.mozlz4", (void 0)))
1634567515103	Marionette	INFO	Listening on port 52483
1634567515723	RemoteAgent	WARN	TLS certificate errors will be ignored for this session
JavaScript warning: https://www.googletagmanager.com/gtm.js?id=GTM-5ZCP3HP, line 235: unreachable code after return statement
JavaScript warning: https://www.googletagmanager.com/gtm.js?id=GTM-5ZCP3HP, line 235: unreachable code after return statement
1634567528335	Marionette	INFO	Stopped listening on port 52483
JavaScript error: resource:///modules/Interactions.jsm, line 201: NS_ERROR_FAILURE: Component returned failure code: 0x80004005 (NS_ERROR_FAILURE) [nsIUserIdleService.removeIdleObserver]
[Parent 17772, IPC I/O Parent] WARNING: file /builds/worker/checkouts/gecko/ipc/chromium/src/base/process_util_win.cc:167
[Parent 17772, IPC I/O Parent] WARNING: file /builds/worker/checkouts/gecko/ipc/chromium/src/base/process_util_win.cc:167

###!!! [Parent][RunMessage] Error: Channel closing: too late to send/recv, messages will be lost

1634627248048	geckodriver	INFO	Listening on 127.0.0.1:58482
1634627251122	mozrunner::runner	INFO	Running command: "C:\\Program Files\\Mozilla Firefox\\firefox.exe" "--marionette" "--headless" "-no-remote" "-profile" "C:\\Users\\6376~1.()\\AppData\\Local\\Temp\\rust_mozprofile0c1xCr"
*** You are running in headless mode.
1634627260547	Marionette	INFO	Marionette enabled
[GFX1-]: RenderCompositorSWGL failed mapping default framebuffer, no dt
console.warn: SearchSettings: "get: No settings file exists, new profile?" (new NotFoundError("Could not open the file at C:\\Users\\\u041A.\u0411\u043E\u044F\u0440 (\u0412\u0442\u043E\u0440\u043E\u0439)\\AppData\\Local\\Temp\\rust_mozprofile0c1xCr\\search.json.mozlz4", (void 0)))
1634627284382	Marionette	INFO	Listening on port 52998
1634627284911	RemoteAgent	WARN	TLS certificate errors will be ignored for this session
JavaScript warning: https://www.googletagmanager.com/gtm.js?id=GTM-5ZCP3HP, line 235: unreachable code after return statement
JavaScript warning: https://www.googletagmanager.com/gtm.js?id=GTM-5ZCP3HP, line 235: unreachable code after return statement
1634627298847	Marionette	INFO	Stopped listening on port 52998
JavaScript error: resource:///modules/Interactions.jsm, line 201: NS_ERROR_FAILURE: Component returned failure code: 0x80004005 (NS_ERROR_FAILURE) [nsIUserIdleService.removeIdleObserver]

###!!! [Parent][RunMessage] Error: Channel closing: too late to send/recv, messages will be lost

1634627349630	geckodriver	INFO	Listening on 127.0.0.1:52282
1634627352553	mozrunner::runner	INFO	Running command: "C:\\Program Files\\Mozilla Firefox\\firefox.exe" "--marionette" "--headless" "-no-remote" "-profile" "C:\\Users\\6376~1.()\\AppData\\Local\\Temp\\rust_mozprofileZHTsWm"
*** You are running in headless mode.
1634627354393	Marionette	INFO	Marionette enabled
[GFX1-]: RenderCompositorSWGL failed mapping default framebuffer, no dt
console.warn: SearchSettings: "get: No settings file exists, new profile?" (new NotFoundError("Could not open the file at C:\\Users\\\u041A.\u0411\u043E\u044F\u0440 (\u0412\u0442\u043E\u0440\u043E\u0439)\\AppData\\Local\\Temp\\rust_mozprofileZHTsWm\\search.json.mozlz4", (void 0)))
1634627360670	Marionette	INFO	Listening on port 55943
1634627360763	RemoteAgent	WARN	TLS certificate errors will be ignored for this session
JavaScript warning: https://www.googletagmanager.com/gtm.js?id=GTM-5ZCP3HP, line 235: unreachable code after return statement
JavaScript warning: https://www.googletagmanager.com/gtm.js?id=GTM-5ZCP3HP, line 235: unreachable code after return statement
1634627372824	Marionette	INFO	Stopped listening on port 55943
JavaScript error: resource:///modules/Interactions.jsm, line 201: NS_ERROR_FAILURE: Component returned failure code: 0x80004005 (NS_ERROR_FAILURE) [nsIUserIdleService.removeIdleObserver]
[Parent 11848, IPC I/O Parent] WARNING: file /builds/worker/checkouts/gecko/ipc/chromium/src/base/process_util_win.cc:167

###!!! [Child][MessageChannel] Error: (msgtype=0x590008,name=PHttpChannel::Msg_DeletingChannel) Channel closing: too late to send/recv, messages will be lost


###!!! [Child][MessageChannel] Error: (msgtype=0x590004,name=PHttpChannel::Msg_Cancel) Channel closing: too late to send/recv, messages will be lost


###!!! [Child][MessageChannel] Error: (msgtype=0x590008,name=PHttpChannel::Msg_DeletingChannel) Channel closing: too late to send/recv, messages will be lost

[Parent 11848, IPC I/O Parent] WARNING: file /builds/worker/checkouts/gecko/ipc/chromium/src/base/process_util_win.cc:167

###!!! [Parent][RunMessage] Error: Channel closing: too late to send/recv, messages will be lost

1634628315657	geckodriver	INFO	Listening on 127.0.0.1:64847
1634628318663	mozrunner::runner	INFO	Running command: "C:\\Program Files\\Mozilla Firefox\\firefox.exe" "--marionette" "--headless" "-no-remote" "-profile" "C:\\Users\\6376~1.()\\AppData\\Local\\Temp\\rust_mozprofilezxIh8W"
*** You are running in headless mode.
1634628319349	Marionette	INFO	Marionette enabled
[GFX1-]: RenderCompositorSWGL failed mapping default framebuffer, no dt
console.warn: SearchSettings: "get: No settings file exists, new profile?" (new NotFoundError("Could not open the file at C:\\Users\\\u041A.\u0411\u043E\u044F\u0440 (\u0412\u0442\u043E\u0440\u043E\u0439)\\AppData\\Local\\Temp\\rust_mozprofilezxIh8W\\search.json.mozlz4", (void 0)))
1634628323183	Marionette	INFO	Listening on port 63941
1634628323867	RemoteAgent	WARN	TLS certificate errors will be ignored for this session
JavaScript warning: https://www.googletagmanager.com/gtm.js?id=GTM-5ZCP3HP, line 235: unreachable code after return statement
JavaScript warning: https://www.googletagmanager.com/gtm.js?id=GTM-5ZCP3HP, line 235: unreachable code after return statement
1634628341297	Marionette	INFO	Stopped listening on port 63941
JavaScript error: resource:///modules/Interactions.jsm, line 201: NS_ERROR_FAILURE: Component returned failure code: 0x80004005 (NS_ERROR_FAILURE) [nsIUserIdleService.removeIdleObserver]
[Parent 4028, IPC I/O Parent] WARNING: file /builds/worker/checkouts/gecko/ipc/chromium/src/base/process_util_win.cc:167
[Parent 4028, IPC I/O Parent] WARNING: file /builds/worker/checkouts/gecko/ipc/chromium/src/base/process_util_win.cc:167

###!!! [Parent][RunMessage] Error: Channel closing: too late to send/recv, messages will be lost

1634628599686	geckodriver	INFO	Listening on 127.0.0.1:57488
1634628602690	mozrunner::runner	INFO	Running command: "C:\\Program Files\\Mozilla Firefox\\firefox.exe" "--marionette" "--headless" "-no-remote" "-profile" "C:\\Users\\6376~1.()\\AppData\\Local\\Temp\\rust_mozprofileZC0NnD"
*** You are running in headless mode.
1634628604263	Marionette	INFO	Marionette enabled
[GFX1-]: RenderCompositorSWGL failed mapping default framebuffer, no dt
console.warn: SearchSettings: "get: No settings file exists, new profile?" (new NotFoundError("Could not open the file at C:\\Users\\\u041A.\u0411\u043E\u044F\u0440 (\u0412\u0442\u043E\u0440\u043E\u0439)\\AppData\\Local\\Temp\\rust_mozprofileZC0NnD\\search.json.mozlz4", (void 0)))
1634628607294	Marionette	INFO	Listening on port 52152
1634628607731	RemoteAgent	WARN	TLS certificate errors will be ignored for this session
JavaScript warning: https://www.googletagmanager.com/gtm.js?id=GTM-5ZCP3HP, line 235: unreachable code after return statement
JavaScript warning: https://www.googletagmanager.com/gtm.js?id=GTM-5ZCP3HP, line 235: unreachable code after return statement
1634628617024	Marionette	INFO	Stopped listening on port 52152
JavaScript error: resource:///modules/Interactions.jsm, line 201: NS_ERROR_FAILURE: Component returned failure code: 0x80004005 (NS_ERROR_FAILURE) [nsIUserIdleService.removeIdleObserver]
[Parent 16352, IPC I/O Parent] WARNING: file /builds/worker/checkouts/gecko/ipc/chromium/src/base/process_util_win.cc:167
console.error: PushService: 
  clearOriginData: Error clearing origin data:
  TypeError
[Parent 16352, IPC I/O Parent] WARNING: file /builds/worker/checkouts/gecko/ipc/chromium/src/base/process_util_win.cc:167
1634629180905	geckodriver	INFO	Listening on 127.0.0.1:64195
1634629183933	mozrunner::runner	INFO	Running command: "C:\\Program Files\\Mozilla Firefox\\firefox.exe" "--marionette" "--headless" "-no-remote" "-profile" "C:\\Users\\6376~1.()\\AppData\\Local\\Temp\\rust_mozprofileaEMX00"
*** You are running in headless mode.
1634629185906	Marionette	INFO	Marionette enabled
[GFX1-]: RenderCompositorSWGL failed mapping default framebuffer, no dt
console.warn: SearchSettings: "get: No settings file exists, new profile?" (new NotFoundError("Could not open the file at C:\\Users\\\u041A.\u0411\u043E\u044F\u0440 (\u0412\u0442\u043E\u0440\u043E\u0439)\\AppData\\Local\\Temp\\rust_mozprofileaEMX00\\search.json.mozlz4", (void 0)))
1634629189929	Marionette	INFO	Listening on port 56099
1634629190409	RemoteAgent	WARN	TLS certificate errors will be ignored for this session
JavaScript warning: https://www.googletagmanager.com/gtm.js?id=GTM-5ZCP3HP, line 235: unreachable code after return statement
JavaScript warning: https://www.googletagmanager.com/gtm.js?id=GTM-5ZCP3HP, line 235: unreachable code after return statement
1634629197404	Marionette	INFO	Stopped listening on port 56099
JavaScript error: resource:///modules/Interactions.jsm, line 201: NS_ERROR_FAILURE: Component returned failure code: 0x80004005 (NS_ERROR_FAILURE) [nsIUserIdleService.removeIdleObserver]
JavaScript error: resource://gre/modules/UrlClassifierListManager.jsm, line 691: TypeError: this.tablesData[table] is undefined

###!!! [Parent][RunMessage] Error: Channel closing: too late to send/recv, messages will be lost

1634629253672	geckodriver	INFO	Listening on 127.0.0.1:58286
1634629256658	mozrunner::runner	INFO	Running command: "C:\\Program Files\\Mozilla Firefox\\firefox.exe" "--marionette" "--headless" "-no-remote" "-profile" "C:\\Users\\6376~1.()\\AppData\\Local\\Temp\\rust_mozprofilez9AmRR"
*** You are running in headless mode.
1634629257118	Marionette	INFO	Marionette enabled
[GFX1-]: RenderCompositorSWGL failed mapping default framebuffer, no dt
console.warn: SearchSettings: "get: No settings file exists, new profile?" (new NotFoundError("Could not open the file at C:\\Users\\\u041A.\u0411\u043E\u044F\u0440 (\u0412\u0442\u043E\u0440\u043E\u0439)\\AppData\\Local\\Temp\\rust_mozprofilez9AmRR\\search.json.mozlz4", (void 0)))
1634629260383	Marionette	INFO	Listening on port 60680
1634629260920	RemoteAgent	WARN	TLS certificate errors will be ignored for this session
JavaScript warning: https://www.googletagmanager.com/gtm.js?id=GTM-5ZCP3HP, line 235: unreachable code after return statement
JavaScript warning: https://www.googletagmanager.com/gtm.js?id=GTM-5ZCP3HP, line 235: unreachable code after return statement
1634629266587	Marionette	INFO	Stopped listening on port 60680
JavaScript error: resource:///modules/Interactions.jsm, line 201: NS_ERROR_FAILURE: Component returned failure code: 0x80004005 (NS_ERROR_FAILURE) [nsIUserIdleService.removeIdleObserver]
JavaScript error: resource://gre/modules/UrlClassifierListManager.jsm, line 691: TypeError: this.tablesData[table] is undefined

###!!! [Parent][RunMessage] Error: Channel closing: too late to send/recv, messages will be lost

1634629327441	geckodriver	INFO	Listening on 127.0.0.1:61215
1634629330491	mozrunner::runner	INFO	Running command: "C:\\Program Files\\Mozilla Firefox\\firefox.exe" "--marionette" "--headless" "-no-remote" "-profile" "C:\\Users\\6376~1.()\\AppData\\Local\\Temp\\rust_mozprofileIw5fEW"
*** You are running in headless mode.
1634629330970	Marionette	INFO	Marionette enabled
[GFX1-]: RenderCompositorSWGL failed mapping default framebuffer, no dt
console.warn: SearchSettings: "get: No settings file exists, new profile?" (new NotFoundError("Could not open the file at C:\\Users\\\u041A.\u0411\u043E\u044F\u0440 (\u0412\u0442\u043E\u0440\u043E\u0439)\\AppData\\Local\\Temp\\rust_mozprofileIw5fEW\\search.json.mozlz4", (void 0)))
1634629333980	Marionette	INFO	Listening on port 64045
1634629334326	RemoteAgent	WARN	TLS certificate errors will be ignored for this session
JavaScript warning: https://www.googletagmanager.com/gtm.js?id=GTM-5ZCP3HP, line 235: unreachable code after return statement
JavaScript warning: https://www.googletagmanager.com/gtm.js?id=GTM-5ZCP3HP, line 235: unreachable code after return statement
1634629341795	Marionette	INFO	Stopped listening on port 64045
JavaScript error: resource:///modules/Interactions.jsm, line 201: NS_ERROR_FAILURE: Component returned failure code: 0x80004005 (NS_ERROR_FAILURE) [nsIUserIdleService.removeIdleObserver]
[Parent 11340, IPC I/O Parent] WARNING: file /builds/worker/checkouts/gecko/ipc/chromium/src/base/process_util_win.cc:167

###!!! [Parent][RunMessage] Error: Channel closing: too late to send/recv, messages will be lost

1634629429363	geckodriver	INFO	Listening on 127.0.0.1:58059
1634629432387	mozrunner::runner	INFO	Running command: "C:\\Program Files\\Mozilla Firefox\\firefox.exe" "--marionette" "--headless" "-no-remote" "-profile" "C:\\Users\\6376~1.()\\AppData\\Local\\Temp\\rust_mozprofile3oSBGX"
*** You are running in headless mode.
1634629433239	Marionette	INFO	Marionette enabled
[GFX1-]: RenderCompositorSWGL failed mapping default framebuffer, no dt
console.warn: SearchSettings: "get: No settings file exists, new profile?" (new NotFoundError("Could not open the file at C:\\Users\\\u041A.\u0411\u043E\u044F\u0440 (\u0412\u0442\u043E\u0440\u043E\u0439)\\AppData\\Local\\Temp\\rust_mozprofile3oSBGX\\search.json.mozlz4", (void 0)))
1634629436558	Marionette	INFO	Listening on port 51667
1634629436947	RemoteAgent	WARN	TLS certificate errors will be ignored for this session
JavaScript warning: https://www.googletagmanager.com/gtm.js?id=GTM-5ZCP3HP, line 236: unreachable code after return statement
JavaScript warning: https://www.googletagmanager.com/gtm.js?id=GTM-5ZCP3HP, line 236: unreachable code after return statement
1634629442428	Marionette	INFO	Stopped listening on port 51667
JavaScript error: resource:///modules/Interactions.jsm, line 201: NS_ERROR_FAILURE: Component returned failure code: 0x80004005 (NS_ERROR_FAILURE) [nsIUserIdleService.removeIdleObserver]
JavaScript error: resource://gre/modules/UrlClassifierListManager.jsm, line 691: TypeError: this.tablesData[table] is undefined
1634629458758	geckodriver	INFO	Listening on 127.0.0.1:56830
1634629461742	mozrunner::runner	INFO	Running command: "C:\\Program Files\\Mozilla Firefox\\firefox.exe" "--marionette" "--headless" "-no-remote" "-profile" "C:\\Users\\6376~1.()\\AppData\\Local\\Temp\\rust_mozprofileI0JNGV"
*** You are running in headless mode.
1634629462157	Marionette	INFO	Marionette enabled
[GFX1-]: RenderCompositorSWGL failed mapping default framebuffer, no dt
console.warn: SearchSettings: "get: No settings file exists, new profile?" (new NotFoundError("Could not open the file at C:\\Users\\\u041A.\u0411\u043E\u044F\u0440 (\u0412\u0442\u043E\u0440\u043E\u0439)\\AppData\\Local\\Temp\\rust_mozprofileI0JNGV\\search.json.mozlz4", (void 0)))
1634629464702	Marionette	INFO	Listening on port 56838
1634629464996	RemoteAgent	WARN	TLS certificate errors will be ignored for this session
JavaScript warning: https://www.googletagmanager.com/gtm.js?id=GTM-5ZCP3HP, line 235: unreachable code after return statement
JavaScript warning: https://www.googletagmanager.com/gtm.js?id=GTM-5ZCP3HP, line 235: unreachable code after return statement
1634629471105	Marionette	INFO	Stopped listening on port 56838
JavaScript error: resource:///modules/Interactions.jsm, line 201: NS_ERROR_FAILURE: Component returned failure code: 0x80004005 (NS_ERROR_FAILURE) [nsIUserIdleService.removeIdleObserver]
JavaScript error: resource://gre/modules/UrlClassifierListManager.jsm, line 691: TypeError: this.tablesData[table] is undefined

###!!! [Parent][RunMessage] Error: Channel closing: too late to send/recv, messages will be lost

1634629621067	geckodriver	INFO	Listening on 127.0.0.1:61805
1634629624116	mozrunner::runner	INFO	Running command: "C:\\Program Files\\Mozilla Firefox\\firefox.exe" "--marionette" "--headless" "-no-remote" "-profile" "C:\\Users\\6376~1.()\\AppData\\Local\\Temp\\rust_mozprofileDPpbtV"
*** You are running in headless mode.
1634629624696	Marionette	INFO	Marionette enabled
[GFX1-]: RenderCompositorSWGL failed mapping default framebuffer, no dt
console.warn: SearchSettings: "get: No settings file exists, new profile?" (new NotFoundError("Could not open the file at C:\\Users\\\u041A.\u0411\u043E\u044F\u0440 (\u0412\u0442\u043E\u0440\u043E\u0439)\\AppData\\Local\\Temp\\rust_mozprofileDPpbtV\\search.json.mozlz4", (void 0)))
1634629627758	Marionette	INFO	Listening on port 53011
1634629628047	RemoteAgent	WARN	TLS certificate errors will be ignored for this session
JavaScript warning: https://www.googletagmanager.com/gtm.js?id=GTM-5ZCP3HP, line 235: unreachable code after return statement
JavaScript warning: https://www.googletagmanager.com/gtm.js?id=GTM-5ZCP3HP, line 235: unreachable code after return statement
1634629634000	Marionette	INFO	Stopped listening on port 53011
JavaScript error: resource:///modules/Interactions.jsm, line 201: NS_ERROR_FAILURE: Component returned failure code: 0x80004005 (NS_ERROR_FAILURE) [nsIUserIdleService.removeIdleObserver]
JavaScript error: resource://gre/modules/UrlClassifierListManager.jsm, line 691: TypeError: this.tablesData[table] is undefined
[Parent 2484, IPC I/O Parent] WARNING: file /builds/worker/checkouts/gecko/ipc/chromium/src/base/process_util_win.cc:167

###!!! [Parent][RunMessage] Error: Channel closing: too late to send/recv, messages will be lost

1634629666696	geckodriver	INFO	Listening on 127.0.0.1:65249
1634629669731	mozrunner::runner	INFO	Running command: "C:\\Program Files\\Mozilla Firefox\\firefox.exe" "--marionette" "--headless" "-no-remote" "-profile" "C:\\Users\\6376~1.()\\AppData\\Local\\Temp\\rust_mozprofilePmRs8l"
*** You are running in headless mode.
1634629670201	Marionette	INFO	Marionette enabled
[GFX1-]: RenderCompositorSWGL failed mapping default framebuffer, no dt
console.warn: SearchSettings: "get: No settings file exists, new profile?" (new NotFoundError("Could not open the file at C:\\Users\\\u041A.\u0411\u043E\u044F\u0440 (\u0412\u0442\u043E\u0440\u043E\u0439)\\AppData\\Local\\Temp\\rust_mozprofilePmRs8l\\search.json.mozlz4", (void 0)))
1634629672797	Marionette	INFO	Listening on port 63295
1634629673235	RemoteAgent	WARN	TLS certificate errors will be ignored for this session
JavaScript warning: https://www.googletagmanager.com/gtm.js?id=GTM-5ZCP3HP, line 235: unreachable code after return statement
JavaScript warning: https://www.googletagmanager.com/gtm.js?id=GTM-5ZCP3HP, line 235: unreachable code after return statement
1634629686139	Marionette	INFO	Stopped listening on port 63295
JavaScript error: resource:///modules/Interactions.jsm, line 201: NS_ERROR_FAILURE: Component returned failure code: 0x80004005 (NS_ERROR_FAILURE) [nsIUserIdleService.removeIdleObserver]
[Parent 17336, IPC I/O Parent] WARNING: file /builds/worker/checkouts/gecko/ipc/chromium/src/base/process_util_win.cc:167

###!!! [Parent][RunMessage] Error: Channel closing: too late to send/recv, messages will be lost

1634629896452	geckodriver	INFO	Listening on 127.0.0.1:55527
1634629899483	mozrunner::runner	INFO	Running command: "C:\\Program Files\\Mozilla Firefox\\firefox.exe" "--marionette" "--headless" "-no-remote" "-profile" "C:\\Users\\6376~1.()\\AppData\\Local\\Temp\\rust_mozprofilewHo5n0"
*** You are running in headless mode.
1634629899914	Marionette	INFO	Marionette enabled
[GFX1-]: RenderCompositorSWGL failed mapping default framebuffer, no dt
console.warn: SearchSettings: "get: No settings file exists, new profile?" (new NotFoundError("Could not open the file at C:\\Users\\\u041A.\u0411\u043E\u044F\u0440 (\u0412\u0442\u043E\u0440\u043E\u0439)\\AppData\\Local\\Temp\\rust_mozprofilewHo5n0\\search.json.mozlz4", (void 0)))
1634629903267	Marionette	INFO	Listening on port 57060
1634629903671	RemoteAgent	WARN	TLS certificate errors will be ignored for this session
JavaScript warning: https://www.googletagmanager.com/gtm.js?id=GTM-5ZCP3HP, line 235: unreachable code after return statement
JavaScript warning: https://www.googletagmanager.com/gtm.js?id=GTM-5ZCP3HP, line 235: unreachable code after return statement
1634629912267	Marionette	INFO	Stopped listening on port 57060
JavaScript error: resource:///modules/Interactions.jsm, line 201: NS_ERROR_FAILURE: Component returned failure code: 0x80004005 (NS_ERROR_FAILURE) [nsIUserIdleService.removeIdleObserver]
1634630031641	geckodriver	INFO	Listening on 127.0.0.1:53118
1634630034697	mozrunner::runner	INFO	Running command: "C:\\Program Files\\Mozilla Firefox\\firefox.exe" "--marionette" "--headless" "-no-remote" "-profile" "C:\\Users\\6376~1.()\\AppData\\Local\\Temp\\rust_mozprofilenXUGch"
*** You are running in headless mode.
1634630035106	Marionette	INFO	Marionette enabled
[GFX1-]: RenderCompositorSWGL failed mapping default framebuffer, no dt
console.warn: SearchSettings: "get: No settings file exists, new profile?" (new NotFoundError("Could not open the file at C:\\Users\\\u041A.\u0411\u043E\u044F\u0440 (\u0412\u0442\u043E\u0440\u043E\u0439)\\AppData\\Local\\Temp\\rust_mozprofilenXUGch\\search.json.mozlz4", (void 0)))
1634630039400	Marionette	INFO	Listening on port 56970
1634630040135	RemoteAgent	WARN	TLS certificate errors will be ignored for this session
JavaScript warning: https://www.googletagmanager.com/gtm.js?id=GTM-5ZCP3HP, line 230: unreachable code after return statement
JavaScript warning: https://www.googletagmanager.com/gtm.js?id=GTM-5ZCP3HP, line 230: unreachable code after return statement
1634630049715	Marionette	INFO	Stopped listening on port 56970
JavaScript error: resource:///modules/Interactions.jsm, line 201: NS_ERROR_FAILURE: Component returned failure code: 0x80004005 (NS_ERROR_FAILURE) [nsIUserIdleService.removeIdleObserver]

###!!! [Parent][RunMessage] Error: Channel closing: too late to send/recv, messages will be lost

1634630095365	geckodriver	INFO	Listening on 127.0.0.1:62996
1634630098395	mozrunner::runner	INFO	Running command: "C:\\Program Files\\Mozilla Firefox\\firefox.exe" "--marionette" "--headless" "-no-remote" "-profile" "C:\\Users\\6376~1.()\\AppData\\Local\\Temp\\rust_mozprofilelz19g2"
*** You are running in headless mode.
1634630099516	Marionette	INFO	Marionette enabled
[GFX1-]: RenderCompositorSWGL failed mapping default framebuffer, no dt
console.warn: SearchSettings: "get: No settings file exists, new profile?" (new NotFoundError("Could not open the file at C:\\Users\\\u041A.\u0411\u043E\u044F\u0440 (\u0412\u0442\u043E\u0440\u043E\u0439)\\AppData\\Local\\Temp\\rust_mozprofilelz19g2\\search.json.mozlz4", (void 0)))
1634630102203	Marionette	INFO	Listening on port 58315
1634630102608	RemoteAgent	WARN	TLS certificate errors will be ignored for this session
JavaScript warning: https://www.googletagmanager.com/gtm.js?id=GTM-5ZCP3HP, line 235: unreachable code after return statement
JavaScript warning: https://www.googletagmanager.com/gtm.js?id=GTM-5ZCP3HP, line 235: unreachable code after return statement
1634630107897	Marionette	INFO	Stopped listening on port 58315
JavaScript error: resource:///modules/Interactions.jsm, line 201: NS_ERROR_FAILURE: Component returned failure code: 0x80004005 (NS_ERROR_FAILURE) [nsIUserIdleService.removeIdleObserver]
JavaScript error: resource://gre/modules/UrlClassifierListManager.jsm, line 691: TypeError: this.tablesData[table] is undefined

###!!! [Parent][RunMessage] Error: Channel closing: too late to send/recv, messages will be lost

1634630128580	geckodriver	INFO	Listening on 127.0.0.1:62107
1634630131606	mozrunner::runner	INFO	Running command: "C:\\Program Files\\Mozilla Firefox\\firefox.exe" "--marionette" "--headless" "-no-remote" "-profile" "C:\\Users\\6376~1.()\\AppData\\Local\\Temp\\rust_mozprofileg0tl4f"
*** You are running in headless mode.
1634630132004	Marionette	INFO	Marionette enabled
[GFX1-]: RenderCompositorSWGL failed mapping default framebuffer, no dt
console.warn: SearchSettings: "get: No settings file exists, new profile?" (new NotFoundError("Could not open the file at C:\\Users\\\u041A.\u0411\u043E\u044F\u0440 (\u0412\u0442\u043E\u0440\u043E\u0439)\\AppData\\Local\\Temp\\rust_mozprofileg0tl4f\\search.json.mozlz4", (void 0)))
1634630135100	Marionette	INFO	Listening on port 61408
1634630135364	RemoteAgent	WARN	TLS certificate errors will be ignored for this session
JavaScript warning: https://www.googletagmanager.com/gtm.js?id=GTM-5ZCP3HP, line 230: unreachable code after return statement
JavaScript warning: https://www.googletagmanager.com/gtm.js?id=GTM-5ZCP3HP, line 230: unreachable code after return statement
1634630144163	Marionette	INFO	Stopped listening on port 61408
JavaScript error: resource:///modules/Interactions.jsm, line 201: NS_ERROR_FAILURE: Component returned failure code: 0x80004005 (NS_ERROR_FAILURE) [nsIUserIdleService.removeIdleObserver]

###!!! [Parent][RunMessage] Error: Channel closing: too late to send/recv, messages will be lost

1634630379491	geckodriver	INFO	Listening on 127.0.0.1:62461
1634630382518	mozrunner::runner	INFO	Running command: "C:\\Program Files\\Mozilla Firefox\\firefox.exe" "--marionette" "--headless" "-no-remote" "-profile" "C:\\Users\\6376~1.()\\AppData\\Local\\Temp\\rust_mozprofileND0Y2o"
*** You are running in headless mode.
1634630383423	Marionette	INFO	Marionette enabled
[GFX1-]: RenderCompositorSWGL failed mapping default framebuffer, no dt
console.warn: SearchSettings: "get: No settings file exists, new profile?" (new NotFoundError("Could not open the file at C:\\Users\\\u041A.\u0411\u043E\u044F\u0440 (\u0412\u0442\u043E\u0440\u043E\u0439)\\AppData\\Local\\Temp\\rust_mozprofileND0Y2o\\search.json.mozlz4", (void 0)))
1634630386290	Marionette	INFO	Listening on port 64493
1634630386881	RemoteAgent	WARN	TLS certificate errors will be ignored for this session
JavaScript warning: https://www.googletagmanager.com/gtm.js?id=GTM-5ZCP3HP, line 235: unreachable code after return statement
JavaScript warning: https://www.googletagmanager.com/gtm.js?id=GTM-5ZCP3HP, line 235: unreachable code after return statement
1634630396595	Marionette	INFO	Stopped listening on port 64493
JavaScript error: resource:///modules/Interactions.jsm, line 201: NS_ERROR_FAILURE: Component returned failure code: 0x80004005 (NS_ERROR_FAILURE) [nsIUserIdleService.removeIdleObserver]

###!!! [Parent][RunMessage] Error: Channel closing: too late to send/recv, messages will be lost

1634630444791	geckodriver	INFO	Listening on 127.0.0.1:55325
1634630447841	mozrunner::runner	INFO	Running command: "C:\\Program Files\\Mozilla Firefox\\firefox.exe" "--marionette" "--headless" "-no-remote" "-profile" "C:\\Users\\6376~1.()\\AppData\\Local\\Temp\\rust_mozprofileziz80m"
*** You are running in headless mode.
1634630449047	Marionette	INFO	Marionette enabled
[GFX1-]: RenderCompositorSWGL failed mapping default framebuffer, no dt
console.warn: SearchSettings: "get: No settings file exists, new profile?" (new NotFoundError("Could not open the file at C:\\Users\\\u041A.\u0411\u043E\u044F\u0440 (\u0412\u0442\u043E\u0440\u043E\u0439)\\AppData\\Local\\Temp\\rust_mozprofileziz80m\\search.json.mozlz4", (void 0)))
1634630452078	Marionette	INFO	Listening on port 57084
1634630452383	RemoteAgent	WARN	TLS certificate errors will be ignored for this session
JavaScript warning: https://www.googletagmanager.com/gtm.js?id=GTM-5ZCP3HP, line 235: unreachable code after return statement
JavaScript warning: https://www.googletagmanager.com/gtm.js?id=GTM-5ZCP3HP, line 235: unreachable code after return statement
JavaScript warning: https://www.googletagmanager.com/gtm.js?id=GTM-5ZCP3HP, line 235: unreachable code after return statement
JavaScript warning: https://www.googletagmanager.com/gtm.js?id=GTM-5ZCP3HP, line 235: unreachable code after return statement
JavaScript warning: https://www.googletagmanager.com/gtm.js?id=GTM-5ZCP3HP, line 235: unreachable code after return statement
JavaScript warning: https://www.googletagmanager.com/gtm.js?id=GTM-5ZCP3HP, line 235: unreachable code after return statement
JavaScript warning: https://www.googletagmanager.com/gtm.js?id=GTM-5ZCP3HP, line 235: unreachable code after return statement
JavaScript warning: https://www.googletagmanager.com/gtm.js?id=GTM-5ZCP3HP, line 235: unreachable code after return statement
Marionette threw an error: NotFoundError: WindowGlobalParent.getActor: No such JSWindowActor 'MarionetteCommands'
getMarionetteCommandsActorProxy/get/<@chrome://remote/content/marionette/actors/MarionetteCommandsParent.jsm:326:65
unregisterCommandsActor@chrome://remote/content/marionette/actors/MarionetteCommandsParent.jsm:390:15
GeckoDriver.prototype.deleteSession@chrome://remote/content/marionette/driver.js:2141:3
onClosed@chrome://remote/content/marionette/server.js:209:17
close@chrome://remote/content/marionette/transport.js:221:18
onInputStreamReady@chrome://remote/content/marionette/transport.js:375:14

1634631085660	geckodriver	INFO	Listening on 127.0.0.1:51361
1634631088621	mozrunner::runner	INFO	Running command: "C:\\Program Files\\Mozilla Firefox\\firefox.exe" "--marionette" "--headless" "-no-remote" "-profile" "C:\\Users\\6376~1.()\\AppData\\Local\\Temp\\rust_mozprofileVZxLb6"
*** You are running in headless mode.
1634631089685	Marionette	INFO	Marionette enabled
[GFX1-]: RenderCompositorSWGL failed mapping default framebuffer, no dt
console.warn: SearchSettings: "get: No settings file exists, new profile?" (new NotFoundError("Could not open the file at C:\\Users\\\u041A.\u0411\u043E\u044F\u0440 (\u0412\u0442\u043E\u0440\u043E\u0439)\\AppData\\Local\\Temp\\rust_mozprofileVZxLb6\\search.json.mozlz4", (void 0)))
1634631094974	Marionette	INFO	Listening on port 49605
1634631095133	RemoteAgent	WARN	TLS certificate errors will be ignored for this session
JavaScript warning: https://www.googletagmanager.com/gtm.js?id=GTM-5ZCP3HP, line 235: unreachable code after return statement
JavaScript warning: https://www.googletagmanager.com/gtm.js?id=GTM-5ZCP3HP, line 235: unreachable code after return statement
JavaScript warning: https://www.googletagmanager.com/gtm.js?id=GTM-5ZCP3HP, line 235: unreachable code after return statement
JavaScript warning: https://www.googletagmanager.com/gtm.js?id=GTM-5ZCP3HP, line 235: unreachable code after return statement
JavaScript warning: https://www.googletagmanager.com/gtm.js?id=GTM-5ZCP3HP, line 235: unreachable code after return statement
JavaScript warning: https://www.googletagmanager.com/gtm.js?id=GTM-5ZCP3HP, line 235: unreachable code after return statement
JavaScript warning: https://www.googletagmanager.com/gtm.js?id=GTM-5ZCP3HP, line 235: unreachable code after return statement
JavaScript warning: https://www.googletagmanager.com/gtm.js?id=GTM-5ZCP3HP, line 235: unreachable code after return statement
1634631280072	Marionette	INFO	Stopped listening on port 49605
JavaScript error: resource:///modules/Interactions.jsm, line 201: NS_ERROR_FAILURE: Component returned failure code: 0x80004005 (NS_ERROR_FAILURE) [nsIUserIdleService.removeIdleObserver]
[Parent 17644, IPC I/O Parent] WARNING: file /builds/worker/checkouts/gecko/ipc/chromium/src/base/process_util_win.cc:167

###!!! [Parent][MessageChannel] Error: (msgtype=0x18000F,name=PBackgroundLSSnapshot::Msg___delete__) Channel error: cannot send/recv


###!!! [Parent][RunMessage] Error: Channel closing: too late to send/recv, messages will be lost

1634887851874	geckodriver	INFO	Listening on 127.0.0.1:50907
1634887854943	mozrunner::runner	INFO	Running command: "C:\\Program Files\\Mozilla Firefox\\firefox.exe" "--marionette" "--headless" "-no-remote" "-profile" "C:\\Users\\6376~1.()\\AppData\\Local\\Temp\\rust_mozprofileJPI2BL"
*** You are running in headless mode.
1634887855401	Marionette	INFO	Marionette enabled
[GFX1-]: RenderCompositorSWGL failed mapping default framebuffer, no dt
console.warn: SearchSettings: "get: No settings file exists, new profile?" (new NotFoundError("Could not open the file at C:\\Users\\\u041A.\u0411\u043E\u044F\u0440 (\u0412\u0442\u043E\u0440\u043E\u0439)\\AppData\\Local\\Temp\\rust_mozprofileJPI2BL\\search.json.mozlz4", (void 0)))
1634887860830	Marionette	INFO	Listening on port 50915
1634887861419	RemoteAgent	WARN	TLS certificate errors will be ignored for this session
JavaScript warning: https://www.googletagmanager.com/gtm.js?id=GTM-5ZCP3HP, line 257: unreachable code after return statement
JavaScript warning: https://www.googletagmanager.com/gtm.js?id=GTM-5ZCP3HP, line 257: unreachable code after return statement
JavaScript warning: https://www.googletagmanager.com/gtm.js?id=GTM-5ZCP3HP, line 257: unreachable code after return statement
JavaScript warning: https://www.googletagmanager.com/gtm.js?id=GTM-5ZCP3HP, line 257: unreachable code after return statement
JavaScript warning: https://www.googletagmanager.com/gtm.js?id=GTM-5ZCP3HP, line 257: unreachable code after return statement
JavaScript warning: https://www.googletagmanager.com/gtm.js?id=GTM-5ZCP3HP, line 257: unreachable code after return statement
JavaScript warning: https://www.googletagmanager.com/gtm.js?id=GTM-5ZCP3HP, line 257: unreachable code after return statement
JavaScript warning: https://www.googletagmanager.com/gtm.js?id=GTM-5ZCP3HP, line 257: unreachable code after return statement
1634888106955	Marionette	INFO	Stopped listening on port 50915
JavaScript error: resource:///modules/Interactions.jsm, line 201: NS_ERROR_FAILURE: Component returned failure code: 0x80004005 (NS_ERROR_FAILURE) [nsIUserIdleService.removeIdleObserver]
[Parent 10124, IPC I/O Parent] WARNING: file /builds/worker/checkouts/gecko/ipc/chromium/src/base/process_util_win.cc:167
[Parent 10124, IPC I/O Parent] WARNING: file /builds/worker/checkouts/gecko/ipc/chromium/src/base/process_util_win.cc:167

###!!! [Parent][RunMessage] Error: Channel closing: too late to send/recv, messages will be lost

1634973527701	geckodriver	INFO	Listening on 127.0.0.1:49975
1634973530503	mozrunner::runner	INFO	Running command: "C:\\Program Files\\Mozilla Firefox\\firefox.exe" "--marionette" "--headless" "-no-remote" "-profile" "C:\\Users\\6376~1.()\\AppData\\Local\\Temp\\rust_mozprofileXCNvl8"
*** You are running in headless mode.
1634973531364	Marionette	INFO	Marionette enabled
[GFX1-]: RenderCompositorSWGL failed mapping default framebuffer, no dt
console.warn: SearchSettings: "get: No settings file exists, new profile?" (new NotFoundError("Could not open the file at C:\\Users\\\u041A.\u0411\u043E\u044F\u0440 (\u0412\u0442\u043E\u0440\u043E\u0439)\\AppData\\Local\\Temp\\rust_mozprofileXCNvl8\\search.json.mozlz4", (void 0)))
1634973536534	Marionette	INFO	Listening on port 49983
1634973537416	RemoteAgent	WARN	TLS certificate errors will be ignored for this session
JavaScript warning: https://www.googletagmanager.com/gtm.js?id=GTM-5ZCP3HP, line 257: unreachable code after return statement
JavaScript warning: https://www.googletagmanager.com/gtm.js?id=GTM-5ZCP3HP, line 257: unreachable code after return statement
JavaScript warning: https://www.googletagmanager.com/gtm.js?id=GTM-5ZCP3HP, line 257: unreachable code after return statement
JavaScript warning: https://www.googletagmanager.com/gtm.js?id=GTM-5ZCP3HP, line 257: unreachable code after return statement
JavaScript warning: https://www.googletagmanager.com/gtm.js?id=GTM-5ZCP3HP, line 257: unreachable code after return statement
JavaScript warning: https://www.googletagmanager.com/gtm.js?id=GTM-5ZCP3HP, line 257: unreachable code after return statement
JavaScript warning: https://www.googletagmanager.com/gtm.js?id=GTM-5ZCP3HP, line 257: unreachable code after return statement
JavaScript warning: https://www.googletagmanager.com/gtm.js?id=GTM-5ZCP3HP, line 257: unreachable code after return statement
1634973736794	Marionette	INFO	Stopped listening on port 49983
JavaScript error: resource:///modules/Interactions.jsm, line 201: NS_ERROR_FAILURE: Component returned failure code: 0x80004005 (NS_ERROR_FAILURE) [nsIUserIdleService.removeIdleObserver]

###!!! [Child][MessageChannel] Error: (msgtype=0x59000C,name=PHttpChannel::Msg___delete__) Channel closing: too late to send/recv, messages will be lost


###!!! [Child][MessageChannel] Error: (msgtype=0x680023,name=PNecko::Msg_RemoveRequestContext) Channel closing: too late to send/recv, messages will be lost


###!!! [Parent][MessageChannel] Error: (msgtype=0x39007A,name=PContent::Msg_DestroyBrowsingContextGroup) Closed channel: cannot send/recv


###!!! [Parent][RunMessage] Error: Channel closing: too late to send/recv, messages will be lost

1635161932693	geckodriver	INFO	Listening on 127.0.0.1:54431
1635161935721	mozrunner::runner	INFO	Running command: "C:\\Program Files\\Mozilla Firefox\\firefox.exe" "--marionette" "--headless" "-no-remote" "-profile" "C:\\Users\\6376~1.()\\AppData\\Local\\Temp\\rust_mozprofileO0O8Zl"
*** You are running in headless mode.
1635161937265	Marionette	INFO	Marionette enabled
[GFX1-]: RenderCompositorSWGL failed mapping default framebuffer, no dt
console.warn: SearchSettings: "get: No settings file exists, new profile?" (new NotFoundError("Could not open the file at C:\\Users\\\u041A.\u0411\u043E\u044F\u0440 (\u0412\u0442\u043E\u0440\u043E\u0439)\\AppData\\Local\\Temp\\rust_mozprofileO0O8Zl\\search.json.mozlz4", (void 0)))
1635161940246	Marionette	INFO	Listening on port 54439
1635161940580	RemoteAgent	WARN	TLS certificate errors will be ignored for this session
JavaScript warning: https://www.googletagmanager.com/gtm.js?id=GTM-5ZCP3HP, line 257: unreachable code after return statement
JavaScript warning: https://www.googletagmanager.com/gtm.js?id=GTM-5ZCP3HP, line 257: unreachable code after return statement
JavaScript warning: https://www.googletagmanager.com/gtm.js?id=GTM-5ZCP3HP, line 257: unreachable code after return statement
JavaScript warning: https://www.googletagmanager.com/gtm.js?id=GTM-5ZCP3HP, line 257: unreachable code after return statement
JavaScript warning: https://www.googletagmanager.com/gtm.js?id=GTM-5ZCP3HP, line 257: unreachable code after return statement
JavaScript warning: https://www.googletagmanager.com/gtm.js?id=GTM-5ZCP3HP, line 257: unreachable code after return statement
JavaScript warning: https://www.googletagmanager.com/gtm.js?id=GTM-5ZCP3HP, line 257: unreachable code after return statement
JavaScript warning: https://www.googletagmanager.com/gtm.js?id=GTM-5ZCP3HP, line 257: unreachable code after return statement
1635162127131	Marionette	INFO	Stopped listening on port 54439
JavaScript error: resource:///modules/Interactions.jsm, line 201: NS_ERROR_FAILURE: Component returned failure code: 0x80004005 (NS_ERROR_FAILURE) [nsIUserIdleService.removeIdleObserver]

###!!! [Parent][MessageChannel] Error: (msgtype=0x39007A,name=PContent::Msg_DestroyBrowsingContextGroup) Closed channel: cannot send/recv


###!!! [Parent][RunMessage] Error: Channel closing: too late to send/recv, messages will be lost

1639988740557	geckodriver	INFO	Listening on 127.0.0.1:52178
1639988743636	mozrunner::runner	INFO	Running command: "C:\\Program Files\\Mozilla Firefox\\firefox.exe" "--marionette" "--headless" "--remote-debugging-port" "52179" "-no-remote" "-profile" "C:\\Users\\TEMPDE~1.001\\AppData\\Local\\Temp\\rust_mozprofilegOKBoD"
*** You are running in headless mode.
1639988744940	Marionette	INFO	Marionette enabled
[GFX1-]: RenderCompositorSWGL failed mapping default framebuffer, no dt
console.warn: SearchSettings: "get: No settings file exists, new profile?" (new NotFoundError("Could not open the file at C:\\Users\\TEMP.DESKTOP-QHK6G7M.001\\AppData\\Local\\Temp\\rust_mozprofilegOKBoD\\search.json.mozlz4", (void 0)))
DevTools listening on ws://localhost:52179/devtools/browser/85e92f8f-df09-4fab-ae21-6ee2ed9029d2
1639988746921	Marionette	INFO	Listening on port 52184
1639988747357	RemoteAgent	WARN	TLS certificate errors will be ignored for this session
Marionette threw an error: NotFoundError: WindowGlobalParent.getActor: No such JSWindowActor 'MarionetteCommands'
getMarionetteCommandsActorProxy/get/<@chrome://remote/content/marionette/actors/MarionetteCommandsParent.jsm:326:65
unregisterCommandsActor@chrome://remote/content/marionette/actors/MarionetteCommandsParent.jsm:390:15
GeckoDriver.prototype.deleteSession@chrome://remote/content/marionette/driver.js:2110:3
onClosed@chrome://remote/content/marionette/server.js:209:17
close@chrome://remote/content/marionette/transport.js:221:18
onInputStreamReady@chrome://remote/content/marionette/transport.js:375:14

1639989222419	geckodriver	INFO	Listening on 127.0.0.1:52324
1639989225049	mozrunner::runner	INFO	Running command: "C:\\Program Files\\Mozilla Firefox\\firefox.exe" "--marionette" "--headless" "--remote-debugging-port" "52325" "-no-remote" "-profile" "C:\\Users\\TEMPDE~1.001\\AppData\\Local\\Temp\\rust_mozprofileVm5Zgq"
*** You are running in headless mode.
1639989225847	Marionette	INFO	Marionette enabled
[GFX1-]: RenderCompositorSWGL failed mapping default framebuffer, no dt
console.warn: SearchSettings: "get: No settings file exists, new profile?" (new NotFoundError("Could not open the file at C:\\Users\\TEMP.DESKTOP-QHK6G7M.001\\AppData\\Local\\Temp\\rust_mozprofileVm5Zgq\\search.json.mozlz4", (void 0)))
DevTools listening on ws://localhost:52325/devtools/browser/2b839276-4cea-4e64-9410-4342df3f6fd9
1639989227728	Marionette	INFO	Listening on port 52330
1639989228252	RemoteAgent	WARN	TLS certificate errors will be ignored for this session
1639989228282	Marionette	INFO	Stopped listening on port 52330
1639989253060	geckodriver	INFO	Listening on 127.0.0.1:52363
1639989256091	mozrunner::runner	INFO	Running command: "C:\\Program Files\\Mozilla Firefox\\firefox.exe" "--marionette" "--headless" "--remote-debugging-port" "52364" "-no-remote" "-profile" "C:\\Users\\TEMPDE~1.001\\AppData\\Local\\Temp\\rust_mozprofileGvJb2U"
*** You are running in headless mode.
1639989256499	Marionette	INFO	Marionette enabled
[GFX1-]: RenderCompositorSWGL failed mapping default framebuffer, no dt
console.warn: SearchSettings: "get: No settings file exists, new profile?" (new NotFoundError("Could not open the file at C:\\Users\\TEMP.DESKTOP-QHK6G7M.001\\AppData\\Local\\Temp\\rust_mozprofileGvJb2U\\search.json.mozlz4", (void 0)))
DevTools listening on ws://localhost:52364/devtools/browser/ebbe534a-a3fd-4bd6-9671-9e94cc83ad01
1639989258073	Marionette	INFO	Listening on port 52369
1639989258175	RemoteAgent	WARN	TLS certificate errors will be ignored for this session
1639989266974	Marionette	INFO	Stopped listening on port 52369

###!!! [Parent][MessageChannel] Error: (msgtype=0x39014D,name=PContent::Reply_DiscardBrowsingContext) Closed channel: cannot send/recv


###!!! [Parent][MessageChannel] Error: (msgtype=0x39007A,name=PContent::Msg_DestroyBrowsingContextGroup) Closed channel: cannot send/recv


###!!! [Child][RunMessage] Error: Channel closing: too late to send/recv, messages will be lost


###!!! [Child][RunMessage] Error: Channel closing: too late to send/recv, messages will be lost


###!!! [Parent][RunMessage] Error: Channel closing: too late to send/recv, messages will be lost

1639989313808	geckodriver	INFO	Listening on 127.0.0.1:52439
1639989316686	mozrunner::runner	INFO	Running command: "C:\\Program Files\\Mozilla Firefox\\firefox.exe" "--marionette" "--headless" "--remote-debugging-port" "52440" "-no-remote" "-profile" "C:\\Users\\TEMPDE~1.001\\AppData\\Local\\Temp\\rust_mozprofileOhXX3u"
*** You are running in headless mode.
1639989317228	Marionette	INFO	Marionette enabled
[GFX1-]: RenderCompositorSWGL failed mapping default framebuffer, no dt
console.warn: SearchSettings: "get: No settings file exists, new profile?" (new NotFoundError("Could not open the file at C:\\Users\\TEMP.DESKTOP-QHK6G7M.001\\AppData\\Local\\Temp\\rust_mozprofileOhXX3u\\search.json.mozlz4", (void 0)))
DevTools listening on ws://localhost:52440/devtools/browser/31149214-390d-436f-992e-e32b79f2d214
1639989318776	Marionette	INFO	Listening on port 52445
1639989318864	RemoteAgent	WARN	TLS certificate errors will be ignored for this session
1639989378065	Marionette	INFO	Stopped listening on port 52445

###!!! [Parent][RunMessage] Error: Channel closing: too late to send/recv, messages will be lost

1639989545268	geckodriver	INFO	Listening on 127.0.0.1:52523
1639989548132	mozrunner::runner	INFO	Running command: "C:\\Program Files\\Mozilla Firefox\\firefox.exe" "--marionette" "--headless" "--remote-debugging-port" "52524" "-no-remote" "-profile" "C:\\Users\\TEMPDE~1.001\\AppData\\Local\\Temp\\rust_mozprofileRJjvSR"
*** You are running in headless mode.
1639989548680	Marionette	INFO	Marionette enabled
[GFX1-]: RenderCompositorSWGL failed mapping default framebuffer, no dt
console.warn: SearchSettings: "get: No settings file exists, new profile?" (new NotFoundError("Could not open the file at C:\\Users\\TEMP.DESKTOP-QHK6G7M.001\\AppData\\Local\\Temp\\rust_mozprofileRJjvSR\\search.json.mozlz4", (void 0)))
DevTools listening on ws://localhost:52524/devtools/browser/cc8d2e7e-bc0c-4110-b02c-38c43394d26e
1639989550106	Marionette	INFO	Listening on port 52529
1639989550193	RemoteAgent	WARN	TLS certificate errors will be ignored for this session
Marionette threw an error: NotFoundError: WindowGlobalParent.getActor: No such JSWindowActor 'MarionetteCommands'
getMarionetteCommandsActorProxy/get/<@chrome://remote/content/marionette/actors/MarionetteCommandsParent.jsm:326:65
unregisterCommandsActor@chrome://remote/content/marionette/actors/MarionetteCommandsParent.jsm:390:15
GeckoDriver.prototype.deleteSession@chrome://remote/content/marionette/driver.js:2110:3
onClosed@chrome://remote/content/marionette/server.js:209:17
close@chrome://remote/content/marionette/transport.js:221:18
onInputStreamReady@chrome://remote/content/marionette/transport.js:375:14

1639989660246	geckodriver	INFO	Listening on 127.0.0.1:52577
1639989663130	mozrunner::runner	INFO	Running command: "C:\\Program Files\\Mozilla Firefox\\firefox.exe" "--marionette" "--headless" "--remote-debugging-port" "52578" "-no-remote" "-profile" "C:\\Users\\TEMPDE~1.001\\AppData\\Local\\Temp\\rust_mozprofileXplilj"
*** You are running in headless mode.
1639989663752	Marionette	INFO	Marionette enabled
[GFX1-]: RenderCompositorSWGL failed mapping default framebuffer, no dt
console.warn: SearchSettings: "get: No settings file exists, new profile?" (new NotFoundError("Could not open the file at C:\\Users\\TEMP.DESKTOP-QHK6G7M.001\\AppData\\Local\\Temp\\rust_mozprofileXplilj\\search.json.mozlz4", (void 0)))
DevTools listening on ws://localhost:52578/devtools/browser/db950baa-2c6c-48bb-ab3f-6c932ebeefd5
1639989665458	Marionette	INFO	Listening on port 52583
1639989665817	RemoteAgent	WARN	TLS certificate errors will be ignored for this session
Marionette threw an error: NotFoundError: WindowGlobalParent.getActor: No such JSWindowActor 'MarionetteCommands'
getMarionetteCommandsActorProxy/get/<@chrome://remote/content/marionette/actors/MarionetteCommandsParent.jsm:326:65
unregisterCommandsActor@chrome://remote/content/marionette/actors/MarionetteCommandsParent.jsm:390:15
GeckoDriver.prototype.deleteSession@chrome://remote/content/marionette/driver.js:2110:3
onClosed@chrome://remote/content/marionette/server.js:209:17
close@chrome://remote/content/marionette/transport.js:221:18
onInputStreamReady@chrome://remote/content/marionette/transport.js:375:14

1640079904041	geckodriver	INFO	Listening on 127.0.0.1:62064
1640079906723	mozrunner::runner	INFO	Running command: "C:\\Program Files\\Mozilla Firefox\\firefox.exe" "--marionette" "--headless" "--remote-debugging-port" "62065" "-no-remote" "-profile" "C:\\Users\\TEMPDE~1.001\\AppData\\Local\\Temp\\rust_mozprofileGmrcys"
*** You are running in headless mode.
1640079907748	Marionette	INFO	Marionette enabled
[GFX1-]: RenderCompositorSWGL failed mapping default framebuffer, no dt
console.warn: SearchSettings: "get: No settings file exists, new profile?" (new NotFoundError("Could not open the file at C:\\Users\\TEMP.DESKTOP-QHK6G7M.001\\AppData\\Local\\Temp\\rust_mozprofileGmrcys\\search.json.mozlz4", (void 0)))
DevTools listening on ws://localhost:62065/devtools/browser/79607680-5652-4437-adaa-5b0b3896dcd4
1640079909865	Marionette	INFO	Listening on port 62070
1640079909932	RemoteAgent	WARN	TLS certificate errors will be ignored for this session
1640079919956	Marionette	INFO	Stopped listening on port 62070
[Parent 18260, IPC I/O Parent] WARNING: file /builds/worker/checkouts/gecko/ipc/chromium/src/base/process_util_win.cc:167

###!!! [Child][MessageChannel] Error: (msgtype=0x59000C,name=PHttpChannel::Msg___delete__) Channel closing: too late to send/recv, messages will be lost


###!!! [Child][MessageChannel] Error: (msgtype=0x680023,name=PNecko::Msg_RemoveRequestContext) Channel closing: too late to send/recv, messages will be lost


###!!! [Parent][RunMessage] Error: Channel closing: too late to send/recv, messages will be lost

1640079980675	geckodriver	INFO	Listening on 127.0.0.1:62140
1640079983499	mozrunner::runner	INFO	Running command: "C:\\Program Files\\Mozilla Firefox\\firefox.exe" "--marionette" "--headless" "--remote-debugging-port" "62141" "-no-remote" "-profile" "C:\\Users\\TEMPDE~1.001\\AppData\\Local\\Temp\\rust_mozprofile7YhCTO"
*** You are running in headless mode.
1640079984345	Marionette	INFO	Marionette enabled
[GFX1-]: RenderCompositorSWGL failed mapping default framebuffer, no dt
console.warn: SearchSettings: "get: No settings file exists, new profile?" (new NotFoundError("Could not open the file at C:\\Users\\TEMP.DESKTOP-QHK6G7M.001\\AppData\\Local\\Temp\\rust_mozprofile7YhCTO\\search.json.mozlz4", (void 0)))
DevTools listening on ws://localhost:62141/devtools/browser/4b9c225e-53b2-4659-8d32-f8db2e1f71ff
1640079986589	Marionette	INFO	Listening on port 62146
1640079986707	RemoteAgent	WARN	TLS certificate errors will be ignored for this session
1640079992512	Marionette	INFO	Stopped listening on port 62146

###!!! [Parent][RunMessage] Error: Channel closing: too late to send/recv, messages will be lost

1640080055239	geckodriver	INFO	Listening on 127.0.0.1:62223
1640080058063	mozrunner::runner	INFO	Running command: "C:\\Program Files\\Mozilla Firefox\\firefox.exe" "--marionette" "--headless" "--remote-debugging-port" "62224" "-no-remote" "-profile" "C:\\Users\\TEMPDE~1.001\\AppData\\Local\\Temp\\rust_mozprofileeAdQpo"
*** You are running in headless mode.
1640080058779	Marionette	INFO	Marionette enabled
[GFX1-]: RenderCompositorSWGL failed mapping default framebuffer, no dt
console.warn: SearchSettings: "get: No settings file exists, new profile?" (new NotFoundError("Could not open the file at C:\\Users\\TEMP.DESKTOP-QHK6G7M.001\\AppData\\Local\\Temp\\rust_mozprofileeAdQpo\\search.json.mozlz4", (void 0)))
DevTools listening on ws://localhost:62224/devtools/browser/83a90d31-873d-417d-8d70-2a1db022993b
1640080060397	Marionette	INFO	Listening on port 62229
1640080060753	RemoteAgent	WARN	TLS certificate errors will be ignored for this session
1640080066762	Marionette	INFO	Stopped listening on port 62229

###!!! [Parent][RunMessage] Error: Channel closing: too late to send/recv, messages will be lost

1640080101388	geckodriver	INFO	Listening on 127.0.0.1:62303
1640080104248	mozrunner::runner	INFO	Running command: "C:\\Program Files\\Mozilla Firefox\\firefox.exe" "--marionette" "--headless" "--remote-debugging-port" "62304" "-no-remote" "-profile" "C:\\Users\\TEMPDE~1.001\\AppData\\Local\\Temp\\rust_mozprofilefOzE4W"
*** You are running in headless mode.
1640080104585	Marionette	INFO	Marionette enabled
[GFX1-]: RenderCompositorSWGL failed mapping default framebuffer, no dt
console.warn: SearchSettings: "get: No settings file exists, new profile?" (new NotFoundError("Could not open the file at C:\\Users\\TEMP.DESKTOP-QHK6G7M.001\\AppData\\Local\\Temp\\rust_mozprofilefOzE4W\\search.json.mozlz4", (void 0)))
DevTools listening on ws://localhost:62304/devtools/browser/f7956378-676a-4aee-858f-fc32ac4aeb3c
1640080105919	Marionette	INFO	Listening on port 62316
1640080106310	RemoteAgent	WARN	TLS certificate errors will be ignored for this session
1640080344394	Marionette	INFO	Stopped listening on port 62316

###!!! [Parent][MessageChannel] Error: (msgtype=0x39014D,name=PContent::Reply_DiscardBrowsingContext) Closed channel: cannot send/recv


###!!! [Child][RunMessage] Error: Channel closing: too late to send/recv, messages will be lost


###!!! [Child][RunMessage] Error: Channel closing: too late to send/recv, messages will be lost


###!!! [Parent][MessageChannel] Error: (msgtype=0x39007A,name=PContent::Msg_DestroyBrowsingContextGroup) Closed channel: cannot send/recv


###!!! [Parent][RunMessage] Error: Channel closing: too late to send/recv, messages will be lost

1640080373377	geckodriver	INFO	Listening on 127.0.0.1:62463
1640080376207	mozrunner::runner	INFO	Running command: "C:\\Program Files\\Mozilla Firefox\\firefox.exe" "--marionette" "--headless" "--remote-debugging-port" "62464" "-no-remote" "-profile" "C:\\Users\\TEMPDE~1.001\\AppData\\Local\\Temp\\rust_mozprofileV0Qqgu"
*** You are running in headless mode.
1640080377112	Marionette	INFO	Marionette enabled
[GFX1-]: RenderCompositorSWGL failed mapping default framebuffer, no dt
console.warn: SearchSettings: "get: No settings file exists, new profile?" (new NotFoundError("Could not open the file at C:\\Users\\TEMP.DESKTOP-QHK6G7M.001\\AppData\\Local\\Temp\\rust_mozprofileV0Qqgu\\search.json.mozlz4", (void 0)))
DevTools listening on ws://localhost:62464/devtools/browser/f2c4e4eb-b1fa-46c6-9d84-21bc35653854
1640080378938	Marionette	INFO	Listening on port 62469
1640080379409	RemoteAgent	WARN	TLS certificate errors will be ignored for this session
1640080613162	Marionette	INFO	Stopped listening on port 62469

###!!! [Child][RunMessage] Error: Channel closing: too late to send/recv, messages will be lost


###!!! [Child][RunMessage] Error: Channel closing: too late to send/recv, messages will be lost


###!!! [Child][RunMessage] Error: Channel closing: too late to send/recv, messages will be lost


###!!! [Parent][MessageChannel] Error: (msgtype=0x39014D,name=PContent::Reply_DiscardBrowsingContext) Closed channel: cannot send/recv


###!!! [Parent][MessageChannel] Error: (msgtype=0x39007A,name=PContent::Msg_DestroyBrowsingContextGroup) Closed channel: cannot send/recv


###!!! [Parent][RunMessage] Error: Channel closing: too late to send/recv, messages will be lost

1640080647475	geckodriver	INFO	Listening on 127.0.0.1:53494
1640080650313	mozrunner::runner	INFO	Running command: "C:\\Program Files\\Mozilla Firefox\\firefox.exe" "--marionette" "--headless" "--remote-debugging-port" "53495" "-no-remote" "-profile" "C:\\Users\\TEMPDE~1.001\\AppData\\Local\\Temp\\rust_mozprofileoZZNfZ"
*** You are running in headless mode.
1640080651205	Marionette	INFO	Marionette enabled
[GFX1-]: RenderCompositorSWGL failed mapping default framebuffer, no dt
console.warn: SearchSettings: "get: No settings file exists, new profile?" (new NotFoundError("Could not open the file at C:\\Users\\TEMP.DESKTOP-QHK6G7M.001\\AppData\\Local\\Temp\\rust_mozprofileoZZNfZ\\search.json.mozlz4", (void 0)))
DevTools listening on ws://localhost:53495/devtools/browser/2a8d96f8-b5b6-41db-ae61-30522f32e5b8
1640080653559	Marionette	INFO	Listening on port 53502
1640080654021	RemoteAgent	WARN	TLS certificate errors will be ignored for this session
1640080897286	Marionette	INFO	Stopped listening on port 53502

###!!! [Parent][MessageChannel] Error: (msgtype=0x39007A,name=PContent::Msg_DestroyBrowsingContextGroup) Closed channel: cannot send/recv


###!!! [Parent][MessageChannel] Error: (msgtype=0x39014D,name=PContent::Reply_DiscardBrowsingContext) Closed channel: cannot send/recv

1640080974582	geckodriver	INFO	Listening on 127.0.0.1:53623
1640080977454	mozrunner::runner	INFO	Running command: "C:\\Program Files\\Mozilla Firefox\\firefox.exe" "--marionette" "--headless" "--remote-debugging-port" "53624" "-no-remote" "-profile" "C:\\Users\\TEMPDE~1.001\\AppData\\Local\\Temp\\rust_mozprofilejHcsxW"
*** You are running in headless mode.
1640080978266	Marionette	INFO	Marionette enabled
[GFX1-]: RenderCompositorSWGL failed mapping default framebuffer, no dt
console.warn: SearchSettings: "get: No settings file exists, new profile?" (new NotFoundError("Could not open the file at C:\\Users\\TEMP.DESKTOP-QHK6G7M.001\\AppData\\Local\\Temp\\rust_mozprofilejHcsxW\\search.json.mozlz4", (void 0)))
DevTools listening on ws://localhost:53624/devtools/browser/1c23c01a-6830-4380-bbad-9b0bcbd55528
1640080980679	Marionette	INFO	Listening on port 53629
1640080981172	RemoteAgent	WARN	TLS certificate errors will be ignored for this session
1640081210232	Marionette	INFO	Stopped listening on port 53629

###!!! [Child][RunMessage] Error: Channel closing: too late to send/recv, messages will be lost


###!!! [Parent][MessageChannel] Error: (msgtype=0x39014D,name=PContent::Reply_DiscardBrowsingContext) Closed channel: cannot send/recv


###!!! [Child][RunMessage] Error: Channel closing: too late to send/recv, messages will be lost


###!!! [Child][RunMessage] Error: Channel closing: too late to send/recv, messages will be lost


###!!! [Parent][MessageChannel] Error: (msgtype=0x39007A,name=PContent::Msg_DestroyBrowsingContextGroup) Closed channel: cannot send/recv


###!!! [Parent][RunMessage] Error: Channel closing: too late to send/recv, messages will be lost

